# JRE version: OpenJDK Runtime Environment Temurin-21.0.12.1+1 (21.0.12.1+1) (build 21.0.12.1+1-LTS)
# Java VM: OpenJDK 64-Bit Server VM Temurin-21.0.12.1+1 (21.0.12.1+1-LTS, mixed mode, sharing, tiered, compressed oops, compressed class ptrs, parallel gc, windows-amd64)
GC Precious Log:
 CardTable entry size: 512
 CPUs: 8 total, 8 available
 Memory: 3982M
 Large Page Support: Disabled
 NUMA Support: Disabled
 Compressed Oops: Enabled (Zero based)
 Alignments: Space 512K, Generation 512K, Heap 2M
 Heap Min Capacity: 100M
 Heap Initial Capacity: 100M
 Heap Max Capacity: 8G
 Pre-touch: Disabled
 Parallel Workers: 8
Heap:
 PSYoungGen      total 9728K, used 6752K [0x0000000755580000, 0x0000000756280000, 0x0000000800000000)
  eden space 5120K, 78% used [0x0000000755580000,0x00000007559684e8,0x0000000755a80000)
  from space 4608K, 59% used [0x0000000755a80000,0x0000000755d2fe70,0x0000000755f00000)
  to   space 3584K, 0% used [0x0000000755f00000,0x0000000755f00000,0x0000000756280000)
 ParOldGen       total 448512K, used 448087K [0x0000000600000000, 0x000000061b600000, 0x0000000755580000)
  object space 448512K, 99% used [0x0000000600000000,0x000000061b595ff0,0x000000061b600000)
 Metaspace       used 68105K, committed 69440K, reserved 1114112K
  class space    used 7213K, committed 7808K, reserved 1048576K
GC Heap History (20 events):
Event: 302.589 GC heap before
{Heap before GC invocations=393 (full 3):
 PSYoungGen      total 2560K, used 2349K [0x0000000755580000, 0x0000000755900000, 0x0000000800000000)
  eden space 1536K, 100% used [0x0000000755580000,0x0000000755700000,0x0000000755700000)
  from space 1024K, 79% used [0x0000000755700000,0x00000007557cb7f0,0x0000000755800000)
  to   space 1024K, 0% used [0x0000000755800000,0x0000000755800000,0x0000000755900000)
 ParOldGen       total 435200K, used 434949K [0x0000000600000000, 0x000000061a900000, 0x0000000755580000)
  object space 435200K, 99% used [0x0000000600000000,0x000000061a8c1608,0x000000061a900000)
 Metaspace       used 68052K, committed 69376K, reserved 1114112K
  class space    used 7212K, committed 7808K, reserved 1048576K
}
Event: 302.592 GC heap after
{Heap after GC invocations=393 (full 3):
 PSYoungGen      total 2560K, used 576K [0x0000000755580000, 0x0000000755900000, 0x0000000800000000)
  eden space 1536K, 0% used [0x0000000755580000,0x0000000755580000,0x0000000755700000)
  from space 1024K, 56% used [0x0000000755800000,0x0000000755890000,0x0000000755900000)
  to   space 1024K, 0% used [0x0000000755700000,0x0000000755700000,0x0000000755800000)
 ParOldGen       total 435712K, used 435540K [0x0000000600000000, 0x000000061a980000, 0x0000000755580000)
  object space 435712K, 99% used [0x0000000600000000,0x000000061a955148,0x000000061a980000)
 Metaspace       used 68052K, committed 69376K, reserved 1114112K
  class space    used 7212K, committed 7808K, reserved 1048576K
}
Event: 302.599 GC heap before
{Heap before GC invocations=394 (full 3):
 PSYoungGen      total 2560K, used 2112K [0x0000000755580000, 0x0000000755900000, 0x0000000800000000)
  eden space 1536K, 100% used [0x0000000755580000,0x0000000755700000,0x0000000755700000)
  from space 1024K, 56% used [0x0000000755800000,0x0000000755890000,0x0000000755900000)
  to   space 1024K, 0% used [0x0000000755700000,0x0000000755700000,0x0000000755800000)
 ParOldGen       total 435712K, used 435540K [0x0000000600000000, 0x000000061a980000, 0x0000000755580000)
  object space 435712K, 99% used [0x0000000600000000,0x000000061a955148,0x000000061a980000)
 Metaspace       used 68052K, committed 69376K, reserved 1114112K
  class space    used 7212K, committed 7808K, reserved 1048576K
}
Event: 302.602 GC heap after
{Heap after GC invocations=394 (full 3):
 PSYoungGen      total 2560K, used 608K [0x0000000755580000, 0x0000000755980000, 0x0000000800000000)
  eden space 1536K, 0% used [0x0000000755580000,0x0000000755580000,0x0000000755700000)
  from space 1024K, 59% used [0x0000000755700000,0x0000000755798000,0x0000000755800000)
  to   space 1024K, 0% used [0x0000000755880000,0x0000000755880000,0x0000000755980000)
 ParOldGen       total 436224K, used 436052K [0x0000000600000000, 0x000000061aa00000, 0x0000000755580000)
  object space 436224K, 99% used [0x0000000600000000,0x000000061a9d5148,0x000000061aa00000)
 Metaspace       used 68052K, committed 69376K, reserved 1114112K
  class space    used 7212K, committed 7808K, reserved 1048576K
}
Event: 302.607 GC heap before
{Heap before GC invocations=395 (full 3):
 PSYoungGen      total 2560K, used 2143K [0x0000000755580000, 0x0000000755980000, 0x0000000800000000)
  eden space 1536K, 99% used [0x0000000755580000,0x00000007556fffb8,0x0000000755700000)
  from space 1024K, 59% used [0x0000000755700000,0x0000000755798000,0x0000000755800000)
  to   space 1024K, 0% used [0x0000000755880000,0x0000000755880000,0x0000000755980000)
 ParOldGen       total 436224K, used 436052K [0x0000000600000000, 0x000000061aa00000, 0x0000000755580000)
  object space 436224K, 99% used [0x0000000600000000,0x000000061a9d5148,0x000000061aa00000)
 Metaspace       used 68052K, committed 69376K, reserved 1114112K
  class space    used 7212K, committed 7808K, reserved 1048576K
}
Event: 302.611 GC heap after
{Heap after GC invocations=395 (full 3):
 PSYoungGen      total 3072K, used 576K [0x0000000755580000, 0x0000000755980000, 0x0000000800000000)
  eden space 2048K, 0% used [0x0000000755580000,0x0000000755580000,0x0000000755780000)
  from space 1024K, 56% used [0x0000000755880000,0x0000000755910000,0x0000000755980000)
  to   space 1024K, 0% used [0x0000000755780000,0x0000000755780000,0x0000000755880000)
 ParOldGen       total 436736K, used 436556K [0x0000000600000000, 0x000000061aa80000, 0x0000000755580000)
  object space 436736K, 99% used [0x0000000600000000,0x000000061aa53148,0x000000061aa80000)
 Metaspace       used 68052K, committed 69376K, reserved 1114112K
  class space    used 7212K, committed 7808K, reserved 1048576K
}
Event: 302.617 GC heap before
{Heap before GC invocations=396 (full 3):
 PSYoungGen      total 3072K, used 2623K [0x0000000755580000, 0x0000000755980000, 0x0000000800000000)
  eden space 2048K, 99% used [0x0000000755580000,0x000000075577ffe8,0x0000000755780000)
  from space 1024K, 56% used [0x0000000755880000,0x0000000755910000,0x0000000755980000)
  to   space 1024K, 0% used [0x0000000755780000,0x0000000755780000,0x0000000755880000)
 ParOldGen       total 436736K, used 436556K [0x0000000600000000, 0x000000061aa80000, 0x0000000755580000)
  object space 436736K, 99% used [0x0000000600000000,0x000000061aa53148,0x000000061aa80000)
 Metaspace       used 68052K, committed 69376K, reserved 1114112K
  class space    used 7212K, committed 7808K, reserved 1048576K
}
Event: 302.619 GC heap after
{Heap after GC invocations=396 (full 3):
 PSYoungGen      total 3072K, used 768K [0x0000000755580000, 0x0000000755a00000, 0x0000000800000000)
  eden space 2048K, 0% used [0x0000000755580000,0x0000000755580000,0x0000000755780000)
  from space 1024K, 75% used [0x0000000755780000,0x0000000755840000,0x0000000755880000)
  to   space 1024K, 0% used [0x0000000755900000,0x0000000755900000,0x0000000755a00000)
 ParOldGen       total 437248K, used 437084K [0x0000000600000000, 0x000000061ab00000, 0x0000000755580000)
  object space 437248K, 99% used [0x0000000600000000,0x000000061aad7148,0x000000061ab00000)
 Metaspace       used 68052K, committed 69376K, reserved 1114112K
  class space    used 7212K, committed 7808K, reserved 1048576K
}
Event: 302.625 GC heap before
{Heap before GC invocations=397 (full 3):
 PSYoungGen      total 3072K, used 2816K [0x0000000755580000, 0x0000000755a00000, 0x0000000800000000)
  eden space 2048K, 100% used [0x0000000755580000,0x0000000755780000,0x0000000755780000)
  from space 1024K, 75% used [0x0000000755780000,0x0000000755840000,0x0000000755880000)
  to   space 1024K, 0% used [0x0000000755900000,0x0000000755900000,0x0000000755a00000)
 ParOldGen       total 437248K, used 437084K [0x0000000600000000, 0x000000061ab00000, 0x0000000755580000)
  object space 437248K, 99% used [0x0000000600000000,0x000000061aad7148,0x000000061ab00000)
 Metaspace       used 68052K, committed 69376K, reserved 1114112K
  class space    used 7212K, committed 7808K, reserved 1048576K
}
Event: 302.628 GC heap after
{Heap after GC invocations=397 (full 3):
 PSYoungGen      total 3584K, used 768K [0x0000000755580000, 0x0000000755a00000, 0x0000000800000000)
  eden space 2560K, 0% used [0x0000000755580000,0x0000000755580000,0x0000000755800000)
  from space 1024K, 75% used [0x0000000755900000,0x00000007559c0000,0x0000000755a00000)
  to   space 1024K, 0% used [0x0000000755800000,0x0000000755800000,0x0000000755900000)
 ParOldGen       total 438272K, used 437780K [0x0000000600000000, 0x000000061ac00000, 0x0000000755580000)
  object space 438272K, 99% used [0x0000000600000000,0x000000061ab85148,0x000000061ac00000)
 Metaspace       used 68052K, committed 69376K, reserved 1114112K
  class space    used 7212K, committed 7808K, reserved 1048576K
}
Event: 302.636 GC heap before
{Heap before GC invocations=398 (full 3):
 PSYoungGen      total 3584K, used 3328K [0x0000000755580000, 0x0000000755a00000, 0x0000000800000000)
  eden space 2560K, 100% used [0x0000000755580000,0x0000000755800000,0x0000000755800000)
  from space 1024K, 75% used [0x0000000755900000,0x00000007559c0000,0x0000000755a00000)
  to   space 1024K, 0% used [0x0000000755800000,0x0000000755800000,0x0000000755900000)
 ParOldGen       total 438272K, used 437780K [0x0000000600000000, 0x000000061ac00000, 0x0000000755580000)
  object space 438272K, 99% used [0x0000000600000000,0x000000061ab85148,0x000000061ac00000)
 Metaspace       used 68053K, committed 69376K, reserved 1114112K
  class space    used 7212K, committed 7808K, reserved 1048576K
}
Event: 302.639 GC heap after
{Heap after GC invocations=398 (full 3):
 PSYoungGen      total 3584K, used 1014K [0x0000000755580000, 0x0000000756080000, 0x0000000800000000)
  eden space 2560K, 0% used [0x0000000755580000,0x0000000755580000,0x0000000755800000)
  from space 1024K, 99% used [0x0000000755800000,0x00000007558fdb90,0x0000000755900000)
  to   space 4096K, 0% used [0x0000000755c80000,0x0000000755c80000,0x0000000756080000)
 ParOldGen       total 440320K, used 439948K [0x0000000600000000, 0x000000061ae00000, 0x0000000755580000)
  object space 440320K, 99% used [0x0000000600000000,0x000000061ada3148,0x000000061ae00000)
 Metaspace       used 68053K, committed 69376K, reserved 1114112K
  class space    used 7212K, committed 7808K, reserved 1048576K
}
Event: 302.649 GC heap before
{Heap before GC invocations=399 (full 3):
 PSYoungGen      total 3584K, used 3574K [0x0000000755580000, 0x0000000756080000, 0x0000000800000000)
  eden space 2560K, 100% used [0x0000000755580000,0x0000000755800000,0x0000000755800000)
  from space 1024K, 99% used [0x0000000755800000,0x00000007558fdb90,0x0000000755900000)
  to   space 4096K, 0% used [0x0000000755c80000,0x0000000755c80000,0x0000000756080000)
 ParOldGen       total 440320K, used 439948K [0x0000000600000000, 0x000000061ae00000, 0x0000000755580000)
  object space 440320K, 99% used [0x0000000600000000,0x000000061ada3148,0x000000061ae00000)
 Metaspace       used 68053K, committed 69376K, reserved 1114112K
  class space    used 7212K, committed 7808K, reserved 1048576K
}
Event: 302.653 GC heap after
{Heap after GC invocations=399 (full 3):
 PSYoungGen      total 6144K, used 2688K [0x0000000755580000, 0x0000000755f80000, 0x0000000800000000)
  eden space 3072K, 0% used [0x0000000755580000,0x0000000755580000,0x0000000755880000)
  from space 3072K, 87% used [0x0000000755c80000,0x0000000755f20000,0x0000000755f80000)
  to   space 3072K, 0% used [0x0000000755980000,0x0000000755980000,0x0000000755c80000)
 ParOldGen       total 441344K, used 440979K [0x0000000600000000, 0x000000061af00000, 0x0000000755580000)
  object space 441344K, 99% used [0x0000000600000000,0x000000061aea4cd8,0x000000061af00000)
 Metaspace       used 68053K, committed 69376K, reserved 1114112K
  class space    used 7212K, committed 7808K, reserved 1048576K
}
Event: 302.665 GC heap before
{Heap before GC invocations=400 (full 3):
 PSYoungGen      total 6144K, used 5760K [0x0000000755580000, 0x0000000755f80000, 0x0000000800000000)
  eden space 3072K, 100% used [0x0000000755580000,0x0000000755880000,0x0000000755880000)
  from space 3072K, 87% used [0x0000000755c80000,0x0000000755f20000,0x0000000755f80000)
  to   space 3072K, 0% used [0x0000000755980000,0x0000000755980000,0x0000000755c80000)
 ParOldGen       total 441344K, used 440979K [0x0000000600000000, 0x000000061af00000, 0x0000000755580000)
  object space 441344K, 99% used [0x0000000600000000,0x000000061aea4cd8,0x000000061af00000)
 Metaspace       used 68059K, committed 69376K, reserved 1114112K
  class space    used 7212K, committed 7808K, reserved 1048576K
}
Event: 302.670 GC heap after
{Heap after GC invocations=400 (full 3):
 PSYoungGen      total 7168K, used 3068K [0x0000000755580000, 0x0000000756680000, 0x0000000800000000)
  eden space 4096K, 0% used [0x0000000755580000,0x0000000755580000,0x0000000755980000)
  from space 3072K, 99% used [0x0000000755980000,0x0000000755c7f150,0x0000000755c80000)
  to   space 6656K, 0% used [0x0000000756000000,0x0000000756000000,0x0000000756680000)
 ParOldGen       total 443904K, used 443611K [0x0000000600000000, 0x000000061b180000, 0x0000000755580000)
  object space 443904K, 99% used [0x0000000600000000,0x000000061b136cd8,0x000000061b180000)
 Metaspace       used 68059K, committed 69376K, reserved 1114112K
  class space    used 7212K, committed 7808K, reserved 1048576K
}
Event: 302.699 GC heap before
{Heap before GC invocations=401 (full 3):
 PSYoungGen      total 7168K, used 7164K [0x0000000755580000, 0x0000000756680000, 0x0000000800000000)
  eden space 4096K, 100% used [0x0000000755580000,0x0000000755980000,0x0000000755980000)
  from space 3072K, 99% used [0x0000000755980000,0x0000000755c7f150,0x0000000755c80000)
  to   space 6656K, 0% used [0x0000000756000000,0x0000000756000000,0x0000000756680000)
 ParOldGen       total 443904K, used 443611K [0x0000000600000000, 0x000000061b180000, 0x0000000755580000)
  object space 443904K, 99% used [0x0000000600000000,0x000000061b136cd8,0x000000061b180000)
 Metaspace       used 68077K, committed 69440K, reserved 1114112K
  class space    used 7212K, committed 7808K, reserved 1048576K
}
Event: 302.704 GC heap after
{Heap after GC invocations=401 (full 3):
 PSYoungGen      total 8704K, used 3277K [0x0000000755580000, 0x0000000756380000, 0x0000000800000000)
  eden space 5120K, 0% used [0x0000000755580000,0x0000000755580000,0x0000000755a80000)
  from space 3584K, 91% used [0x0000000756000000,0x00000007563335a0,0x0000000756380000)
  to   space 4608K, 0% used [0x0000000755a80000,0x0000000755a80000,0x0000000755f00000)
 ParOldGen       total 445440K, used 445225K [0x0000000600000000, 0x000000061b300000, 0x0000000755580000)
  object space 445440K, 99% used [0x0000000600000000,0x000000061b2ca480,0x000000061b300000)
 Metaspace       used 68077K, committed 69440K, reserved 1114112K
  class space    used 7212K, committed 7808K, reserved 1048576K
}
Event: 302.759 GC heap before
{Heap before GC invocations=402 (full 3):
 PSYoungGen      total 8704K, used 8030K [0x0000000755580000, 0x0000000756380000, 0x0000000800000000)
  eden space 5120K, 92% used [0x0000000755580000,0x0000000755a24290,0x0000000755a80000)
  from space 3584K, 91% used [0x0000000756000000,0x00000007563335a0,0x0000000756380000)
  to   space 4608K, 0% used [0x0000000755a80000,0x0000000755a80000,0x0000000755f00000)
 ParOldGen       total 445440K, used 445225K [0x0000000600000000, 0x000000061b300000, 0x0000000755580000)
  object space 445440K, 99% used [0x0000000600000000,0x000000061b2ca480,0x000000061b300000)
 Metaspace       used 68078K, committed 69440K, reserved 1114112K
  class space    used 7212K, committed 7808K, reserved 1048576K
}
Event: 302.764 GC heap after
{Heap after GC invocations=402 (full 3):
 PSYoungGen      total 9728K, used 2751K [0x0000000755580000, 0x0000000756280000, 0x0000000800000000)
  eden space 5120K, 0% used [0x0000000755580000,0x0000000755580000,0x0000000755a80000)
  from space 4608K, 59% used [0x0000000755a80000,0x0000000755d2fe70,0x0000000755f00000)
  to   space 3584K, 0% used [0x0000000755f00000,0x0000000755f00000,0x0000000756280000)
 ParOldGen       total 448512K, used 448087K [0x0000000600000000, 0x000000061b600000, 0x0000000755580000)
  object space 448512K, 99% used [0x0000000600000000,0x000000061b595ff0,0x000000061b600000)
 Metaspace       used 68078K, committed 69440K, reserved 1114112K
  class space    used 7212K, committed 7808K, reserved 1048576K
}

