# JRE version: OpenJDK Runtime Environment Temurin-21.0.12.1+1 (21.0.12.1+1) (build 21.0.12.1+1-LTS)
# Java VM: OpenJDK 64-Bit Server VM Temurin-21.0.12.1+1 (21.0.12.1+1-LTS, mixed mode, sharing, tiered, compressed oops, compressed class ptrs, g1 gc, windows-amd64)
GC Precious Log:
 CardTable entry size: 512
 Card Set container configuration: InlinePtr #cards 5 size 8 Array Of Cards #cards 12 size 40 Howl #buckets 4 coarsen threshold 1843 Howl Bitmap #cards 512 size 80 coarsen threshold 460 Card regions per heap region 1 cards per card region 2048
 CPUs: 8 total, 8 available
 Memory: 3982M
 Large Page Support: Disabled
 NUMA Support: Disabled
 Compressed Oops: Enabled (32-bit)
 Heap Region Size: 1M
 Heap Min Capacity: 256M
 Heap Initial Capacity: 256M
 Heap Max Capacity: 512M
 Pre-touch: Disabled
 Parallel Workers: 8
 Concurrent Workers: 2
 Concurrent Refinement Workers: 8
 Periodic GC: Disabled
Heap:
 garbage-first heap   total 262144K, used 155913K [0x00000000e0000000, 0x0000000100000000)
  region size 1024K, 133 young (136192K), 10 survivors (10240K)
 Metaspace       used 48943K, committed 50880K, reserved 393216K
  class space    used 7392K, committed 8320K, reserved 327680K
GC Heap History (14 events):
Event: 1.971 GC heap before
{Heap before GC invocations=0 (full 0):
 garbage-first heap   total 262144K, used 27648K [0x00000000e0000000, 0x0000000100000000)
  region size 1024K, 23 young (23552K), 0 survivors (0K)
 Metaspace       used 2897K, committed 3072K, reserved 393216K
  class space    used 344K, committed 384K, reserved 327680K
}
Event: 1.979 GC heap after
{Heap after GC invocations=1 (full 0):
 garbage-first heap   total 262144K, used 11477K [0x00000000e0000000, 0x0000000100000000)
  region size 1024K, 3 young (3072K), 3 survivors (3072K)
 Metaspace       used 2897K, committed 3072K, reserved 393216K
  class space    used 344K, committed 384K, reserved 327680K
}
Event: 3.267 GC heap before
{Heap before GC invocations=1 (full 0):
 garbage-first heap   total 262144K, used 42197K [0x00000000e0000000, 0x0000000100000000)
  region size 1024K, 31 young (31744K), 3 survivors (3072K)
 Metaspace       used 4669K, committed 4864K, reserved 393216K
  class space    used 595K, committed 704K, reserved 327680K
}
Event: 3.274 GC heap after
{Heap after GC invocations=2 (full 0):
 garbage-first heap   total 262144K, used 15041K [0x00000000e0000000, 0x0000000100000000)
  region size 1024K, 3 young (3072K), 3 survivors (3072K)
 Metaspace       used 4669K, committed 4864K, reserved 393216K
  class space    used 595K, committed 704K, reserved 327680K
}
Event: 9.284 GC heap before
{Heap before GC invocations=2 (full 0):
 garbage-first heap   total 262144K, used 94913K [0x00000000e0000000, 0x0000000100000000)
  region size 1024K, 81 young (82944K), 3 survivors (3072K)
 Metaspace       used 16725K, committed 17216K, reserved 393216K
  class space    used 2315K, committed 2560K, reserved 327680K
}
Event: 9.296 GC heap after
{Heap after GC invocations=3 (full 0):
 garbage-first heap   total 262144K, used 22841K [0x00000000e0000000, 0x0000000100000000)
  region size 1024K, 10 young (10240K), 10 survivors (10240K)
 Metaspace       used 16725K, committed 17216K, reserved 393216K
  class space    used 2315K, committed 2560K, reserved 327680K
}
Event: 11.202 GC heap before
{Heap before GC invocations=3 (full 0):
 garbage-first heap   total 262144K, used 52537K [0x00000000e0000000, 0x0000000100000000)
  region size 1024K, 41 young (41984K), 10 survivors (10240K)
 Metaspace       used 20846K, committed 21504K, reserved 393216K
  class space    used 2996K, committed 3328K, reserved 327680K
}
Event: 11.213 GC heap after
{Heap after GC invocations=4 (full 0):
 garbage-first heap   total 262144K, used 25377K [0x00000000e0000000, 0x0000000100000000)
  region size 1024K, 3 young (3072K), 3 survivors (3072K)
 Metaspace       used 20846K, committed 21504K, reserved 393216K
  class space    used 2996K, committed 3328K, reserved 327680K
}
Event: 23.909 GC heap before
{Heap before GC invocations=5 (full 0):
 garbage-first heap   total 262144K, used 125729K [0x00000000e0000000, 0x0000000100000000)
  region size 1024K, 103 young (105472K), 3 survivors (3072K)
 Metaspace       used 34705K, committed 36096K, reserved 393216K
  class space    used 5122K, committed 5824K, reserved 327680K
}
Event: 23.931 GC heap after
{Heap after GC invocations=6 (full 0):
 garbage-first heap   total 262144K, used 31440K [0x00000000e0000000, 0x0000000100000000)
  region size 1024K, 9 young (9216K), 9 survivors (9216K)
 Metaspace       used 34705K, committed 36096K, reserved 393216K
  class space    used 5122K, committed 5824K, reserved 327680K
}
Event: 24.857 GC heap before
{Heap before GC invocations=6 (full 0):
 garbage-first heap   total 262144K, used 33488K [0x00000000e0000000, 0x0000000100000000)
  region size 1024K, 12 young (12288K), 9 survivors (9216K)
 Metaspace       used 35144K, committed 36416K, reserved 393216K
  class space    used 5189K, committed 5824K, reserved 327680K
}
Event: 24.878 GC heap after
{Heap after GC invocations=7 (full 0):
 garbage-first heap   total 262144K, used 31600K [0x00000000e0000000, 0x0000000100000000)
  region size 1024K, 9 young (9216K), 9 survivors (9216K)
 Metaspace       used 35144K, committed 36416K, reserved 393216K
  class space    used 5189K, committed 5824K, reserved 327680K
}
Event: 25.164 GC heap before
{Heap before GC invocations=7 (full 0):
 garbage-first heap   total 262144K, used 34672K [0x00000000e0000000, 0x0000000100000000)
  region size 1024K, 13 young (13312K), 9 survivors (9216K)
 Metaspace       used 35431K, committed 36736K, reserved 393216K
  class space    used 5227K, committed 5888K, reserved 327680K
}
Event: 25.178 GC heap after
{Heap after GC invocations=8 (full 0):
 garbage-first heap   total 262144K, used 32009K [0x00000000e0000000, 0x0000000100000000)
  region size 1024K, 10 young (10240K), 10 survivors (10240K)
 Metaspace       used 35431K, committed 36736K, reserved 393216K
  class space    used 5227K, committed 5888K, reserved 327680K
}

