# JRE version: OpenJDK Runtime Environment Temurin-21.0.12+8 (21.0.12+8) (build 21.0.12+8-LTS)
# Java VM: OpenJDK 64-Bit Server VM Temurin-21.0.12+8 (21.0.12+8-LTS, mixed mode, emulated-client, sharing, tiered, compressed oops, compressed class ptrs, g1 gc, windows-amd64)
GC Precious Log:
 CardTable entry size: 512
 Card Set container configuration: InlinePtr #cards 5 size 8 Array Of Cards #cards 12 size 40 Howl #buckets 4 coarsen threshold 1843 Howl Bitmap #cards 512 size 80 coarsen threshold 460 Card regions per heap region 1 cards per card region 2048
 CPUs: 8 total, 8 available
 Memory: 3982M
 Large Page Support: Disabled
 NUMA Support: Disabled
 Compressed Oops: Enabled (32-bit)
 Heap Region Size: 1M
 Heap Min Capacity: 8M
 Heap Initial Capacity: 64M
 Heap Max Capacity: 996M
 Pre-touch: Disabled
 Parallel Workers: 8
 Concurrent Workers: 2
 Concurrent Refinement Workers: 8
 Periodic GC: Disabled
Heap:
 garbage-first heap   total 77824K, used 55112K [0x00000000c1c00000, 0x0000000100000000)
  region size 1024K, 3 young (3072K), 3 survivors (3072K)
 Metaspace       used 81083K, committed 81856K, reserved 1179648K
  class space    used 11930K, committed 12288K, reserved 1048576K
GC Heap History (20 events):
Event: 13.680 GC heap after
{Heap after GC invocations=13 (full 0):
 garbage-first heap   total 69632K, used 29835K [0x00000000c1c00000, 0x0000000100000000)
  region size 1024K, 5 young (5120K), 5 survivors (5120K)
 Metaspace       used 57588K, committed 58304K, reserved 1114112K
  class space    used 8074K, committed 8384K, reserved 1048576K
}
Event: 14.808 GC heap before
{Heap before GC invocations=13 (full 0):
 garbage-first heap   total 69632K, used 51339K [0x00000000c1c00000, 0x0000000100000000)
  region size 1024K, 27 young (27648K), 5 survivors (5120K)
 Metaspace       used 59831K, committed 60480K, reserved 1114112K
  class space    used 8345K, committed 8640K, reserved 1048576K
}
Event: 14.813 GC heap after
{Heap after GC invocations=14 (full 0):
 garbage-first heap   total 69632K, used 32260K [0x00000000c1c00000, 0x0000000100000000)
  region size 1024K, 5 young (5120K), 5 survivors (5120K)
 Metaspace       used 59831K, committed 60480K, reserved 1114112K
  class space    used 8345K, committed 8640K, reserved 1048576K
}
Event: 17.300 GC heap before
{Heap before GC invocations=15 (full 0):
 garbage-first heap   total 69632K, used 61956K [0x00000000c1c00000, 0x0000000100000000)
  region size 1024K, 34 young (34816K), 5 survivors (5120K)
 Metaspace       used 63475K, committed 64192K, reserved 1114112K
  class space    used 8905K, committed 9216K, reserved 1048576K
}
Event: 17.304 GC heap after
{Heap after GC invocations=16 (full 0):
 garbage-first heap   total 69632K, used 33228K [0x00000000c1c00000, 0x0000000100000000)
  region size 1024K, 4 young (4096K), 4 survivors (4096K)
 Metaspace       used 63475K, committed 64192K, reserved 1114112K
  class space    used 8905K, committed 9216K, reserved 1048576K
}
Event: 17.727 GC heap before
{Heap before GC invocations=16 (full 0):
 garbage-first heap   total 69632K, used 60876K [0x00000000c1c00000, 0x0000000100000000)
  region size 1024K, 32 young (32768K), 4 survivors (4096K)
 Metaspace       used 68712K, committed 69440K, reserved 1114112K
  class space    used 9797K, committed 10112K, reserved 1048576K
}
Event: 17.732 GC heap after
{Heap after GC invocations=17 (full 0):
 garbage-first heap   total 69632K, used 33871K [0x00000000c1c00000, 0x0000000100000000)
  region size 1024K, 2 young (2048K), 2 survivors (2048K)
 Metaspace       used 68712K, committed 69440K, reserved 1114112K
  class space    used 9797K, committed 10112K, reserved 1048576K
}
Event: 17.895 GC heap before
{Heap before GC invocations=17 (full 0):
 garbage-first heap   total 69632K, used 63567K [0x00000000c1c00000, 0x0000000100000000)
  region size 1024K, 31 young (31744K), 2 survivors (2048K)
 Metaspace       used 69071K, committed 69760K, reserved 1114112K
  class space    used 9847K, committed 10112K, reserved 1048576K
}
Event: 17.898 GC heap after
{Heap after GC invocations=18 (full 0):
 garbage-first heap   total 69632K, used 34078K [0x00000000c1c00000, 0x0000000100000000)
  region size 1024K, 3 young (3072K), 3 survivors (3072K)
 Metaspace       used 69071K, committed 69760K, reserved 1114112K
  class space    used 9847K, committed 10112K, reserved 1048576K
}
Event: 18.213 GC heap before
{Heap before GC invocations=19 (full 0):
 garbage-first heap   total 69632K, used 62750K [0x00000000c1c00000, 0x0000000100000000)
  region size 1024K, 31 young (31744K), 3 survivors (3072K)
 Metaspace       used 72011K, committed 72768K, reserved 1114112K
  class space    used 10306K, committed 10624K, reserved 1048576K
}
Event: 18.216 GC heap after
{Heap after GC invocations=20 (full 0):
 garbage-first heap   total 69632K, used 35346K [0x00000000c1c00000, 0x0000000100000000)
  region size 1024K, 4 young (4096K), 4 survivors (4096K)
 Metaspace       used 72011K, committed 72768K, reserved 1114112K
  class space    used 10306K, committed 10624K, reserved 1048576K
}
Event: 19.447 GC heap before
{Heap before GC invocations=20 (full 0):
 garbage-first heap   total 69632K, used 64018K [0x00000000c1c00000, 0x0000000100000000)
  region size 1024K, 32 young (32768K), 4 survivors (4096K)
 Metaspace       used 75764K, committed 76480K, reserved 1114112K
  class space    used 10904K, committed 11200K, reserved 1048576K
}
Event: 19.453 GC heap after
{Heap after GC invocations=21 (full 0):
 garbage-first heap   total 71680K, used 37543K [0x00000000c1c00000, 0x0000000100000000)
  region size 1024K, 4 young (4096K), 4 survivors (4096K)
 Metaspace       used 75764K, committed 76480K, reserved 1114112K
  class space    used 10904K, committed 11200K, reserved 1048576K
}
Event: 19.751 GC heap before
{Heap before GC invocations=21 (full 0):
 garbage-first heap   total 71680K, used 66215K [0x00000000c1c00000, 0x0000000100000000)
  region size 1024K, 32 young (32768K), 4 survivors (4096K)
 Metaspace       used 79269K, committed 80000K, reserved 1179648K
  class space    used 11499K, committed 11840K, reserved 1048576K
}
Event: 19.761 GC heap after
{Heap after GC invocations=22 (full 0):
 garbage-first heap   total 77824K, used 44377K [0x00000000c1c00000, 0x0000000100000000)
  region size 1024K, 4 young (4096K), 4 survivors (4096K)
 Metaspace       used 79269K, committed 80000K, reserved 1179648K
  class space    used 11499K, committed 11840K, reserved 1048576K
}
Event: 19.819 GC heap before
{Heap before GC invocations=23 (full 0):
 garbage-first heap   total 77824K, used 66905K [0x00000000c1c00000, 0x0000000100000000)
  region size 1024K, 26 young (26624K), 4 survivors (4096K)
 Metaspace       used 79270K, committed 80000K, reserved 1179648K
  class space    used 11499K, committed 11840K, reserved 1048576K
}
Event: 19.826 GC heap after
{Heap after GC invocations=24 (full 0):
 garbage-first heap   total 77824K, used 49543K [0x00000000c1c00000, 0x0000000100000000)
  region size 1024K, 4 young (4096K), 4 survivors (4096K)
 Metaspace       used 79270K, committed 80000K, reserved 1179648K
  class space    used 11499K, committed 11840K, reserved 1048576K
}
Event: 19.886 GC heap before
{Heap before GC invocations=24 (full 0):
 garbage-first heap   total 77824K, used 66951K [0x00000000c1c00000, 0x0000000100000000)
  region size 1024K, 21 young (21504K), 4 survivors (4096K)
 Metaspace       used 79528K, committed 80320K, reserved 1179648K
  class space    used 11539K, committed 11904K, reserved 1048576K
}
Event: 19.890 GC heap after
{Heap after GC invocations=25 (full 0):
 garbage-first heap   total 77824K, used 51569K [0x00000000c1c00000, 0x0000000100000000)
  region size 1024K, 2 young (2048K), 2 survivors (2048K)
 Metaspace       used 79528K, committed 80320K, reserved 1179648K
  class space    used 11539K, committed 11904K, reserved 1048576K
}
Event: 20.046 GC heap before
{Heap before GC invocations=25 (full 0):
 garbage-first heap   total 77824K, used 67953K [0x00000000c1c00000, 0x0000000100000000)
  region size 1024K, 18 young (18432K), 2 survivors (2048K)
 Metaspace       used 81083K, committed 81856K, reserved 1179648K
  class space    used 11930K, committed 12288K, reserved 1048576K
}

