# JRE version: OpenJDK Runtime Environment Temurin-21.0.12.1+1 (21.0.12.1+1) (build 21.0.12.1+1-LTS)
# Java VM: OpenJDK 64-Bit Server VM Temurin-21.0.12.1+1 (21.0.12.1+1-LTS, mixed mode, sharing, tiered, compressed oops, compressed class ptrs, parallel gc, windows-amd64)
GC Precious Log:
 CardTable entry size: 512
 CPUs: 8 total, 8 available
 Memory: 3982M
 Large Page Support: Disabled
 NUMA Support: Disabled
 Compressed Oops: Enabled (32-bit)
 Alignments: Space 512K, Generation 512K, Heap 2M
 Heap Min Capacity: 100M
 Heap Initial Capacity: 100M
 Heap Max Capacity: 2G
 Pre-touch: Disabled
 Parallel Workers: 8
Heap:
 PSYoungGen      total 10752K, used 9052K [0x00000000d5580000, 0x00000000d6400000, 0x0000000100000000)
  eden space 9216K, 84% used [0x00000000d5580000,0x00000000d5d20768,0x00000000d5e80000)
  from space 1536K, 80% used [0x00000000d6280000,0x00000000d63b6900,0x00000000d6400000)
  to   space 2048K, 0% used [0x00000000d6000000,0x00000000d6000000,0x00000000d6200000)
 ParOldGen       total 1398272K, used 920620K [0x0000000080000000, 0x00000000d5580000, 0x00000000d5580000)
  object space 1398272K, 65% used [0x0000000080000000,0x00000000b830b130,0x00000000d5580000)
 Metaspace       used 92780K, committed 94400K, reserved 1179648K
  class space    used 10134K, committed 10880K, reserved 1048576K
GC Heap History (20 events):
Event: 3299.628 GC heap before
{Heap before GC invocations=227 (full 7):
 PSYoungGen      total 12288K, used 0K [0x00000000d5580000, 0x00000000d6200000, 0x0000000100000000)
  eden space 11776K, 0% used [0x00000000d5580000,0x00000000d5580000,0x00000000d6100000)
  from space 512K, 0% used [0x00000000d6180000,0x00000000d6180000,0x00000000d6200000)
  to   space 512K, 0% used [0x00000000d6100000,0x00000000d6100000,0x00000000d6180000)
 ParOldGen       total 188416K, used 88507K [0x0000000080000000, 0x000000008b800000, 0x00000000d5580000)
  object space 188416K, 46% used [0x0000000080000000,0x000000008566ed60,0x000000008b800000)
 Metaspace       used 92374K, committed 94144K, reserved 1179648K
  class space    used 10082K, committed 10880K, reserved 1048576K
}
Event: 3299.640 GC heap after
{Heap after GC invocations=227 (full 7):
 PSYoungGen      total 12288K, used 0K [0x00000000d5580000, 0x00000000d6300000, 0x0000000100000000)
  eden space 11776K, 0% used [0x00000000d5580000,0x00000000d5580000,0x00000000d6100000)
  from space 512K, 0% used [0x00000000d6100000,0x00000000d6100000,0x00000000d6180000)
  to   space 512K, 0% used [0x00000000d6280000,0x00000000d6280000,0x00000000d6300000)
 ParOldGen       total 188416K, used 88507K [0x0000000080000000, 0x000000008b800000, 0x00000000d5580000)
  object space 188416K, 46% used [0x0000000080000000,0x000000008566ed60,0x000000008b800000)
 Metaspace       used 92374K, committed 94144K, reserved 1179648K
  class space    used 10082K, committed 10880K, reserved 1048576K
}
Event: 3299.640 GC heap before
{Heap before GC invocations=228 (full 8):
 PSYoungGen      total 12288K, used 0K [0x00000000d5580000, 0x00000000d6300000, 0x0000000100000000)
  eden space 11776K, 0% used [0x00000000d5580000,0x00000000d5580000,0x00000000d6100000)
  from space 512K, 0% used [0x00000000d6100000,0x00000000d6100000,0x00000000d6180000)
  to   space 512K, 0% used [0x00000000d6280000,0x00000000d6280000,0x00000000d6300000)
 ParOldGen       total 188416K, used 88507K [0x0000000080000000, 0x000000008b800000, 0x00000000d5580000)
  object space 188416K, 46% used [0x0000000080000000,0x000000008566ed60,0x000000008b800000)
 Metaspace       used 92374K, committed 94144K, reserved 1179648K
  class space    used 10082K, committed 10880K, reserved 1048576K
}
Event: 3324.856 GC heap after
{Heap after GC invocations=228 (full 8):
 PSYoungGen      total 13312K, used 0K [0x00000000d5580000, 0x00000000d6300000, 0x0000000100000000)
  eden space 12800K, 0% used [0x00000000d5580000,0x00000000d5580000,0x00000000d6200000)
  from space 512K, 0% used [0x00000000d6280000,0x00000000d6280000,0x00000000d6300000)
  to   space 512K, 0% used [0x00000000d6200000,0x00000000d6200000,0x00000000d6280000)
 ParOldGen       total 231424K, used 87717K [0x0000000080000000, 0x000000008e200000, 0x00000000d5580000)
  object space 231424K, 37% used [0x0000000080000000,0x00000000855a9670,0x000000008e200000)
 Metaspace       used 92369K, committed 94144K, reserved 1179648K
  class space    used 10080K, committed 10880K, reserved 1048576K
}
Event: 3331.028 GC heap before
{Heap before GC invocations=229 (full 8):
 PSYoungGen      total 13312K, used 3451K [0x00000000d5580000, 0x00000000d6300000, 0x0000000100000000)
  eden space 12800K, 26% used [0x00000000d5580000,0x00000000d58ded38,0x00000000d6200000)
  from space 512K, 0% used [0x00000000d6280000,0x00000000d6280000,0x00000000d6300000)
  to   space 512K, 0% used [0x00000000d6200000,0x00000000d6200000,0x00000000d6280000)
 ParOldGen       total 1058304K, used 914365K [0x0000000080000000, 0x00000000c0980000, 0x00000000d5580000)
  object space 1058304K, 86% used [0x0000000080000000,0x00000000b7cef5c0,0x00000000c0980000)
 Metaspace       used 92372K, committed 94144K, reserved 1179648K
  class space    used 10080K, committed 10880K, reserved 1048576K
}
Event: 3331.053 GC heap after
{Heap after GC invocations=229 (full 8):
 PSYoungGen      total 13312K, used 512K [0x00000000d5580000, 0x00000000d6600000, 0x0000000100000000)
  eden space 12800K, 0% used [0x00000000d5580000,0x00000000d5580000,0x00000000d6200000)
  from space 512K, 100% used [0x00000000d6200000,0x00000000d6280000,0x00000000d6280000)
  to   space 1536K, 0% used [0x00000000d6480000,0x00000000d6480000,0x00000000d6600000)
 ParOldGen       total 1058304K, used 914798K [0x0000000080000000, 0x00000000c0980000, 0x00000000d5580000)
  object space 1058304K, 86% used [0x0000000080000000,0x00000000b7d5ba80,0x00000000c0980000)
 Metaspace       used 92372K, committed 94144K, reserved 1179648K
  class space    used 10080K, committed 10880K, reserved 1048576K
}
Event: 3331.053 GC heap before
{Heap before GC invocations=230 (full 8):
 PSYoungGen      total 13312K, used 512K [0x00000000d5580000, 0x00000000d6600000, 0x0000000100000000)
  eden space 12800K, 0% used [0x00000000d5580000,0x00000000d5580000,0x00000000d6200000)
  from space 512K, 100% used [0x00000000d6200000,0x00000000d6280000,0x00000000d6280000)
  to   space 1536K, 0% used [0x00000000d6480000,0x00000000d6480000,0x00000000d6600000)
 ParOldGen       total 1058304K, used 914798K [0x0000000080000000, 0x00000000c0980000, 0x00000000d5580000)
  object space 1058304K, 86% used [0x0000000080000000,0x00000000b7d5ba80,0x00000000c0980000)
 Metaspace       used 92372K, committed 94144K, reserved 1179648K
  class space    used 10080K, committed 10880K, reserved 1048576K
}
Event: 3331.057 GC heap after
{Heap after GC invocations=230 (full 8):
 PSYoungGen      total 14848K, used 608K [0x00000000d5580000, 0x00000000d6580000, 0x0000000100000000)
  eden space 13824K, 0% used [0x00000000d5580000,0x00000000d5580000,0x00000000d6300000)
  from space 1024K, 59% used [0x00000000d6480000,0x00000000d6518000,0x00000000d6580000)
  to   space 1024K, 0% used [0x00000000d6380000,0x00000000d6380000,0x00000000d6480000)
 ParOldGen       total 1058304K, used 914798K [0x0000000080000000, 0x00000000c0980000, 0x00000000d5580000)
  object space 1058304K, 86% used [0x0000000080000000,0x00000000b7d5ba80,0x00000000c0980000)
 Metaspace       used 92372K, committed 94144K, reserved 1179648K
  class space    used 10080K, committed 10880K, reserved 1048576K
}
Event: 3331.058 GC heap before
{Heap before GC invocations=231 (full 9):
 PSYoungGen      total 14848K, used 608K [0x00000000d5580000, 0x00000000d6580000, 0x0000000100000000)
  eden space 13824K, 0% used [0x00000000d5580000,0x00000000d5580000,0x00000000d6300000)
  from space 1024K, 59% used [0x00000000d6480000,0x00000000d6518000,0x00000000d6580000)
  to   space 1024K, 0% used [0x00000000d6380000,0x00000000d6380000,0x00000000d6480000)
 ParOldGen       total 1058304K, used 914798K [0x0000000080000000, 0x00000000c0980000, 0x00000000d5580000)
  object space 1058304K, 86% used [0x0000000080000000,0x00000000b7d5ba80,0x00000000c0980000)
 Metaspace       used 92372K, committed 94144K, reserved 1179648K
  class space    used 10080K, committed 10880K, reserved 1048576K
}
Event: 3336.309 GC heap after
{Heap after GC invocations=231 (full 9):
 PSYoungGen      total 15360K, used 0K [0x00000000d5580000, 0x00000000d6680000, 0x0000000100000000)
  eden space 14336K, 0% used [0x00000000d5580000,0x00000000d5580000,0x00000000d6380000)
  from space 1024K, 0% used [0x00000000d6380000,0x00000000d6380000,0x00000000d6480000)
  to   space 1024K, 0% used [0x00000000d6580000,0x00000000d6580000,0x00000000d6680000)
 ParOldGen       total 1092608K, used 914171K [0x0000000080000000, 0x00000000c2b00000, 0x00000000d5580000)
  object space 1092608K, 83% used [0x0000000080000000,0x00000000b7cbefe8,0x00000000c2b00000)
 Metaspace       used 92372K, committed 94144K, reserved 1179648K
  class space    used 10080K, committed 10880K, reserved 1048576K
}
Event: 3338.329 GC heap before
{Heap before GC invocations=232 (full 9):
 PSYoungGen      total 15360K, used 0K [0x00000000d5580000, 0x00000000d6680000, 0x0000000100000000)
  eden space 14336K, 0% used [0x00000000d5580000,0x00000000d5580000,0x00000000d6380000)
  from space 1024K, 0% used [0x00000000d6380000,0x00000000d6380000,0x00000000d6480000)
  to   space 1024K, 0% used [0x00000000d6580000,0x00000000d6580000,0x00000000d6680000)
 ParOldGen       total 1092608K, used 914171K [0x0000000080000000, 0x00000000c2b00000, 0x00000000d5580000)
  object space 1092608K, 83% used [0x0000000080000000,0x00000000b7cbefe8,0x00000000c2b00000)
 Metaspace       used 92372K, committed 94144K, reserved 1179648K
  class space    used 10080K, committed 10880K, reserved 1048576K
}
Event: 3338.389 GC heap after
{Heap after GC invocations=232 (full 9):
 PSYoungGen      total 15872K, used 0K [0x00000000d5580000, 0x00000000d6600000, 0x0000000100000000)
  eden space 15360K, 0% used [0x00000000d5580000,0x00000000d5580000,0x00000000d6480000)
  from space 512K, 0% used [0x00000000d6580000,0x00000000d6580000,0x00000000d6600000)
  to   space 512K, 0% used [0x00000000d6500000,0x00000000d6500000,0x00000000d6580000)
 ParOldGen       total 1092608K, used 914171K [0x0000000080000000, 0x00000000c2b00000, 0x00000000d5580000)
  object space 1092608K, 83% used [0x0000000080000000,0x00000000b7cbefe8,0x00000000c2b00000)
 Metaspace       used 92372K, committed 94144K, reserved 1179648K
  class space    used 10080K, committed 10880K, reserved 1048576K
}
Event: 3338.389 GC heap before
{Heap before GC invocations=233 (full 10):
 PSYoungGen      total 15872K, used 0K [0x00000000d5580000, 0x00000000d6600000, 0x0000000100000000)
  eden space 15360K, 0% used [0x00000000d5580000,0x00000000d5580000,0x00000000d6480000)
  from space 512K, 0% used [0x00000000d6580000,0x00000000d6580000,0x00000000d6600000)
  to   space 512K, 0% used [0x00000000d6500000,0x00000000d6500000,0x00000000d6580000)
 ParOldGen       total 1092608K, used 914171K [0x0000000080000000, 0x00000000c2b00000, 0x00000000d5580000)
  object space 1092608K, 83% used [0x0000000080000000,0x00000000b7cbefe8,0x00000000c2b00000)
 Metaspace       used 92372K, committed 94144K, reserved 1179648K
  class space    used 10080K, committed 10880K, reserved 1048576K
}
Event: 3347.805 GC heap after
{Heap after GC invocations=233 (full 10):
 PSYoungGen      total 16384K, used 0K [0x00000000d5580000, 0x00000000d6680000, 0x0000000100000000)
  eden space 15872K, 0% used [0x00000000d5580000,0x00000000d5580000,0x00000000d6500000)
  from space 512K, 0% used [0x00000000d6500000,0x00000000d6500000,0x00000000d6580000)
  to   space 512K, 0% used [0x00000000d6600000,0x00000000d6600000,0x00000000d6680000)
 ParOldGen       total 1142784K, used 914145K [0x0000000080000000, 0x00000000c5c00000, 0x00000000d5580000)
  object space 1142784K, 79% used [0x0000000080000000,0x00000000b7cb8780,0x00000000c5c00000)
 Metaspace       used 92372K, committed 94144K, reserved 1179648K
  class space    used 10080K, committed 10880K, reserved 1048576K
}
Event: 3372.794 GC heap before
{Heap before GC invocations=234 (full 10):
 PSYoungGen      total 16384K, used 15872K [0x00000000d5580000, 0x00000000d6680000, 0x0000000100000000)
  eden space 15872K, 100% used [0x00000000d5580000,0x00000000d6500000,0x00000000d6500000)
  from space 512K, 0% used [0x00000000d6500000,0x00000000d6500000,0x00000000d6580000)
  to   space 512K, 0% used [0x00000000d6600000,0x00000000d6600000,0x00000000d6680000)
 ParOldGen       total 1398272K, used 914145K [0x0000000080000000, 0x00000000d5580000, 0x00000000d5580000)
  object space 1398272K, 65% used [0x0000000080000000,0x00000000b7cb8780,0x00000000d5580000)
 Metaspace       used 92506K, committed 94144K, reserved 1179648K
  class space    used 10104K, committed 10880K, reserved 1048576K
}
Event: 3372.925 GC heap after
{Heap after GC invocations=234 (full 10):
 PSYoungGen      total 9216K, used 490K [0x00000000d5580000, 0x00000000d7600000, 0x0000000100000000)
  eden space 8704K, 0% used [0x00000000d5580000,0x00000000d5580000,0x00000000d5e00000)
  from space 512K, 95% used [0x00000000d6600000,0x00000000d667abd0,0x00000000d6680000)
  to   space 8192K, 0% used [0x00000000d5e00000,0x00000000d5e00000,0x00000000d6600000)
 ParOldGen       total 1398272K, used 920620K [0x0000000080000000, 0x00000000d5580000, 0x00000000d5580000)
  object space 1398272K, 65% used [0x0000000080000000,0x00000000b830b130,0x00000000d5580000)
 Metaspace       used 92506K, committed 94144K, reserved 1179648K
  class space    used 10104K, committed 10880K, reserved 1048576K
}
Event: 3374.160 GC heap before
{Heap before GC invocations=235 (full 10):
 PSYoungGen      total 9216K, used 9194K [0x00000000d5580000, 0x00000000d7600000, 0x0000000100000000)
  eden space 8704K, 99% used [0x00000000d5580000,0x00000000d5dffff0,0x00000000d5e00000)
  from space 512K, 95% used [0x00000000d6600000,0x00000000d667abd0,0x00000000d6680000)
  to   space 8192K, 0% used [0x00000000d5e00000,0x00000000d5e00000,0x00000000d6600000)
 ParOldGen       total 1398272K, used 920620K [0x0000000080000000, 0x00000000d5580000, 0x00000000d5580000)
  object space 1398272K, 65% used [0x0000000080000000,0x00000000b830b130,0x00000000d5580000)
 Metaspace       used 92509K, committed 94144K, reserved 1179648K
  class space    used 10104K, committed 10880K, reserved 1048576K
}
Event: 3374.165 GC heap after
{Heap after GC invocations=235 (full 10):
 PSYoungGen      total 11264K, used 2296K [0x00000000d5580000, 0x00000000d6680000, 0x0000000100000000)
  eden space 8704K, 0% used [0x00000000d5580000,0x00000000d5580000,0x00000000d5e00000)
  from space 2560K, 89% used [0x00000000d5e00000,0x00000000d603e218,0x00000000d6080000)
  to   space 4096K, 0% used [0x00000000d6280000,0x00000000d6280000,0x00000000d6680000)
 ParOldGen       total 1398272K, used 920620K [0x0000000080000000, 0x00000000d5580000, 0x00000000d5580000)
  object space 1398272K, 65% used [0x0000000080000000,0x00000000b830b130,0x00000000d5580000)
 Metaspace       used 92509K, committed 94144K, reserved 1179648K
  class space    used 10104K, committed 10880K, reserved 1048576K
}
Event: 3374.600 GC heap before
{Heap before GC invocations=236 (full 10):
 PSYoungGen      total 11264K, used 11000K [0x00000000d5580000, 0x00000000d6680000, 0x0000000100000000)
  eden space 8704K, 100% used [0x00000000d5580000,0x00000000d5e00000,0x00000000d5e00000)
  from space 2560K, 89% used [0x00000000d5e00000,0x00000000d603e218,0x00000000d6080000)
  to   space 4096K, 0% used [0x00000000d6280000,0x00000000d6280000,0x00000000d6680000)
 ParOldGen       total 1398272K, used 920620K [0x0000000080000000, 0x00000000d5580000, 0x00000000d5580000)
  object space 1398272K, 65% used [0x0000000080000000,0x00000000b830b130,0x00000000d5580000)
 Metaspace       used 92518K, committed 94144K, reserved 1179648K
  class space    used 10105K, committed 10880K, reserved 1048576K
}
Event: 3374.622 GC heap after
{Heap after GC invocations=236 (full 10):
 PSYoungGen      total 10752K, used 1242K [0x00000000d5580000, 0x00000000d6400000, 0x0000000100000000)
  eden space 9216K, 0% used [0x00000000d5580000,0x00000000d5580000,0x00000000d5e80000)
  from space 1536K, 80% used [0x00000000d6280000,0x00000000d63b6900,0x00000000d6400000)
  to   space 2048K, 0% used [0x00000000d6000000,0x00000000d6000000,0x00000000d6200000)
 ParOldGen       total 1398272K, used 920620K [0x0000000080000000, 0x00000000d5580000, 0x00000000d5580000)
  object space 1398272K, 65% used [0x0000000080000000,0x00000000b830b130,0x00000000d5580000)
 Metaspace       used 92518K, committed 94144K, reserved 1179648K
  class space    used 10105K, committed 10880K, reserved 1048576K
}

