# JRE version: OpenJDK Runtime Environment Temurin-21.0.12.1+1 (21.0.12.1+1) (build 21.0.12.1+1-LTS)
# Java VM: OpenJDK 64-Bit Server VM Temurin-21.0.12.1+1 (21.0.12.1+1-LTS, mixed mode, sharing, tiered, compressed oops, compressed class ptrs, parallel gc, windows-amd64)
GC Precious Log:
 CardTable entry size: 512
 CPUs: 8 total, 8 available
 Memory: 3982M
 Large Page Support: Disabled
 NUMA Support: Disabled
 Compressed Oops: Enabled (Zero based)
 Alignments: Space 512K, Generation 512K, Heap 2M
 Heap Min Capacity: 100M
 Heap Initial Capacity: 100M
 Heap Max Capacity: 8G
 Pre-touch: Disabled
 Parallel Workers: 8
Heap:
 PSYoungGen      total 4096K, used 569K [0x0000000755580000, 0x0000000755a80000, 0x0000000800000000)
  eden space 3584K, 9% used [0x0000000755580000,0x00000007555d6510,0x0000000755900000)
  from space 512K, 43% used [0x0000000755980000,0x00000007559b8000,0x0000000755a00000)
  to   space 512K, 0% used [0x0000000755a00000,0x0000000755a00000,0x0000000755a80000)
 ParOldGen       total 680960K, used 101428K [0x0000000600000000, 0x0000000629900000, 0x0000000755580000)
  object space 680960K, 14% used [0x0000000600000000,0x000000060630d190,0x0000000629900000)
 Metaspace       used 87813K, committed 89536K, reserved 1179648K
  class space    used 10095K, committed 10880K, reserved 1048576K
GC Heap History (20 events):
Event: 200.369 GC heap before
{Heap before GC invocations=1554 (full 3):
 PSYoungGen      total 4096K, used 3808K [0x0000000755580000, 0x0000000755a80000, 0x0000000800000000)
  eden space 3584K, 100% used [0x0000000755580000,0x0000000755900000,0x0000000755900000)
  from space 512K, 43% used [0x0000000755a00000,0x0000000755a38000,0x0000000755a80000)
  to   space 512K, 0% used [0x0000000755980000,0x0000000755980000,0x0000000755a00000)
 ParOldGen       total 680960K, used 680472K [0x0000000600000000, 0x0000000629900000, 0x0000000755580000)
  object space 680960K, 99% used [0x0000000600000000,0x0000000629886190,0x0000000629900000)
 Metaspace       used 86676K, committed 88448K, reserved 1179648K
  class space    used 9935K, committed 10752K, reserved 1048576K
}
Event: 200.375 GC heap after
{Heap after GC invocations=1554 (full 3):
 PSYoungGen      total 4096K, used 256K [0x0000000755580000, 0x0000000755a80000, 0x0000000800000000)
  eden space 3584K, 0% used [0x0000000755580000,0x0000000755580000,0x0000000755900000)
  from space 512K, 50% used [0x0000000755980000,0x00000007559c0000,0x0000000755a00000)
  to   space 512K, 0% used [0x0000000755a00000,0x0000000755a00000,0x0000000755a80000)
 ParOldGen       total 680960K, used 680496K [0x0000000600000000, 0x0000000629900000, 0x0000000755580000)
  object space 680960K, 99% used [0x0000000600000000,0x000000062988c190,0x0000000629900000)
 Metaspace       used 86676K, committed 88448K, reserved 1179648K
  class space    used 9935K, committed 10752K, reserved 1048576K
}
Event: 200.837 GC heap before
{Heap before GC invocations=1555 (full 3):
 PSYoungGen      total 4096K, used 1617K [0x0000000755580000, 0x0000000755a80000, 0x0000000800000000)
  eden space 3584K, 37% used [0x0000000755580000,0x00000007556d46b0,0x0000000755900000)
  from space 512K, 50% used [0x0000000755980000,0x00000007559c0000,0x0000000755a00000)
  to   space 512K, 0% used [0x0000000755a00000,0x0000000755a00000,0x0000000755a80000)
 ParOldGen       total 680960K, used 680496K [0x0000000600000000, 0x0000000629900000, 0x0000000755580000)
  object space 680960K, 99% used [0x0000000600000000,0x000000062988c190,0x0000000629900000)
 Metaspace       used 86694K, committed 88448K, reserved 1179648K
  class space    used 9935K, committed 10752K, reserved 1048576K
}
Event: 200.844 GC heap after
{Heap after GC invocations=1555 (full 3):
 PSYoungGen      total 4096K, used 192K [0x0000000755580000, 0x0000000755a80000, 0x0000000800000000)
  eden space 3584K, 0% used [0x0000000755580000,0x0000000755580000,0x0000000755900000)
  from space 512K, 37% used [0x0000000755a00000,0x0000000755a30000,0x0000000755a80000)
  to   space 512K, 0% used [0x0000000755980000,0x0000000755980000,0x0000000755a00000)
 ParOldGen       total 680960K, used 680536K [0x0000000600000000, 0x0000000629900000, 0x0000000755580000)
  object space 680960K, 99% used [0x0000000600000000,0x0000000629896190,0x0000000629900000)
 Metaspace       used 86694K, committed 88448K, reserved 1179648K
  class space    used 9935K, committed 10752K, reserved 1048576K
}
Event: 200.845 GC heap before
{Heap before GC invocations=1556 (full 4):
 PSYoungGen      total 4096K, used 192K [0x0000000755580000, 0x0000000755a80000, 0x0000000800000000)
  eden space 3584K, 0% used [0x0000000755580000,0x0000000755580000,0x0000000755900000)
  from space 512K, 37% used [0x0000000755a00000,0x0000000755a30000,0x0000000755a80000)
  to   space 512K, 0% used [0x0000000755980000,0x0000000755980000,0x0000000755a00000)
 ParOldGen       total 680960K, used 680536K [0x0000000600000000, 0x0000000629900000, 0x0000000755580000)
  object space 680960K, 99% used [0x0000000600000000,0x0000000629896190,0x0000000629900000)
 Metaspace       used 86694K, committed 88448K, reserved 1179648K
  class space    used 9935K, committed 10752K, reserved 1048576K
}
Event: 204.994 GC heap after
{Heap after GC invocations=1556 (full 4):
 PSYoungGen      total 4096K, used 0K [0x0000000755580000, 0x0000000755a80000, 0x0000000800000000)
  eden space 3584K, 0% used [0x0000000755580000,0x0000000755580000,0x0000000755900000)
  from space 512K, 0% used [0x0000000755a00000,0x0000000755a00000,0x0000000755a80000)
  to   space 512K, 0% used [0x0000000755980000,0x0000000755980000,0x0000000755a00000)
 ParOldGen       total 680960K, used 99738K [0x0000000600000000, 0x0000000629900000, 0x0000000755580000)
  object space 680960K, 14% used [0x0000000600000000,0x0000000606166a60,0x0000000629900000)
 Metaspace       used 86694K, committed 88448K, reserved 1179648K
  class space    used 9935K, committed 10752K, reserved 1048576K
}
Event: 207.647 GC heap before
{Heap before GC invocations=1557 (full 4):
 PSYoungGen      total 4096K, used 3584K [0x0000000755580000, 0x0000000755a80000, 0x0000000800000000)
  eden space 3584K, 100% used [0x0000000755580000,0x0000000755900000,0x0000000755900000)
  from space 512K, 0% used [0x0000000755a00000,0x0000000755a00000,0x0000000755a80000)
  to   space 512K, 0% used [0x0000000755980000,0x0000000755980000,0x0000000755a00000)
 ParOldGen       total 680960K, used 99738K [0x0000000600000000, 0x0000000629900000, 0x0000000755580000)
  object space 680960K, 14% used [0x0000000600000000,0x0000000606166a60,0x0000000629900000)
 Metaspace       used 86698K, committed 88448K, reserved 1179648K
  class space    used 9939K, committed 10752K, reserved 1048576K
}
Event: 207.655 GC heap after
{Heap after GC invocations=1557 (full 4):
 PSYoungGen      total 4096K, used 512K [0x0000000755580000, 0x0000000755b00000, 0x0000000800000000)
  eden space 3584K, 0% used [0x0000000755580000,0x0000000755580000,0x0000000755900000)
  from space 512K, 100% used [0x0000000755980000,0x0000000755a00000,0x0000000755a00000)
  to   space 1024K, 0% used [0x0000000755a00000,0x0000000755a00000,0x0000000755b00000)
 ParOldGen       total 680960K, used 99801K [0x0000000600000000, 0x0000000629900000, 0x0000000755580000)
  object space 680960K, 14% used [0x0000000600000000,0x0000000606176758,0x0000000629900000)
 Metaspace       used 86698K, committed 88448K, reserved 1179648K
  class space    used 9939K, committed 10752K, reserved 1048576K
}
Event: 207.735 GC heap before
{Heap before GC invocations=1558 (full 4):
 PSYoungGen      total 4096K, used 4096K [0x0000000755580000, 0x0000000755b00000, 0x0000000800000000)
  eden space 3584K, 100% used [0x0000000755580000,0x0000000755900000,0x0000000755900000)
  from space 512K, 100% used [0x0000000755980000,0x0000000755a00000,0x0000000755a00000)
  to   space 1024K, 0% used [0x0000000755a00000,0x0000000755a00000,0x0000000755b00000)
 ParOldGen       total 680960K, used 99801K [0x0000000600000000, 0x0000000629900000, 0x0000000755580000)
  object space 680960K, 14% used [0x0000000600000000,0x0000000606176758,0x0000000629900000)
 Metaspace       used 86698K, committed 88448K, reserved 1179648K
  class space    used 9939K, committed 10752K, reserved 1048576K
}
Event: 207.738 GC heap after
{Heap after GC invocations=1558 (full 4):
 PSYoungGen      total 4096K, used 416K [0x0000000755580000, 0x0000000755a80000, 0x0000000800000000)
  eden space 3584K, 0% used [0x0000000755580000,0x0000000755580000,0x0000000755900000)
  from space 512K, 81% used [0x0000000755a00000,0x0000000755a68000,0x0000000755a80000)
  to   space 512K, 0% used [0x0000000755980000,0x0000000755980000,0x0000000755a00000)
 ParOldGen       total 680960K, used 100253K [0x0000000600000000, 0x0000000629900000, 0x0000000755580000)
  object space 680960K, 14% used [0x0000000600000000,0x00000006061e7788,0x0000000629900000)
 Metaspace       used 86698K, committed 88448K, reserved 1179648K
  class space    used 9939K, committed 10752K, reserved 1048576K
}
Event: 208.053 GC heap before
{Heap before GC invocations=1559 (full 4):
 PSYoungGen      total 4096K, used 4000K [0x0000000755580000, 0x0000000755a80000, 0x0000000800000000)
  eden space 3584K, 100% used [0x0000000755580000,0x0000000755900000,0x0000000755900000)
  from space 512K, 81% used [0x0000000755a00000,0x0000000755a68000,0x0000000755a80000)
  to   space 512K, 0% used [0x0000000755980000,0x0000000755980000,0x0000000755a00000)
 ParOldGen       total 680960K, used 100253K [0x0000000600000000, 0x0000000629900000, 0x0000000755580000)
  object space 680960K, 14% used [0x0000000600000000,0x00000006061e7788,0x0000000629900000)
 Metaspace       used 86913K, committed 88704K, reserved 1179648K
  class space    used 9975K, committed 10816K, reserved 1048576K
}
Event: 208.055 GC heap after
{Heap after GC invocations=1559 (full 4):
 PSYoungGen      total 4096K, used 384K [0x0000000755580000, 0x0000000755a80000, 0x0000000800000000)
  eden space 3584K, 0% used [0x0000000755580000,0x0000000755580000,0x0000000755900000)
  from space 512K, 75% used [0x0000000755980000,0x00000007559e0000,0x0000000755a00000)
  to   space 512K, 0% used [0x0000000755a00000,0x0000000755a00000,0x0000000755a80000)
 ParOldGen       total 680960K, used 100509K [0x0000000600000000, 0x0000000629900000, 0x0000000755580000)
  object space 680960K, 14% used [0x0000000600000000,0x0000000606227788,0x0000000629900000)
 Metaspace       used 86913K, committed 88704K, reserved 1179648K
  class space    used 9975K, committed 10816K, reserved 1048576K
}
Event: 208.320 GC heap before
{Heap before GC invocations=1560 (full 4):
 PSYoungGen      total 4096K, used 3968K [0x0000000755580000, 0x0000000755a80000, 0x0000000800000000)
  eden space 3584K, 100% used [0x0000000755580000,0x0000000755900000,0x0000000755900000)
  from space 512K, 75% used [0x0000000755980000,0x00000007559e0000,0x0000000755a00000)
  to   space 512K, 0% used [0x0000000755a00000,0x0000000755a00000,0x0000000755a80000)
 ParOldGen       total 680960K, used 100509K [0x0000000600000000, 0x0000000629900000, 0x0000000755580000)
  object space 680960K, 14% used [0x0000000600000000,0x0000000606227788,0x0000000629900000)
 Metaspace       used 87028K, committed 88768K, reserved 1179648K
  class space    used 9996K, committed 10816K, reserved 1048576K
}
Event: 208.322 GC heap after
{Heap after GC invocations=1560 (full 4):
 PSYoungGen      total 4096K, used 480K [0x0000000755580000, 0x0000000755b00000, 0x0000000800000000)
  eden space 3584K, 0% used [0x0000000755580000,0x0000000755580000,0x0000000755900000)
  from space 512K, 93% used [0x0000000755a00000,0x0000000755a78158,0x0000000755a80000)
  to   space 1024K, 0% used [0x0000000755900000,0x0000000755900000,0x0000000755a00000)
 ParOldGen       total 680960K, used 100789K [0x0000000600000000, 0x0000000629900000, 0x0000000755580000)
  object space 680960K, 14% used [0x0000000600000000,0x000000060626d648,0x0000000629900000)
 Metaspace       used 87028K, committed 88768K, reserved 1179648K
  class space    used 9996K, committed 10816K, reserved 1048576K
}
Event: 230.476 GC heap before
{Heap before GC invocations=1561 (full 4):
 PSYoungGen      total 4096K, used 4064K [0x0000000755580000, 0x0000000755b00000, 0x0000000800000000)
  eden space 3584K, 100% used [0x0000000755580000,0x0000000755900000,0x0000000755900000)
  from space 512K, 93% used [0x0000000755a00000,0x0000000755a78158,0x0000000755a80000)
  to   space 1024K, 0% used [0x0000000755900000,0x0000000755900000,0x0000000755a00000)
 ParOldGen       total 680960K, used 100789K [0x0000000600000000, 0x0000000629900000, 0x0000000755580000)
  object space 680960K, 14% used [0x0000000600000000,0x000000060626d648,0x0000000629900000)
 Metaspace       used 87103K, committed 88832K, reserved 1179648K
  class space    used 10003K, committed 10816K, reserved 1048576K
}
Event: 230.521 GC heap after
{Heap after GC invocations=1561 (full 4):
 PSYoungGen      total 4608K, used 452K [0x0000000755580000, 0x0000000755b00000, 0x0000000800000000)
  eden space 3584K, 0% used [0x0000000755580000,0x0000000755580000,0x0000000755900000)
  from space 1024K, 44% used [0x0000000755900000,0x00000007559710b8,0x0000000755a00000)
  to   space 1024K, 0% used [0x0000000755a00000,0x0000000755a00000,0x0000000755b00000)
 ParOldGen       total 680960K, used 101178K [0x0000000600000000, 0x0000000629900000, 0x0000000755580000)
  object space 680960K, 14% used [0x0000000600000000,0x00000006062cea68,0x0000000629900000)
 Metaspace       used 87103K, committed 88832K, reserved 1179648K
  class space    used 10003K, committed 10816K, reserved 1048576K
}
Event: 230.785 GC heap before
{Heap before GC invocations=1562 (full 4):
 PSYoungGen      total 4608K, used 4025K [0x0000000755580000, 0x0000000755b00000, 0x0000000800000000)
  eden space 3584K, 99% used [0x0000000755580000,0x00000007558fd578,0x0000000755900000)
  from space 1024K, 44% used [0x0000000755900000,0x00000007559710b8,0x0000000755a00000)
  to   space 1024K, 0% used [0x0000000755a00000,0x0000000755a00000,0x0000000755b00000)
 ParOldGen       total 680960K, used 101178K [0x0000000600000000, 0x0000000629900000, 0x0000000755580000)
  object space 680960K, 14% used [0x0000000600000000,0x00000006062cea68,0x0000000629900000)
 Metaspace       used 87511K, committed 89216K, reserved 1179648K
  class space    used 10045K, committed 10816K, reserved 1048576K
}
Event: 230.788 GC heap after
{Heap after GC invocations=1562 (full 4):
 PSYoungGen      total 4096K, used 352K [0x0000000755580000, 0x0000000755a80000, 0x0000000800000000)
  eden space 3584K, 0% used [0x0000000755580000,0x0000000755580000,0x0000000755900000)
  from space 512K, 68% used [0x0000000755a00000,0x0000000755a580a0,0x0000000755a80000)
  to   space 512K, 0% used [0x0000000755980000,0x0000000755980000,0x0000000755a00000)
 ParOldGen       total 680960K, used 101380K [0x0000000600000000, 0x0000000629900000, 0x0000000755580000)
  object space 680960K, 14% used [0x0000000600000000,0x0000000606301190,0x0000000629900000)
 Metaspace       used 87511K, committed 89216K, reserved 1179648K
  class space    used 10045K, committed 10816K, reserved 1048576K
}
Event: 231.434 GC heap before
{Heap before GC invocations=1563 (full 4):
 PSYoungGen      total 4096K, used 3936K [0x0000000755580000, 0x0000000755a80000, 0x0000000800000000)
  eden space 3584K, 100% used [0x0000000755580000,0x0000000755900000,0x0000000755900000)
  from space 512K, 68% used [0x0000000755a00000,0x0000000755a580a0,0x0000000755a80000)
  to   space 512K, 0% used [0x0000000755980000,0x0000000755980000,0x0000000755a00000)
 ParOldGen       total 680960K, used 101380K [0x0000000600000000, 0x0000000629900000, 0x0000000755580000)
  object space 680960K, 14% used [0x0000000600000000,0x0000000606301190,0x0000000629900000)
 Metaspace       used 87805K, committed 89536K, reserved 1179648K
  class space    used 10095K, committed 10880K, reserved 1048576K
}
Event: 231.436 GC heap after
{Heap after GC invocations=1563 (full 4):
 PSYoungGen      total 4096K, used 224K [0x0000000755580000, 0x0000000755a80000, 0x0000000800000000)
  eden space 3584K, 0% used [0x0000000755580000,0x0000000755580000,0x0000000755900000)
  from space 512K, 43% used [0x0000000755980000,0x00000007559b8000,0x0000000755a00000)
  to   space 512K, 0% used [0x0000000755a00000,0x0000000755a00000,0x0000000755a80000)
 ParOldGen       total 680960K, used 101428K [0x0000000600000000, 0x0000000629900000, 0x0000000755580000)
  object space 680960K, 14% used [0x0000000600000000,0x000000060630d190,0x0000000629900000)
 Metaspace       used 87805K, committed 89536K, reserved 1179648K
  class space    used 10095K, committed 10880K, reserved 1048576K
}

