# JRE version: OpenJDK Runtime Environment Temurin-21.0.12+8 (21.0.12+8) (build 21.0.12+8-LTS)
# Java VM: OpenJDK 64-Bit Server VM Temurin-21.0.12+8 (21.0.12+8-LTS, mixed mode, sharing, tiered, compressed oops, compressed class ptrs, g1 gc, windows-amd64)
GC Precious Log:
 CardTable entry size: 512
 Card Set container configuration: InlinePtr #cards 5 size 8 Array Of Cards #cards 12 size 40 Howl #buckets 4 coarsen threshold 1843 Howl Bitmap #cards 512 size 80 coarsen threshold 460 Card regions per heap region 1 cards per card region 2048
 CPUs: 8 total, 8 available
 Memory: 3982M
 Large Page Support: Disabled
 NUMA Support: Disabled
 Compressed Oops: Enabled (32-bit)
 Heap Region Size: 1M
 Heap Min Capacity: 256M
 Heap Initial Capacity: 256M
 Heap Max Capacity: 512M
 Pre-touch: Disabled
 Parallel Workers: 8
 Concurrent Workers: 2
 Concurrent Refinement Workers: 8
 Periodic GC: Disabled
Heap:
 garbage-first heap   total 262144K, used 117760K [0x00000000e0000000, 0x0000000100000000)
  region size 1024K, 30 young (30720K), 3 survivors (3072K)
 Metaspace       used 72521K, committed 75200K, reserved 393216K
  class space    used 10297K, committed 11648K, reserved 327680K
GC Heap History (20 events):
Event: 43.149 GC heap before
{Heap before GC invocations=11 (full 0):
 garbage-first heap   total 262144K, used 181186K [0x00000000e0000000, 0x0000000100000000)
  region size 1024K, 153 young (156672K), 14 survivors (14336K)
 Metaspace       used 58077K, committed 60288K, reserved 393216K
  class space    used 8594K, committed 9664K, reserved 327680K
}
Event: 43.267 GC heap after
{Heap after GC invocations=12 (full 0):
 garbage-first heap   total 262144K, used 51141K [0x00000000e0000000, 0x0000000100000000)
  region size 1024K, 20 young (20480K), 20 survivors (20480K)
 Metaspace       used 58077K, committed 60288K, reserved 393216K
  class space    used 8594K, committed 9664K, reserved 327680K
}
Event: 43.870 GC heap before
{Heap before GC invocations=12 (full 0):
 garbage-first heap   total 262144K, used 61381K [0x00000000e0000000, 0x0000000100000000)
  region size 1024K, 31 young (31744K), 20 survivors (20480K)
 Metaspace       used 58322K, committed 60480K, reserved 393216K
  class space    used 8609K, committed 9664K, reserved 327680K
}
Event: 43.892 GC heap after
{Heap after GC invocations=13 (full 0):
 garbage-first heap   total 262144K, used 54516K [0x00000000e0000000, 0x0000000100000000)
  region size 1024K, 14 young (14336K), 14 survivors (14336K)
 Metaspace       used 58322K, committed 60480K, reserved 393216K
  class space    used 8609K, committed 9664K, reserved 327680K
}
Event: 59.957 GC heap before
{Heap before GC invocations=14 (full 0):
 garbage-first heap   total 262144K, used 195828K [0x00000000e0000000, 0x0000000100000000)
  region size 1024K, 153 young (156672K), 14 survivors (14336K)
 Metaspace       used 64048K, committed 66432K, reserved 393216K
  class space    used 9297K, committed 10496K, reserved 327680K
}
Event: 60.030 GC heap after
{Heap after GC invocations=15 (full 0):
 garbage-first heap   total 262144K, used 65959K [0x00000000e0000000, 0x0000000100000000)
  region size 1024K, 15 young (15360K), 15 survivors (15360K)
 Metaspace       used 64048K, committed 66432K, reserved 393216K
  class space    used 9297K, committed 10496K, reserved 327680K
}
Event: 63.838 GC heap before
{Heap before GC invocations=15 (full 0):
 garbage-first heap   total 262144K, used 207271K [0x00000000e0000000, 0x0000000100000000)
  region size 1024K, 153 young (156672K), 15 survivors (15360K)
 Metaspace       used 66022K, committed 68480K, reserved 393216K
  class space    used 9471K, committed 10688K, reserved 327680K
}
Event: 63.881 GC heap after
{Heap after GC invocations=16 (full 0):
 garbage-first heap   total 262144K, used 72119K [0x00000000e0000000, 0x0000000100000000)
  region size 1024K, 10 young (10240K), 10 survivors (10240K)
 Metaspace       used 66022K, committed 68480K, reserved 393216K
  class space    used 9471K, committed 10688K, reserved 327680K
}
Event: 66.833 GC heap before
{Heap before GC invocations=16 (full 0):
 garbage-first heap   total 262144K, used 218551K [0x00000000e0000000, 0x0000000100000000)
  region size 1024K, 153 young (156672K), 10 survivors (10240K)
 Metaspace       used 66745K, committed 69248K, reserved 393216K
  class space    used 9502K, committed 10752K, reserved 327680K
}
Event: 66.858 GC heap after
{Heap after GC invocations=17 (full 0):
 garbage-first heap   total 262144K, used 73396K [0x00000000e0000000, 0x0000000100000000)
  region size 1024K, 12 young (12288K), 12 survivors (12288K)
 Metaspace       used 66745K, committed 69248K, reserved 393216K
  class space    used 9502K, committed 10752K, reserved 327680K
}
Event: 68.853 GC heap before
{Heap before GC invocations=17 (full 0):
 garbage-first heap   total 262144K, used 217780K [0x00000000e0000000, 0x0000000100000000)
  region size 1024K, 153 young (156672K), 12 survivors (12288K)
 Metaspace       used 66998K, committed 69440K, reserved 393216K
  class space    used 9507K, committed 10752K, reserved 327680K
}
Event: 68.990 GC heap after
{Heap after GC invocations=18 (full 0):
 garbage-first heap   total 262144K, used 73943K [0x00000000e0000000, 0x0000000100000000)
  region size 1024K, 6 young (6144K), 6 survivors (6144K)
 Metaspace       used 66998K, committed 69440K, reserved 393216K
  class space    used 9507K, committed 10752K, reserved 327680K
}
Event: 71.060 GC heap before
{Heap before GC invocations=19 (full 0):
 garbage-first heap   total 262144K, used 224471K [0x00000000e0000000, 0x0000000100000000)
  region size 1024K, 153 young (156672K), 6 survivors (6144K)
 Metaspace       used 67219K, committed 69696K, reserved 393216K
  class space    used 9510K, committed 10752K, reserved 327680K
}
Event: 71.103 GC heap after
{Heap after GC invocations=20 (full 0):
 garbage-first heap   total 262144K, used 75690K [0x00000000e0000000, 0x0000000100000000)
  region size 1024K, 8 young (8192K), 8 survivors (8192K)
 Metaspace       used 67219K, committed 69696K, reserved 393216K
  class space    used 9510K, committed 10752K, reserved 327680K
}
Event: 87.473 GC heap before
{Heap before GC invocations=20 (full 0):
 garbage-first heap   total 262144K, used 224170K [0x00000000e0000000, 0x0000000100000000)
  region size 1024K, 153 young (156672K), 8 survivors (8192K)
 Metaspace       used 71833K, committed 74432K, reserved 393216K
  class space    used 10251K, committed 11520K, reserved 327680K
}
Event: 87.523 GC heap after
{Heap after GC invocations=21 (full 0):
 garbage-first heap   total 262144K, used 81722K [0x00000000e0000000, 0x0000000100000000)
  region size 1024K, 14 young (14336K), 14 survivors (14336K)
 Metaspace       used 71833K, committed 74432K, reserved 393216K
  class space    used 10251K, committed 11520K, reserved 327680K
}
Event: 111.116 GC heap before
{Heap before GC invocations=21 (full 0):
 garbage-first heap   total 262144K, used 224058K [0x00000000e0000000, 0x0000000100000000)
  region size 1024K, 153 young (156672K), 14 survivors (14336K)
 Metaspace       used 72371K, committed 75008K, reserved 393216K
  class space    used 10293K, committed 11584K, reserved 327680K
}
Event: 111.504 GC heap after
{Heap after GC invocations=22 (full 0):
 garbage-first heap   total 262144K, used 90321K [0x00000000e0000000, 0x0000000100000000)
  region size 1024K, 19 young (19456K), 19 survivors (19456K)
 Metaspace       used 72371K, committed 75008K, reserved 393216K
  class space    used 10293K, committed 11584K, reserved 327680K
}
Event: 112.300 GC heap before
{Heap before GC invocations=22 (full 0):
 garbage-first heap   total 262144K, used 95441K [0x00000000e0000000, 0x0000000100000000)
  region size 1024K, 24 young (24576K), 19 survivors (19456K)
 Metaspace       used 72376K, committed 75008K, reserved 393216K
  class space    used 10293K, committed 11584K, reserved 327680K
}
Event: 112.352 GC heap after
{Heap after GC invocations=23 (full 0):
 garbage-first heap   total 262144K, used 92160K [0x00000000e0000000, 0x0000000100000000)
  region size 1024K, 3 young (3072K), 3 survivors (3072K)
 Metaspace       used 72376K, committed 75008K, reserved 393216K
  class space    used 10293K, committed 11584K, reserved 327680K
}

