# JRE version: OpenJDK Runtime Environment Temurin-21.0.12.1+1 (21.0.12.1+1) (build 21.0.12.1+1-LTS)
# Java VM: OpenJDK 64-Bit Server VM Temurin-21.0.12.1+1 (21.0.12.1+1-LTS, mixed mode, sharing, tiered, compressed oops, compressed class ptrs, parallel gc, windows-amd64)
GC Precious Log:
 CardTable entry size: 512
 CPUs: 8 total, 8 available
 Memory: 3982M
 Large Page Support: Disabled
 NUMA Support: Disabled
 Compressed Oops: Enabled (Zero based)
 Alignments: Space 512K, Generation 512K, Heap 2M
 Heap Min Capacity: 100M
 Heap Initial Capacity: 100M
 Heap Max Capacity: 4G
 Pre-touch: Disabled
 Parallel Workers: 8
Heap:
 PSYoungGen      total 15360K, used 11244K [0x00000007aab00000, 0x00000007abf00000, 0x0000000800000000)
  eden space 14848K, 72% used [0x00000007aab00000,0x00000007ab57b150,0x00000007ab980000)
  from space 512K, 100% used [0x00000007ab980000,0x00000007aba00000,0x00000007aba00000)
  to   space 2048K, 0% used [0x00000007abd00000,0x00000007abd00000,0x00000007abf00000)
 ParOldGen       total 2796544K, used 62369K [0x0000000700000000, 0x00000007aab00000, 0x00000007aab00000)
  object space 2796544K, 2% used [0x0000000700000000,0x0000000703ce84a8,0x00000007aab00000)
 Metaspace       used 59650K, committed 61056K, reserved 1114112K
  class space    used 6218K, committed 6912K, reserved 1048576K
GC Heap History (20 events):
Event: 30.822 GC heap before
{Heap before GC invocations=75 (full 3):
 PSYoungGen      total 12800K, used 12800K [0x00000007aab00000, 0x00000007ab900000, 0x0000000800000000)
  eden space 12288K, 100% used [0x00000007aab00000,0x00000007ab700000,0x00000007ab700000)
  from space 512K, 100% used [0x00000007ab780000,0x00000007ab800000,0x00000007ab800000)
  to   space 1024K, 0% used [0x00000007ab800000,0x00000007ab800000,0x00000007ab900000)
 ParOldGen       total 68608K, used 62408K [0x0000000700000000, 0x0000000704300000, 0x00000007aab00000)
  object space 68608K, 90% used [0x0000000700000000,0x0000000703cf20c0,0x0000000704300000)
 Metaspace       used 59004K, committed 60416K, reserved 1114112K
  class space    used 6230K, committed 6848K, reserved 1048576K
}
Event: 30.825 GC heap after
{Heap after GC invocations=75 (full 3):
 PSYoungGen      total 13312K, used 785K [0x00000007aab00000, 0x00000007ab900000, 0x0000000800000000)
  eden space 12288K, 0% used [0x00000007aab00000,0x00000007aab00000,0x00000007ab700000)
  from space 1024K, 76% used [0x00000007ab800000,0x00000007ab8c4730,0x00000007ab900000)
  to   space 1024K, 0% used [0x00000007ab700000,0x00000007ab700000,0x00000007ab800000)
 ParOldGen       total 68608K, used 62840K [0x0000000700000000, 0x0000000704300000, 0x00000007aab00000)
  object space 68608K, 91% used [0x0000000700000000,0x0000000703d5e100,0x0000000704300000)
 Metaspace       used 59004K, committed 60416K, reserved 1114112K
  class space    used 6230K, committed 6848K, reserved 1048576K
}
Event: 30.865 GC heap before
{Heap before GC invocations=76 (full 3):
 PSYoungGen      total 13312K, used 13073K [0x00000007aab00000, 0x00000007ab900000, 0x0000000800000000)
  eden space 12288K, 100% used [0x00000007aab00000,0x00000007ab700000,0x00000007ab700000)
  from space 1024K, 76% used [0x00000007ab800000,0x00000007ab8c4730,0x00000007ab900000)
  to   space 1024K, 0% used [0x00000007ab700000,0x00000007ab700000,0x00000007ab800000)
 ParOldGen       total 68608K, used 62840K [0x0000000700000000, 0x0000000704300000, 0x00000007aab00000)
  object space 68608K, 91% used [0x0000000700000000,0x0000000703d5e100,0x0000000704300000)
 Metaspace       used 59061K, committed 60480K, reserved 1114112K
  class space    used 6238K, committed 6912K, reserved 1048576K
}
Event: 30.867 GC heap after
{Heap after GC invocations=76 (full 3):
 PSYoungGen      total 13312K, used 658K [0x00000007aab00000, 0x00000007ab900000, 0x0000000800000000)
  eden space 12288K, 0% used [0x00000007aab00000,0x00000007aab00000,0x00000007ab700000)
  from space 1024K, 64% used [0x00000007ab700000,0x00000007ab7a4940,0x00000007ab800000)
  to   space 1024K, 0% used [0x00000007ab800000,0x00000007ab800000,0x00000007ab900000)
 ParOldGen       total 68608K, used 63476K [0x0000000700000000, 0x0000000704300000, 0x00000007aab00000)
  object space 68608K, 92% used [0x0000000700000000,0x0000000703dfd160,0x0000000704300000)
 Metaspace       used 59061K, committed 60480K, reserved 1114112K
  class space    used 6238K, committed 6912K, reserved 1048576K
}
Event: 30.940 GC heap before
{Heap before GC invocations=77 (full 3):
 PSYoungGen      total 13312K, used 12946K [0x00000007aab00000, 0x00000007ab900000, 0x0000000800000000)
  eden space 12288K, 100% used [0x00000007aab00000,0x00000007ab700000,0x00000007ab700000)
  from space 1024K, 64% used [0x00000007ab700000,0x00000007ab7a4940,0x00000007ab800000)
  to   space 1024K, 0% used [0x00000007ab800000,0x00000007ab800000,0x00000007ab900000)
 ParOldGen       total 68608K, used 63476K [0x0000000700000000, 0x0000000704300000, 0x00000007aab00000)
  object space 68608K, 92% used [0x0000000700000000,0x0000000703dfd160,0x0000000704300000)
 Metaspace       used 59099K, committed 60544K, reserved 1114112K
  class space    used 6239K, committed 6912K, reserved 1048576K
}
Event: 30.943 GC heap after
{Heap after GC invocations=77 (full 3):
 PSYoungGen      total 12800K, used 1000K [0x00000007aab00000, 0x00000007aba00000, 0x0000000800000000)
  eden space 11776K, 0% used [0x00000007aab00000,0x00000007aab00000,0x00000007ab680000)
  from space 1024K, 97% used [0x00000007ab800000,0x00000007ab8fa300,0x00000007ab900000)
  to   space 1536K, 0% used [0x00000007ab680000,0x00000007ab680000,0x00000007ab800000)
 ParOldGen       total 68608K, used 63992K [0x0000000700000000, 0x0000000704300000, 0x00000007aab00000)
  object space 68608K, 93% used [0x0000000700000000,0x0000000703e7e268,0x0000000704300000)
 Metaspace       used 59099K, committed 60544K, reserved 1114112K
  class space    used 6239K, committed 6912K, reserved 1048576K
}
Event: 31.009 GC heap before
{Heap before GC invocations=78 (full 3):
 PSYoungGen      total 12800K, used 12776K [0x00000007aab00000, 0x00000007aba00000, 0x0000000800000000)
  eden space 11776K, 100% used [0x00000007aab00000,0x00000007ab680000,0x00000007ab680000)
  from space 1024K, 97% used [0x00000007ab800000,0x00000007ab8fa300,0x00000007ab900000)
  to   space 1536K, 0% used [0x00000007ab680000,0x00000007ab680000,0x00000007ab800000)
 ParOldGen       total 68608K, used 63992K [0x0000000700000000, 0x0000000704300000, 0x00000007aab00000)
  object space 68608K, 93% used [0x0000000700000000,0x0000000703e7e268,0x0000000704300000)
 Metaspace       used 59161K, committed 60608K, reserved 1114112K
  class space    used 6240K, committed 6912K, reserved 1048576K
}
Event: 31.012 GC heap after
{Heap after GC invocations=78 (full 3):
 PSYoungGen      total 12800K, used 805K [0x00000007aab00000, 0x00000007ab880000, 0x0000000800000000)
  eden space 11776K, 0% used [0x00000007aab00000,0x00000007aab00000,0x00000007ab680000)
  from space 1024K, 78% used [0x00000007ab680000,0x00000007ab749620,0x00000007ab780000)
  to   space 1024K, 0% used [0x00000007ab780000,0x00000007ab780000,0x00000007ab880000)
 ParOldGen       total 68608K, used 64855K [0x0000000700000000, 0x0000000704300000, 0x00000007aab00000)
  object space 68608K, 94% used [0x0000000700000000,0x0000000703f55c40,0x0000000704300000)
 Metaspace       used 59161K, committed 60608K, reserved 1114112K
  class space    used 6240K, committed 6912K, reserved 1048576K
}
Event: 32.189 GC heap before
{Heap before GC invocations=79 (full 3):
 PSYoungGen      total 12800K, used 12581K [0x00000007aab00000, 0x00000007ab880000, 0x0000000800000000)
  eden space 11776K, 100% used [0x00000007aab00000,0x00000007ab680000,0x00000007ab680000)
  from space 1024K, 78% used [0x00000007ab680000,0x00000007ab749620,0x00000007ab780000)
  to   space 1024K, 0% used [0x00000007ab780000,0x00000007ab780000,0x00000007ab880000)
 ParOldGen       total 68608K, used 64855K [0x0000000700000000, 0x0000000704300000, 0x00000007aab00000)
  object space 68608K, 94% used [0x0000000700000000,0x0000000703f55c40,0x0000000704300000)
 Metaspace       used 59350K, committed 60736K, reserved 1114112K
  class space    used 6253K, committed 6912K, reserved 1048576K
}
Event: 32.193 GC heap after
{Heap after GC invocations=79 (full 3):
 PSYoungGen      total 11264K, used 1024K [0x00000007aab00000, 0x00000007abb80000, 0x0000000800000000)
  eden space 10240K, 0% used [0x00000007aab00000,0x00000007aab00000,0x00000007ab500000)
  from space 1024K, 100% used [0x00000007ab780000,0x00000007ab880000,0x00000007ab880000)
  to   space 2560K, 0% used [0x00000007ab500000,0x00000007ab500000,0x00000007ab780000)
 ParOldGen       total 68608K, used 65796K [0x0000000700000000, 0x0000000704300000, 0x00000007aab00000)
  object space 68608K, 95% used [0x0000000700000000,0x0000000704041130,0x0000000704300000)
 Metaspace       used 59350K, committed 60736K, reserved 1114112K
  class space    used 6253K, committed 6912K, reserved 1048576K
}
Event: 32.193 GC heap before
{Heap before GC invocations=80 (full 3):
 PSYoungGen      total 11264K, used 1024K [0x00000007aab00000, 0x00000007abb80000, 0x0000000800000000)
  eden space 10240K, 0% used [0x00000007aab00000,0x00000007aab00000,0x00000007ab500000)
  from space 1024K, 100% used [0x00000007ab780000,0x00000007ab880000,0x00000007ab880000)
  to   space 2560K, 0% used [0x00000007ab500000,0x00000007ab500000,0x00000007ab780000)
 ParOldGen       total 68608K, used 65796K [0x0000000700000000, 0x0000000704300000, 0x00000007aab00000)
  object space 68608K, 95% used [0x0000000700000000,0x0000000704041130,0x0000000704300000)
 Metaspace       used 59350K, committed 60736K, reserved 1114112K
  class space    used 6253K, committed 6912K, reserved 1048576K
}
Event: 32.194 GC heap after
{Heap after GC invocations=80 (full 3):
 PSYoungGen      total 12800K, used 0K [0x00000007aab00000, 0x00000007ab900000, 0x0000000800000000)
  eden space 10240K, 0% used [0x00000007aab00000,0x00000007aab00000,0x00000007ab500000)
  from space 2560K, 0% used [0x00000007ab500000,0x00000007ab500000,0x00000007ab780000)
  to   space 1024K, 0% used [0x00000007ab800000,0x00000007ab800000,0x00000007ab900000)
 ParOldGen       total 68608K, used 66803K [0x0000000700000000, 0x0000000704300000, 0x00000007aab00000)
  object space 68608K, 97% used [0x0000000700000000,0x000000070413ce18,0x0000000704300000)
 Metaspace       used 59350K, committed 60736K, reserved 1114112K
  class space    used 6253K, committed 6912K, reserved 1048576K
}
Event: 32.194 GC heap before
{Heap before GC invocations=81 (full 4):
 PSYoungGen      total 12800K, used 0K [0x00000007aab00000, 0x00000007ab900000, 0x0000000800000000)
  eden space 10240K, 0% used [0x00000007aab00000,0x00000007aab00000,0x00000007ab500000)
  from space 2560K, 0% used [0x00000007ab500000,0x00000007ab500000,0x00000007ab780000)
  to   space 1024K, 0% used [0x00000007ab800000,0x00000007ab800000,0x00000007ab900000)
 ParOldGen       total 68608K, used 66803K [0x0000000700000000, 0x0000000704300000, 0x00000007aab00000)
  object space 68608K, 97% used [0x0000000700000000,0x000000070413ce18,0x0000000704300000)
 Metaspace       used 59350K, committed 60736K, reserved 1114112K
  class space    used 6253K, committed 6912K, reserved 1048576K
}
Event: 32.302 GC heap after
{Heap after GC invocations=81 (full 4):
 PSYoungGen      total 13312K, used 0K [0x00000007aab00000, 0x00000007ab900000, 0x0000000800000000)
  eden space 12288K, 0% used [0x00000007aab00000,0x00000007aab00000,0x00000007ab700000)
  from space 1024K, 0% used [0x00000007ab800000,0x00000007ab800000,0x00000007ab900000)
  to   space 1024K, 0% used [0x00000007ab700000,0x00000007ab700000,0x00000007ab800000)
 ParOldGen       total 95232K, used 64885K [0x0000000700000000, 0x0000000705d00000, 0x00000007aab00000)
  object space 95232K, 68% used [0x0000000700000000,0x0000000703f5d6e8,0x0000000705d00000)
 Metaspace       used 59350K, committed 60736K, reserved 1114112K
  class space    used 6253K, committed 6912K, reserved 1048576K
}
Event: 34.318 GC heap before
{Heap before GC invocations=82 (full 4):
 PSYoungGen      total 13312K, used 0K [0x00000007aab00000, 0x00000007ab900000, 0x0000000800000000)
  eden space 12288K, 0% used [0x00000007aab00000,0x00000007aab00000,0x00000007ab700000)
  from space 1024K, 0% used [0x00000007ab800000,0x00000007ab800000,0x00000007ab900000)
  to   space 1024K, 0% used [0x00000007ab700000,0x00000007ab700000,0x00000007ab800000)
 ParOldGen       total 95232K, used 64885K [0x0000000700000000, 0x0000000705d00000, 0x00000007aab00000)
  object space 95232K, 68% used [0x0000000700000000,0x0000000703f5d6e8,0x0000000705d00000)
 Metaspace       used 59350K, committed 60736K, reserved 1114112K
  class space    used 6253K, committed 6912K, reserved 1048576K
}
Event: 34.319 GC heap after
{Heap after GC invocations=82 (full 4):
 PSYoungGen      total 13312K, used 0K [0x00000007aab00000, 0x00000007aba80000, 0x0000000800000000)
  eden space 12288K, 0% used [0x00000007aab00000,0x00000007aab00000,0x00000007ab700000)
  from space 1024K, 0% used [0x00000007ab700000,0x00000007ab700000,0x00000007ab800000)
  to   space 512K, 0% used [0x00000007aba00000,0x00000007aba00000,0x00000007aba80000)
 ParOldGen       total 95232K, used 64885K [0x0000000700000000, 0x0000000705d00000, 0x00000007aab00000)
  object space 95232K, 68% used [0x0000000700000000,0x0000000703f5d6e8,0x0000000705d00000)
 Metaspace       used 59350K, committed 60736K, reserved 1114112K
  class space    used 6253K, committed 6912K, reserved 1048576K
}
Event: 34.319 GC heap before
{Heap before GC invocations=83 (full 5):
 PSYoungGen      total 13312K, used 0K [0x00000007aab00000, 0x00000007aba80000, 0x0000000800000000)
  eden space 12288K, 0% used [0x00000007aab00000,0x00000007aab00000,0x00000007ab700000)
  from space 1024K, 0% used [0x00000007ab700000,0x00000007ab700000,0x00000007ab800000)
  to   space 512K, 0% used [0x00000007aba00000,0x00000007aba00000,0x00000007aba80000)
 ParOldGen       total 95232K, used 64885K [0x0000000700000000, 0x0000000705d00000, 0x00000007aab00000)
  object space 95232K, 68% used [0x0000000700000000,0x0000000703f5d6e8,0x0000000705d00000)
 Metaspace       used 59350K, committed 60736K, reserved 1114112K
  class space    used 6253K, committed 6912K, reserved 1048576K
}
Event: 34.585 GC heap after
{Heap after GC invocations=83 (full 5):
 PSYoungGen      total 14848K, used 0K [0x00000007aab00000, 0x00000007aba80000, 0x0000000800000000)
  eden space 14336K, 0% used [0x00000007aab00000,0x00000007aab00000,0x00000007ab900000)
  from space 512K, 0% used [0x00000007aba00000,0x00000007aba00000,0x00000007aba80000)
  to   space 512K, 0% used [0x00000007ab980000,0x00000007ab980000,0x00000007aba00000)
 ParOldGen       total 99328K, used 61259K [0x0000000700000000, 0x0000000706100000, 0x00000007aab00000)
  object space 99328K, 61% used [0x0000000700000000,0x0000000703bd2f58,0x0000000706100000)
 Metaspace       used 59078K, committed 60736K, reserved 1114112K
  class space    used 6178K, committed 6912K, reserved 1048576K
}
Event: 37.649 GC heap before
{Heap before GC invocations=84 (full 5):
 PSYoungGen      total 14848K, used 14335K [0x00000007aab00000, 0x00000007aba80000, 0x0000000800000000)
  eden space 14336K, 99% used [0x00000007aab00000,0x00000007ab8ffff0,0x00000007ab900000)
  from space 512K, 0% used [0x00000007aba00000,0x00000007aba00000,0x00000007aba80000)
  to   space 512K, 0% used [0x00000007ab980000,0x00000007ab980000,0x00000007aba00000)
 ParOldGen       total 2796544K, used 61259K [0x0000000700000000, 0x00000007aab00000, 0x00000007aab00000)
  object space 2796544K, 2% used [0x0000000700000000,0x0000000703bd2f58,0x00000007aab00000)
 Metaspace       used 59379K, committed 60864K, reserved 1114112K
  class space    used 6207K, committed 6912K, reserved 1048576K
}
Event: 37.654 GC heap after
{Heap after GC invocations=84 (full 5):
 PSYoungGen      total 15360K, used 512K [0x00000007aab00000, 0x00000007abf00000, 0x0000000800000000)
  eden space 14848K, 0% used [0x00000007aab00000,0x00000007aab00000,0x00000007ab980000)
  from space 512K, 100% used [0x00000007ab980000,0x00000007aba00000,0x00000007aba00000)
  to   space 2048K, 0% used [0x00000007abd00000,0x00000007abd00000,0x00000007abf00000)
 ParOldGen       total 2796544K, used 62369K [0x0000000700000000, 0x00000007aab00000, 0x00000007aab00000)
  object space 2796544K, 2% used [0x0000000700000000,0x0000000703ce84a8,0x00000007aab00000)
 Metaspace       used 59379K, committed 60864K, reserved 1114112K
  class space    used 6207K, committed 6912K, reserved 1048576K
}

