# JRE version: OpenJDK Runtime Environment Temurin-21.0.11+10 (21.0.11+10) (build 21.0.11+10-LTS)
# Java VM: OpenJDK 64-Bit Server VM Temurin-21.0.11+10 (21.0.11+10-LTS, mixed mode, sharing, tiered, compressed oops, compressed class ptrs, parallel gc, windows-amd64)
GC Precious Log:
 CardTable entry size: 512
 CPUs: 8 total, 8 available
 Memory: 3982M
 Large Page Support: Disabled
 NUMA Support: Disabled
 Compressed Oops: Enabled (32-bit)
 Alignments: Space 512K, Generation 512K, Heap 2M
 Heap Min Capacity: 100M
 Heap Initial Capacity: 100M
 Heap Max Capacity: 2G
 Pre-touch: Disabled
 Parallel Workers: 8
Heap:
 PSYoungGen      total 26112K, used 2036K [0x00000000d5580000, 0x00000000d7580000, 0x0000000100000000)
  eden space 24064K, 0% used [0x00000000d5580000,0x00000000d5580000,0x00000000d6d00000)
  from space 2048K, 99% used [0x00000000d6d80000,0x00000000d6f7d128,0x00000000d6f80000)
  to   space 3584K, 0% used [0x00000000d7200000,0x00000000d7200000,0x00000000d7580000)
 ParOldGen       total 909312K, used 552904K [0x0000000080000000, 0x00000000b7800000, 0x00000000d5580000)
  object space 909312K, 60% used [0x0000000080000000,0x00000000a1bf2310,0x00000000b7800000)
 Metaspace       used 97985K, committed 99712K, reserved 1179648K
  class space    used 11195K, committed 11968K, reserved 1048576K
GC Heap History (20 events):
Event: 889.341 GC heap before
{Heap before GC invocations=1571 (full 4):
 PSYoungGen      total 37376K, used 37367K [0x00000000d5580000, 0x00000000d8f00000, 0x0000000100000000)
  eden space 32256K, 100% used [0x00000000d5580000,0x00000000d7500000,0x00000000d7500000)
  from space 5120K, 99% used [0x00000000d8000000,0x00000000d84fddf0,0x00000000d8500000)
  to   space 11264K, 0% used [0x00000000d7500000,0x00000000d7500000,0x00000000d8000000)
 ParOldGen       total 909312K, used 518440K [0x0000000080000000, 0x00000000b7800000, 0x00000000d5580000)
  object space 909312K, 57% used [0x0000000080000000,0x000000009fa4a138,0x00000000b7800000)
 Metaspace       used 97505K, committed 99264K, reserved 1179648K
  class space    used 11186K, committed 11968K, reserved 1048576K
}
Event: 889.491 GC heap after
{Heap after GC invocations=1571 (full 4):
 PSYoungGen      total 35328K, used 3344K [0x00000000d5580000, 0x00000000d8080000, 0x0000000100000000)
  eden space 31744K, 0% used [0x00000000d5580000,0x00000000d5580000,0x00000000d7480000)
  from space 3584K, 93% used [0x00000000d7500000,0x00000000d7844020,0x00000000d7880000)
  to   space 6144K, 0% used [0x00000000d7a80000,0x00000000d7a80000,0x00000000d8080000)
 ParOldGen       total 909312K, used 522031K [0x0000000080000000, 0x00000000b7800000, 0x00000000d5580000)
  object space 909312K, 57% used [0x0000000080000000,0x000000009fdcbc78,0x00000000b7800000)
 Metaspace       used 97505K, committed 99264K, reserved 1179648K
  class space    used 11186K, committed 11968K, reserved 1048576K
}
Event: 909.045 GC heap before
{Heap before GC invocations=1572 (full 4):
 PSYoungGen      total 35328K, used 35088K [0x00000000d5580000, 0x00000000d8080000, 0x0000000100000000)
  eden space 31744K, 100% used [0x00000000d5580000,0x00000000d7480000,0x00000000d7480000)
  from space 3584K, 93% used [0x00000000d7500000,0x00000000d7844020,0x00000000d7880000)
  to   space 6144K, 0% used [0x00000000d7a80000,0x00000000d7a80000,0x00000000d8080000)
 ParOldGen       total 909312K, used 522031K [0x0000000080000000, 0x00000000b7800000, 0x00000000d5580000)
  object space 909312K, 57% used [0x0000000080000000,0x000000009fdcbc78,0x00000000b7800000)
 Metaspace       used 97607K, committed 99328K, reserved 1179648K
  class space    used 11192K, committed 11968K, reserved 1048576K
}
Event: 909.694 GC heap after
{Heap after GC invocations=1572 (full 4):
 PSYoungGen      total 34304K, used 2912K [0x00000000d5580000, 0x00000000d7d80000, 0x0000000100000000)
  eden space 31232K, 0% used [0x00000000d5580000,0x00000000d5580000,0x00000000d7400000)
  from space 3072K, 94% used [0x00000000d7a80000,0x00000000d7d58010,0x00000000d7d80000)
  to   space 3584K, 0% used [0x00000000d7680000,0x00000000d7680000,0x00000000d7a00000)
 ParOldGen       total 909312K, used 525143K [0x0000000080000000, 0x00000000b7800000, 0x00000000d5580000)
  object space 909312K, 57% used [0x0000000080000000,0x00000000a00d5c78,0x00000000b7800000)
 Metaspace       used 97607K, committed 99328K, reserved 1179648K
  class space    used 11192K, committed 11968K, reserved 1048576K
}
Event: 915.500 GC heap before
{Heap before GC invocations=1573 (full 4):
 PSYoungGen      total 34304K, used 34144K [0x00000000d5580000, 0x00000000d7d80000, 0x0000000100000000)
  eden space 31232K, 100% used [0x00000000d5580000,0x00000000d7400000,0x00000000d7400000)
  from space 3072K, 94% used [0x00000000d7a80000,0x00000000d7d58010,0x00000000d7d80000)
  to   space 3584K, 0% used [0x00000000d7680000,0x00000000d7680000,0x00000000d7a00000)
 ParOldGen       total 909312K, used 525143K [0x0000000080000000, 0x00000000b7800000, 0x00000000d5580000)
  object space 909312K, 57% used [0x0000000080000000,0x00000000a00d5c78,0x00000000b7800000)
 Metaspace       used 97637K, committed 99392K, reserved 1179648K
  class space    used 11192K, committed 11968K, reserved 1048576K
}
Event: 915.977 GC heap after
{Heap after GC invocations=1573 (full 4):
 PSYoungGen      total 33280K, used 2559K [0x00000000d5580000, 0x00000000d7b00000, 0x0000000100000000)
  eden space 30720K, 0% used [0x00000000d5580000,0x00000000d5580000,0x00000000d7380000)
  from space 2560K, 99% used [0x00000000d7680000,0x00000000d78ffca8,0x00000000d7900000)
  to   space 2048K, 0% used [0x00000000d7900000,0x00000000d7900000,0x00000000d7b00000)
 ParOldGen       total 909312K, used 527958K [0x0000000080000000, 0x00000000b7800000, 0x00000000d5580000)
  object space 909312K, 58% used [0x0000000080000000,0x00000000a0395a80,0x00000000b7800000)
 Metaspace       used 97637K, committed 99392K, reserved 1179648K
  class space    used 11192K, committed 11968K, reserved 1048576K
}
Event: 916.888 GC heap before
{Heap before GC invocations=1574 (full 4):
 PSYoungGen      total 33280K, used 33279K [0x00000000d5580000, 0x00000000d7b00000, 0x0000000100000000)
  eden space 30720K, 100% used [0x00000000d5580000,0x00000000d7380000,0x00000000d7380000)
  from space 2560K, 99% used [0x00000000d7680000,0x00000000d78ffca8,0x00000000d7900000)
  to   space 2048K, 0% used [0x00000000d7900000,0x00000000d7900000,0x00000000d7b00000)
 ParOldGen       total 909312K, used 527958K [0x0000000080000000, 0x00000000b7800000, 0x00000000d5580000)
  object space 909312K, 58% used [0x0000000080000000,0x00000000a0395a80,0x00000000b7800000)
 Metaspace       used 97659K, committed 99456K, reserved 1179648K
  class space    used 11192K, committed 11968K, reserved 1048576K
}
Event: 916.970 GC heap after
{Heap after GC invocations=1574 (full 4):
 PSYoungGen      total 32256K, used 1792K [0x00000000d5580000, 0x00000000d7b00000, 0x0000000100000000)
  eden space 30208K, 0% used [0x00000000d5580000,0x00000000d5580000,0x00000000d7300000)
  from space 2048K, 87% used [0x00000000d7900000,0x00000000d7ac0040,0x00000000d7b00000)
  to   space 2560K, 0% used [0x00000000d7600000,0x00000000d7600000,0x00000000d7880000)
 ParOldGen       total 909312K, used 530362K [0x0000000080000000, 0x00000000b7800000, 0x00000000d5580000)
  object space 909312K, 58% used [0x0000000080000000,0x00000000a05eebc0,0x00000000b7800000)
 Metaspace       used 97659K, committed 99456K, reserved 1179648K
  class space    used 11192K, committed 11968K, reserved 1048576K
}
Event: 918.074 GC heap before
{Heap before GC invocations=1575 (full 4):
 PSYoungGen      total 32256K, used 32000K [0x00000000d5580000, 0x00000000d7b00000, 0x0000000100000000)
  eden space 30208K, 100% used [0x00000000d5580000,0x00000000d7300000,0x00000000d7300000)
  from space 2048K, 87% used [0x00000000d7900000,0x00000000d7ac0040,0x00000000d7b00000)
  to   space 2560K, 0% used [0x00000000d7600000,0x00000000d7600000,0x00000000d7880000)
 ParOldGen       total 909312K, used 530362K [0x0000000080000000, 0x00000000b7800000, 0x00000000d5580000)
  object space 909312K, 58% used [0x0000000080000000,0x00000000a05eebc0,0x00000000b7800000)
 Metaspace       used 97666K, committed 99456K, reserved 1179648K
  class space    used 11192K, committed 11968K, reserved 1048576K
}
Event: 918.181 GC heap after
{Heap after GC invocations=1575 (full 4):
 PSYoungGen      total 31744K, used 1712K [0x00000000d5580000, 0x00000000d7980000, 0x0000000100000000)
  eden space 29696K, 0% used [0x00000000d5580000,0x00000000d5580000,0x00000000d7280000)
  from space 2048K, 83% used [0x00000000d7600000,0x00000000d77ac030,0x00000000d7800000)
  to   space 1536K, 0% used [0x00000000d7800000,0x00000000d7800000,0x00000000d7980000)
 ParOldGen       total 909312K, used 532061K [0x0000000080000000, 0x00000000b7800000, 0x00000000d5580000)
  object space 909312K, 58% used [0x0000000080000000,0x00000000a0797700,0x00000000b7800000)
 Metaspace       used 97666K, committed 99456K, reserved 1179648K
  class space    used 11192K, committed 11968K, reserved 1048576K
}
Event: 926.894 GC heap before
{Heap before GC invocations=1576 (full 4):
 PSYoungGen      total 31744K, used 31055K [0x00000000d5580000, 0x00000000d7980000, 0x0000000100000000)
  eden space 29696K, 98% used [0x00000000d5580000,0x00000000d7227bf8,0x00000000d7280000)
  from space 2048K, 83% used [0x00000000d7600000,0x00000000d77ac030,0x00000000d7800000)
  to   space 1536K, 0% used [0x00000000d7800000,0x00000000d7800000,0x00000000d7980000)
 ParOldGen       total 909312K, used 532061K [0x0000000080000000, 0x00000000b7800000, 0x00000000d5580000)
  object space 909312K, 58% used [0x0000000080000000,0x00000000a0797700,0x00000000b7800000)
 Metaspace       used 97726K, committed 99520K, reserved 1179648K
  class space    used 11193K, committed 11968K, reserved 1048576K
}
Event: 928.574 GC heap after
{Heap after GC invocations=1576 (full 4):
 PSYoungGen      total 30208K, used 1527K [0x00000000d5580000, 0x00000000d7f00000, 0x0000000100000000)
  eden space 28672K, 0% used [0x00000000d5580000,0x00000000d5580000,0x00000000d7180000)
  from space 1536K, 99% used [0x00000000d7800000,0x00000000d797ddd0,0x00000000d7980000)
  to   space 6656K, 0% used [0x00000000d7180000,0x00000000d7180000,0x00000000d7800000)
 ParOldGen       total 909312K, used 536218K [0x0000000080000000, 0x00000000b7800000, 0x00000000d5580000)
  object space 909312K, 58% used [0x0000000080000000,0x00000000a0ba6a18,0x00000000b7800000)
 Metaspace       used 97726K, committed 99520K, reserved 1179648K
  class space    used 11193K, committed 11968K, reserved 1048576K
}
Event: 932.457 GC heap before
{Heap before GC invocations=1577 (full 4):
 PSYoungGen      total 30208K, used 30199K [0x00000000d5580000, 0x00000000d7f00000, 0x0000000100000000)
  eden space 28672K, 100% used [0x00000000d5580000,0x00000000d7180000,0x00000000d7180000)
  from space 1536K, 99% used [0x00000000d7800000,0x00000000d797ddd0,0x00000000d7980000)
  to   space 6656K, 0% used [0x00000000d7180000,0x00000000d7180000,0x00000000d7800000)
 ParOldGen       total 909312K, used 536218K [0x0000000080000000, 0x00000000b7800000, 0x00000000d5580000)
  object space 909312K, 58% used [0x0000000080000000,0x00000000a0ba6a18,0x00000000b7800000)
 Metaspace       used 97820K, committed 99584K, reserved 1179648K
  class space    used 11195K, committed 11968K, reserved 1048576K
}
Event: 932.821 GC heap after
{Heap after GC invocations=1577 (full 4):
 PSYoungGen      total 30720K, used 2560K [0x00000000d5580000, 0x00000000d7900000, 0x0000000100000000)
  eden space 28160K, 0% used [0x00000000d5580000,0x00000000d5580000,0x00000000d7100000)
  from space 2560K, 100% used [0x00000000d7180000,0x00000000d7400000,0x00000000d7400000)
  to   space 4096K, 0% used [0x00000000d7500000,0x00000000d7500000,0x00000000d7900000)
 ParOldGen       total 909312K, used 537774K [0x0000000080000000, 0x00000000b7800000, 0x00000000d5580000)
  object space 909312K, 59% used [0x0000000080000000,0x00000000a0d2bad0,0x00000000b7800000)
 Metaspace       used 97820K, committed 99584K, reserved 1179648K
  class space    used 11195K, committed 11968K, reserved 1048576K
}
Event: 937.298 GC heap before
{Heap before GC invocations=1578 (full 4):
 PSYoungGen      total 30720K, used 30720K [0x00000000d5580000, 0x00000000d7900000, 0x0000000100000000)
  eden space 28160K, 100% used [0x00000000d5580000,0x00000000d7100000,0x00000000d7100000)
  from space 2560K, 100% used [0x00000000d7180000,0x00000000d7400000,0x00000000d7400000)
  to   space 4096K, 0% used [0x00000000d7500000,0x00000000d7500000,0x00000000d7900000)
 ParOldGen       total 909312K, used 537774K [0x0000000080000000, 0x00000000b7800000, 0x00000000d5580000)
  object space 909312K, 59% used [0x0000000080000000,0x00000000a0d2bad0,0x00000000b7800000)
 Metaspace       used 97912K, committed 99648K, reserved 1179648K
  class space    used 11195K, committed 11968K, reserved 1048576K
}
Event: 938.373 GC heap after
{Heap after GC invocations=1578 (full 4):
 PSYoungGen      total 28672K, used 4064K [0x00000000d5580000, 0x00000000d7f80000, 0x0000000100000000)
  eden space 24576K, 0% used [0x00000000d5580000,0x00000000d5580000,0x00000000d6d80000)
  from space 4096K, 99% used [0x00000000d7500000,0x00000000d78f8020,0x00000000d7900000)
  to   space 7680K, 0% used [0x00000000d6d80000,0x00000000d6d80000,0x00000000d7500000)
 ParOldGen       total 909312K, used 540250K [0x0000000080000000, 0x00000000b7800000, 0x00000000d5580000)
  object space 909312K, 59% used [0x0000000080000000,0x00000000a0f96b80,0x00000000b7800000)
 Metaspace       used 97912K, committed 99648K, reserved 1179648K
  class space    used 11195K, committed 11968K, reserved 1048576K
}
Event: 939.458 GC heap before
{Heap before GC invocations=1579 (full 4):
 PSYoungGen      total 28672K, used 27840K [0x00000000d5580000, 0x00000000d7f80000, 0x0000000100000000)
  eden space 24576K, 96% used [0x00000000d5580000,0x00000000d6cb8348,0x00000000d6d80000)
  from space 4096K, 99% used [0x00000000d7500000,0x00000000d78f8020,0x00000000d7900000)
  to   space 7680K, 0% used [0x00000000d6d80000,0x00000000d6d80000,0x00000000d7500000)
 ParOldGen       total 909312K, used 540250K [0x0000000080000000, 0x00000000b7800000, 0x00000000d5580000)
  object space 909312K, 59% used [0x0000000080000000,0x00000000a0f96b80,0x00000000b7800000)
 Metaspace       used 97926K, committed 99712K, reserved 1179648K
  class space    used 11195K, committed 11968K, reserved 1048576K
}
Event: 939.512 GC heap after
{Heap after GC invocations=1579 (full 4):
 PSYoungGen      total 26112K, used 1879K [0x00000000d5580000, 0x00000000d7580000, 0x0000000100000000)
  eden space 24064K, 0% used [0x00000000d5580000,0x00000000d5580000,0x00000000d6d00000)
  from space 2048K, 91% used [0x00000000d6d80000,0x00000000d6f55d10,0x00000000d6f80000)
  to   space 3584K, 0% used [0x00000000d7200000,0x00000000d7200000,0x00000000d7580000)
 ParOldGen       total 909312K, used 544184K [0x0000000080000000, 0x00000000b7800000, 0x00000000d5580000)
  object space 909312K, 59% used [0x0000000080000000,0x00000000a136e240,0x00000000b7800000)
 Metaspace       used 97926K, committed 99712K, reserved 1179648K
  class space    used 11195K, committed 11968K, reserved 1048576K
}
Event: 941.918 GC heap before
{Heap before GC invocations=1580 (full 4):
 PSYoungGen      total 26112K, used 25943K [0x00000000d5580000, 0x00000000d7580000, 0x0000000100000000)
  eden space 24064K, 100% used [0x00000000d5580000,0x00000000d6d00000,0x00000000d6d00000)
  from space 2048K, 91% used [0x00000000d6d80000,0x00000000d6f55d10,0x00000000d6f80000)
  to   space 3584K, 0% used [0x00000000d7200000,0x00000000d7200000,0x00000000d7580000)
 ParOldGen       total 909312K, used 544184K [0x0000000080000000, 0x00000000b7800000, 0x00000000d5580000)
  object space 909312K, 59% used [0x0000000080000000,0x00000000a136e240,0x00000000b7800000)
 Metaspace       used 97936K, committed 99712K, reserved 1179648K
  class space    used 11195K, committed 11968K, reserved 1048576K
}
Event: 944.118 GC heap after
{Heap after GC invocations=1580 (full 4):
 PSYoungGen      total 27648K, used 3579K [0x00000000d5580000, 0x00000000d7580000, 0x0000000100000000)
  eden space 24064K, 0% used [0x00000000d5580000,0x00000000d5580000,0x00000000d6d00000)
  from space 3584K, 99% used [0x00000000d7200000,0x00000000d757ec50,0x00000000d7580000)
  to   space 2048K, 0% used [0x00000000d6d80000,0x00000000d6d80000,0x00000000d6f80000)
 ParOldGen       total 909312K, used 547963K [0x0000000080000000, 0x00000000b7800000, 0x00000000d5580000)
  object space 909312K, 60% used [0x0000000080000000,0x00000000a171ec00,0x00000000b7800000)
 Metaspace       used 97936K, committed 99712K, reserved 1179648K
  class space    used 11195K, committed 11968K, reserved 1048576K
}

