# JRE version: OpenJDK Runtime Environment Temurin-21.0.12.1+1 (21.0.12.1+1) (build 21.0.12.1+1-LTS)
# Java VM: OpenJDK 64-Bit Server VM Temurin-21.0.12.1+1 (21.0.12.1+1-LTS, mixed mode, sharing, tiered, compressed oops, compressed class ptrs, parallel gc, windows-amd64)
GC Precious Log:
 CardTable entry size: 512
 CPUs: 8 total, 8 available
 Memory: 3982M
 Large Page Support: Disabled
 NUMA Support: Disabled
 Compressed Oops: Enabled (Zero based)
 Alignments: Space 512K, Generation 512K, Heap 2M
 Heap Min Capacity: 100M
 Heap Initial Capacity: 100M
 Heap Max Capacity: 8G
 Pre-touch: Disabled
 Parallel Workers: 8
Heap:
 PSYoungGen      total 1024K, used 1005K [0x0000000755580000, 0x0000000755880000, 0x0000000800000000)
  eden space 512K, 98% used [0x0000000755580000,0x00000007555fe740,0x0000000755600000)
  from space 512K, 97% used [0x0000000755600000,0x000000075567ce90,0x0000000755680000)
  to   space 1024K, 0% used [0x0000000755780000,0x0000000755780000,0x0000000755880000)
 ParOldGen       total 444416K, used 234082K [0x0000000600000000, 0x000000061b200000, 0x0000000755580000)
  object space 444416K, 52% used [0x0000000600000000,0x000000060e498a80,0x000000061b200000)
 Metaspace       used 74680K, committed 76224K, reserved 1179648K
  class space    used 9065K, committed 9728K, reserved 1048576K
GC Heap History (20 events):
Event: 132.690 GC heap before
{Heap before GC invocations=699 (full 3):
 PSYoungGen      total 2048K, used 1792K [0x0000000755580000, 0x0000000755880000, 0x0000000800000000)
  eden space 1536K, 100% used [0x0000000755580000,0x0000000755700000,0x0000000755700000)
  from space 512K, 50% used [0x0000000755780000,0x00000007557c0000,0x0000000755800000)
  to   space 512K, 0% used [0x0000000755800000,0x0000000755800000,0x0000000755880000)
 ParOldGen       total 444416K, used 230136K [0x0000000600000000, 0x000000061b200000, 0x0000000755580000)
  object space 444416K, 51% used [0x0000000600000000,0x000000060e0be028,0x000000061b200000)
 Metaspace       used 74239K, committed 75776K, reserved 1179648K
  class space    used 9013K, committed 9664K, reserved 1048576K
}
Event: 132.696 GC heap after
{Heap after GC invocations=699 (full 3):
 PSYoungGen      total 2048K, used 480K [0x0000000755580000, 0x0000000755900000, 0x0000000800000000)
  eden space 1536K, 0% used [0x0000000755580000,0x0000000755580000,0x0000000755700000)
  from space 512K, 93% used [0x0000000755800000,0x0000000755878000,0x0000000755880000)
  to   space 1024K, 0% used [0x0000000755700000,0x0000000755700000,0x0000000755800000)
 ParOldGen       total 444416K, used 230208K [0x0000000600000000, 0x000000061b200000, 0x0000000755580000)
  object space 444416K, 51% used [0x0000000600000000,0x000000060e0d0028,0x000000061b200000)
 Metaspace       used 74239K, committed 75776K, reserved 1179648K
  class space    used 9013K, committed 9664K, reserved 1048576K
}
Event: 165.270 GC heap before
{Heap before GC invocations=700 (full 3):
 PSYoungGen      total 2048K, used 2016K [0x0000000755580000, 0x0000000755900000, 0x0000000800000000)
  eden space 1536K, 100% used [0x0000000755580000,0x0000000755700000,0x0000000755700000)
  from space 512K, 93% used [0x0000000755800000,0x0000000755878000,0x0000000755880000)
  to   space 1024K, 0% used [0x0000000755700000,0x0000000755700000,0x0000000755800000)
 ParOldGen       total 444416K, used 230208K [0x0000000600000000, 0x000000061b200000, 0x0000000755580000)
  object space 444416K, 51% used [0x0000000600000000,0x000000060e0d0028,0x000000061b200000)
 Metaspace       used 74487K, committed 76032K, reserved 1179648K
  class space    used 9050K, committed 9728K, reserved 1048576K
}
Event: 166.246 GC heap after
{Heap after GC invocations=700 (full 3):
 PSYoungGen      total 2560K, used 288K [0x0000000755580000, 0x0000000755880000, 0x0000000800000000)
  eden space 1536K, 0% used [0x0000000755580000,0x0000000755580000,0x0000000755700000)
  from space 1024K, 28% used [0x0000000755700000,0x0000000755748010,0x0000000755800000)
  to   space 512K, 0% used [0x0000000755800000,0x0000000755800000,0x0000000755880000)
 ParOldGen       total 444416K, used 230548K [0x0000000600000000, 0x000000061b200000, 0x0000000755580000)
  object space 444416K, 51% used [0x0000000600000000,0x000000060e125038,0x000000061b200000)
 Metaspace       used 74487K, committed 76032K, reserved 1179648K
  class space    used 9050K, committed 9728K, reserved 1048576K
}
Event: 167.332 GC heap before
{Heap before GC invocations=701 (full 3):
 PSYoungGen      total 2560K, used 1824K [0x0000000755580000, 0x0000000755880000, 0x0000000800000000)
  eden space 1536K, 100% used [0x0000000755580000,0x0000000755700000,0x0000000755700000)
  from space 1024K, 28% used [0x0000000755700000,0x0000000755748010,0x0000000755800000)
  to   space 512K, 0% used [0x0000000755800000,0x0000000755800000,0x0000000755880000)
 ParOldGen       total 444416K, used 230548K [0x0000000600000000, 0x000000061b200000, 0x0000000755580000)
  object space 444416K, 51% used [0x0000000600000000,0x000000060e125038,0x000000061b200000)
 Metaspace       used 74617K, committed 76224K, reserved 1179648K
  class space    used 9058K, committed 9728K, reserved 1048576K
}
Event: 167.338 GC heap after
{Heap after GC invocations=701 (full 3):
 PSYoungGen      total 2048K, used 384K [0x0000000755580000, 0x0000000755880000, 0x0000000800000000)
  eden space 1536K, 0% used [0x0000000755580000,0x0000000755580000,0x0000000755700000)
  from space 512K, 75% used [0x0000000755800000,0x0000000755860000,0x0000000755880000)
  to   space 512K, 0% used [0x0000000755780000,0x0000000755780000,0x0000000755800000)
 ParOldGen       total 444416K, used 230712K [0x0000000600000000, 0x000000061b200000, 0x0000000755580000)
  object space 444416K, 51% used [0x0000000600000000,0x000000060e14e058,0x000000061b200000)
 Metaspace       used 74617K, committed 76224K, reserved 1179648K
  class space    used 9058K, committed 9728K, reserved 1048576K
}
Event: 167.984 GC heap before
{Heap before GC invocations=702 (full 3):
 PSYoungGen      total 2048K, used 1920K [0x0000000755580000, 0x0000000755880000, 0x0000000800000000)
  eden space 1536K, 100% used [0x0000000755580000,0x0000000755700000,0x0000000755700000)
  from space 512K, 75% used [0x0000000755800000,0x0000000755860000,0x0000000755880000)
  to   space 512K, 0% used [0x0000000755780000,0x0000000755780000,0x0000000755800000)
 ParOldGen       total 444416K, used 230712K [0x0000000600000000, 0x000000061b200000, 0x0000000755580000)
  object space 444416K, 51% used [0x0000000600000000,0x000000060e14e058,0x000000061b200000)
 Metaspace       used 74648K, committed 76224K, reserved 1179648K
  class space    used 9063K, committed 9728K, reserved 1048576K
}
Event: 168.032 GC heap after
{Heap after GC invocations=702 (full 3):
 PSYoungGen      total 2048K, used 224K [0x0000000755580000, 0x0000000755880000, 0x0000000800000000)
  eden space 1536K, 0% used [0x0000000755580000,0x0000000755580000,0x0000000755700000)
  from space 512K, 43% used [0x0000000755780000,0x00000007557b8000,0x0000000755800000)
  to   space 512K, 0% used [0x0000000755800000,0x0000000755800000,0x0000000755880000)
 ParOldGen       total 444416K, used 230951K [0x0000000600000000, 0x000000061b200000, 0x0000000755580000)
  object space 444416K, 51% used [0x0000000600000000,0x000000060e189d60,0x000000061b200000)
 Metaspace       used 74648K, committed 76224K, reserved 1179648K
  class space    used 9063K, committed 9728K, reserved 1048576K
}
Event: 169.406 GC heap before
{Heap before GC invocations=703 (full 3):
 PSYoungGen      total 2048K, used 1760K [0x0000000755580000, 0x0000000755880000, 0x0000000800000000)
  eden space 1536K, 100% used [0x0000000755580000,0x0000000755700000,0x0000000755700000)
  from space 512K, 43% used [0x0000000755780000,0x00000007557b8000,0x0000000755800000)
  to   space 512K, 0% used [0x0000000755800000,0x0000000755800000,0x0000000755880000)
 ParOldGen       total 444416K, used 230951K [0x0000000600000000, 0x000000061b200000, 0x0000000755580000)
  object space 444416K, 51% used [0x0000000600000000,0x000000060e189d60,0x000000061b200000)
 Metaspace       used 74662K, committed 76224K, reserved 1179648K
  class space    used 9063K, committed 9728K, reserved 1048576K
}
Event: 169.411 GC heap after
{Heap after GC invocations=703 (full 3):
 PSYoungGen      total 2048K, used 416K [0x0000000755580000, 0x0000000755880000, 0x0000000800000000)
  eden space 1536K, 0% used [0x0000000755580000,0x0000000755580000,0x0000000755700000)
  from space 512K, 81% used [0x0000000755800000,0x0000000755868000,0x0000000755880000)
  to   space 512K, 0% used [0x0000000755780000,0x0000000755780000,0x0000000755800000)
 ParOldGen       total 444416K, used 231063K [0x0000000600000000, 0x000000061b200000, 0x0000000755580000)
  object space 444416K, 51% used [0x0000000600000000,0x000000060e1a5d60,0x000000061b200000)
 Metaspace       used 74662K, committed 76224K, reserved 1179648K
  class space    used 9063K, committed 9728K, reserved 1048576K
}
Event: 169.593 GC heap before
{Heap before GC invocations=704 (full 3):
 PSYoungGen      total 2048K, used 1364K [0x0000000755580000, 0x0000000755880000, 0x0000000800000000)
  eden space 1536K, 61% used [0x0000000755580000,0x000000075566d230,0x0000000755700000)
  from space 512K, 81% used [0x0000000755800000,0x0000000755868000,0x0000000755880000)
  to   space 512K, 0% used [0x0000000755780000,0x0000000755780000,0x0000000755800000)
 ParOldGen       total 444416K, used 231063K [0x0000000600000000, 0x000000061b200000, 0x0000000755580000)
  object space 444416K, 51% used [0x0000000600000000,0x000000060e1a5d60,0x000000061b200000)
 Metaspace       used 74662K, committed 76224K, reserved 1179648K
  class space    used 9063K, committed 9728K, reserved 1048576K
}
Event: 169.613 GC heap after
{Heap after GC invocations=704 (full 3):
 PSYoungGen      total 2048K, used 485K [0x0000000755580000, 0x0000000755a00000, 0x0000000800000000)
  eden space 1536K, 0% used [0x0000000755580000,0x0000000755580000,0x0000000755700000)
  from space 512K, 94% used [0x0000000755780000,0x00000007557f9430,0x0000000755800000)
  to   space 1536K, 0% used [0x0000000755880000,0x0000000755880000,0x0000000755a00000)
 ParOldGen       total 444416K, used 231621K [0x0000000600000000, 0x000000061b200000, 0x0000000755580000)
  object space 444416K, 52% used [0x0000000600000000,0x000000060e231690,0x000000061b200000)
 Metaspace       used 74662K, committed 76224K, reserved 1179648K
  class space    used 9063K, committed 9728K, reserved 1048576K
}
Event: 170.004 GC heap before
{Heap before GC invocations=705 (full 3):
 PSYoungGen      total 2048K, used 2009K [0x0000000755580000, 0x0000000755a00000, 0x0000000800000000)
  eden space 1536K, 99% used [0x0000000755580000,0x00000007556fd1f0,0x0000000755700000)
  from space 512K, 94% used [0x0000000755780000,0x00000007557f9430,0x0000000755800000)
  to   space 1536K, 0% used [0x0000000755880000,0x0000000755880000,0x0000000755a00000)
 ParOldGen       total 444416K, used 231621K [0x0000000600000000, 0x000000061b200000, 0x0000000755580000)
  object space 444416K, 52% used [0x0000000600000000,0x000000060e231690,0x000000061b200000)
 Metaspace       used 74663K, committed 76224K, reserved 1179648K
  class space    used 9063K, committed 9728K, reserved 1048576K
}
Event: 170.013 GC heap after
{Heap after GC invocations=705 (full 3):
 PSYoungGen      total 2048K, used 1527K [0x0000000755580000, 0x0000000755c00000, 0x0000000800000000)
  eden space 512K, 0% used [0x0000000755580000,0x0000000755580000,0x0000000755600000)
  from space 1536K, 99% used [0x0000000755880000,0x00000007559fdec8,0x0000000755a00000)
  to   space 2560K, 0% used [0x0000000755600000,0x0000000755600000,0x0000000755880000)
 ParOldGen       total 444416K, used 232022K [0x0000000600000000, 0x000000061b200000, 0x0000000755580000)
  object space 444416K, 52% used [0x0000000600000000,0x000000060e295840,0x000000061b200000)
 Metaspace       used 74663K, committed 76224K, reserved 1179648K
  class space    used 9063K, committed 9728K, reserved 1048576K
}
Event: 170.058 GC heap before
{Heap before GC invocations=706 (full 3):
 PSYoungGen      total 2048K, used 1986K [0x0000000755580000, 0x0000000755c00000, 0x0000000800000000)
  eden space 512K, 89% used [0x0000000755580000,0x00000007555f2be0,0x0000000755600000)
  from space 1536K, 99% used [0x0000000755880000,0x00000007559fdec8,0x0000000755a00000)
  to   space 2560K, 0% used [0x0000000755600000,0x0000000755600000,0x0000000755880000)
 ParOldGen       total 444416K, used 232884K [0x0000000600000000, 0x000000061b200000, 0x0000000755580000)
  object space 444416K, 52% used [0x0000000600000000,0x000000060e36d3d0,0x000000061b200000)
 Metaspace       used 74663K, committed 76224K, reserved 1179648K
  class space    used 9063K, committed 9728K, reserved 1048576K
}
Event: 170.099 GC heap after
{Heap after GC invocations=706 (full 3):
 PSYoungGen      total 1024K, used 274K [0x0000000755580000, 0x0000000755900000, 0x0000000800000000)
  eden space 512K, 0% used [0x0000000755580000,0x0000000755580000,0x0000000755600000)
  from space 512K, 53% used [0x0000000755600000,0x0000000755644930,0x0000000755680000)
  to   space 1024K, 0% used [0x0000000755800000,0x0000000755800000,0x0000000755900000)
 ParOldGen       total 444416K, used 233720K [0x0000000600000000, 0x000000061b200000, 0x0000000755580000)
  object space 444416K, 52% used [0x0000000600000000,0x000000060e43e2d0,0x000000061b200000)
 Metaspace       used 74663K, committed 76224K, reserved 1179648K
  class space    used 9063K, committed 9728K, reserved 1048576K
}
Event: 170.160 GC heap before
{Heap before GC invocations=707 (full 3):
 PSYoungGen      total 1024K, used 784K [0x0000000755580000, 0x0000000755900000, 0x0000000800000000)
  eden space 512K, 99% used [0x0000000755580000,0x00000007555ff978,0x0000000755600000)
  from space 512K, 53% used [0x0000000755600000,0x0000000755644930,0x0000000755680000)
  to   space 1024K, 0% used [0x0000000755800000,0x0000000755800000,0x0000000755900000)
 ParOldGen       total 444416K, used 233720K [0x0000000600000000, 0x000000061b200000, 0x0000000755580000)
  object space 444416K, 52% used [0x0000000600000000,0x000000060e43e2d0,0x000000061b200000)
 Metaspace       used 74663K, committed 76224K, reserved 1179648K
  class space    used 9063K, committed 9728K, reserved 1048576K
}
Event: 170.162 GC heap after
{Heap after GC invocations=707 (full 3):
 PSYoungGen      total 1024K, used 384K [0x0000000755580000, 0x0000000755880000, 0x0000000800000000)
  eden space 512K, 0% used [0x0000000755580000,0x0000000755580000,0x0000000755600000)
  from space 512K, 75% used [0x0000000755800000,0x0000000755860000,0x0000000755880000)
  to   space 512K, 0% used [0x0000000755600000,0x0000000755600000,0x0000000755680000)
 ParOldGen       total 444416K, used 233850K [0x0000000600000000, 0x000000061b200000, 0x0000000755580000)
  object space 444416K, 52% used [0x0000000600000000,0x000000060e45eb60,0x000000061b200000)
 Metaspace       used 74663K, committed 76224K, reserved 1179648K
  class space    used 9063K, committed 9728K, reserved 1048576K
}
Event: 170.243 GC heap before
{Heap before GC invocations=708 (full 3):
 PSYoungGen      total 1024K, used 890K [0x0000000755580000, 0x0000000755880000, 0x0000000800000000)
  eden space 512K, 98% used [0x0000000755580000,0x00000007555fea70,0x0000000755600000)
  from space 512K, 75% used [0x0000000755800000,0x0000000755860000,0x0000000755880000)
  to   space 512K, 0% used [0x0000000755600000,0x0000000755600000,0x0000000755680000)
 ParOldGen       total 444416K, used 233850K [0x0000000600000000, 0x000000061b200000, 0x0000000755580000)
  object space 444416K, 52% used [0x0000000600000000,0x000000060e45eb60,0x000000061b200000)
 Metaspace       used 74663K, committed 76224K, reserved 1179648K
  class space    used 9063K, committed 9728K, reserved 1048576K
}
Event: 170.247 GC heap after
{Heap after GC invocations=708 (full 3):
 PSYoungGen      total 1024K, used 499K [0x0000000755580000, 0x0000000755880000, 0x0000000800000000)
  eden space 512K, 0% used [0x0000000755580000,0x0000000755580000,0x0000000755600000)
  from space 512K, 97% used [0x0000000755600000,0x000000075567ce90,0x0000000755680000)
  to   space 1024K, 0% used [0x0000000755780000,0x0000000755780000,0x0000000755880000)
 ParOldGen       total 444416K, used 234082K [0x0000000600000000, 0x000000061b200000, 0x0000000755580000)
  object space 444416K, 52% used [0x0000000600000000,0x000000060e498a80,0x000000061b200000)
 Metaspace       used 74663K, committed 76224K, reserved 1179648K
  class space    used 9063K, committed 9728K, reserved 1048576K
}

