# JRE version: OpenJDK Runtime Environment Temurin-21.0.12.1+1 (21.0.12.1+1) (build 21.0.12.1+1-LTS)
# Java VM: OpenJDK 64-Bit Server VM Temurin-21.0.12.1+1 (21.0.12.1+1-LTS, mixed mode, sharing, tiered, compressed oops, compressed class ptrs, parallel gc, windows-amd64)
GC Precious Log:
 CardTable entry size: 512
 CPUs: 8 total, 8 available
 Memory: 3982M
 Large Page Support: Disabled
 NUMA Support: Disabled
 Compressed Oops: Enabled (Zero based)
 Alignments: Space 512K, Generation 512K, Heap 2M
 Heap Min Capacity: 100M
 Heap Initial Capacity: 100M
 Heap Max Capacity: 8G
 Pre-touch: Disabled
 Parallel Workers: 8
Heap:
 PSYoungGen      total 12288K, used 6982K [0x0000000755580000, 0x0000000756400000, 0x0000000800000000)
  eden space 11264K, 59% used [0x0000000755580000,0x0000000755c198a0,0x0000000756080000)
  from space 1024K, 21% used [0x0000000756080000,0x00000007560b8000,0x0000000756180000)
  to   space 512K, 0% used [0x0000000756380000,0x0000000756380000,0x0000000756400000)
 ParOldGen       total 450048K, used 214345K [0x0000000600000000, 0x000000061b780000, 0x0000000755580000)
  object space 450048K, 47% used [0x0000000600000000,0x000000060d152728,0x000000061b780000)
 Metaspace       used 70251K, committed 71616K, reserved 1114112K
  class space    used 8439K, committed 9024K, reserved 1048576K
GC Heap History (20 events):
Event: 111.963 GC heap before
{Heap before GC invocations=705 (full 3):
 PSYoungGen      total 5632K, used 5116K [0x0000000755580000, 0x0000000755d00000, 0x0000000800000000)
  eden space 4608K, 100% used [0x0000000755580000,0x0000000755a00000,0x0000000755a00000)
  from space 1024K, 49% used [0x0000000755a00000,0x0000000755a7f228,0x0000000755b00000)
  to   space 1024K, 0% used [0x0000000755c00000,0x0000000755c00000,0x0000000755d00000)
 ParOldGen       total 450048K, used 211498K [0x0000000600000000, 0x000000061b780000, 0x0000000755580000)
  object space 450048K, 46% used [0x0000000600000000,0x000000060ce8abd0,0x000000061b780000)
 Metaspace       used 69927K, committed 71360K, reserved 1114112K
  class space    used 8395K, committed 9024K, reserved 1048576K
}
Event: 112.002 GC heap after
{Heap after GC invocations=705 (full 3):
 PSYoungGen      total 6144K, used 295K [0x0000000755580000, 0x0000000755c80000, 0x0000000800000000)
  eden space 5632K, 0% used [0x0000000755580000,0x0000000755580000,0x0000000755b00000)
  from space 512K, 57% used [0x0000000755c00000,0x0000000755c49cb0,0x0000000755c80000)
  to   space 512K, 0% used [0x0000000755b80000,0x0000000755b80000,0x0000000755c00000)
 ParOldGen       total 450048K, used 211723K [0x0000000600000000, 0x000000061b780000, 0x0000000755580000)
  object space 450048K, 47% used [0x0000000600000000,0x000000060cec2d40,0x000000061b780000)
 Metaspace       used 69927K, committed 71360K, reserved 1114112K
  class space    used 8395K, committed 9024K, reserved 1048576K
}
Event: 112.094 GC heap before
{Heap before GC invocations=706 (full 3):
 PSYoungGen      total 6144K, used 5927K [0x0000000755580000, 0x0000000755c80000, 0x0000000800000000)
  eden space 5632K, 100% used [0x0000000755580000,0x0000000755b00000,0x0000000755b00000)
  from space 512K, 57% used [0x0000000755c00000,0x0000000755c49cb0,0x0000000755c80000)
  to   space 512K, 0% used [0x0000000755b80000,0x0000000755b80000,0x0000000755c00000)
 ParOldGen       total 450048K, used 211723K [0x0000000600000000, 0x000000061b780000, 0x0000000755580000)
  object space 450048K, 47% used [0x0000000600000000,0x000000060cec2d40,0x000000061b780000)
 Metaspace       used 69927K, committed 71360K, reserved 1114112K
  class space    used 8395K, committed 9024K, reserved 1048576K
}
Event: 112.101 GC heap after
{Heap after GC invocations=706 (full 3):
 PSYoungGen      total 6656K, used 362K [0x0000000755580000, 0x0000000755d80000, 0x0000000800000000)
  eden space 6144K, 0% used [0x0000000755580000,0x0000000755580000,0x0000000755b80000)
  from space 512K, 70% used [0x0000000755b80000,0x0000000755bda970,0x0000000755c00000)
  to   space 512K, 0% used [0x0000000755d00000,0x0000000755d00000,0x0000000755d80000)
 ParOldGen       total 450048K, used 211795K [0x0000000600000000, 0x000000061b780000, 0x0000000755580000)
  object space 450048K, 47% used [0x0000000600000000,0x000000060ced4d50,0x000000061b780000)
 Metaspace       used 69927K, committed 71360K, reserved 1114112K
  class space    used 8395K, committed 9024K, reserved 1048576K
}
Event: 112.450 GC heap before
{Heap before GC invocations=707 (full 3):
 PSYoungGen      total 6656K, used 6506K [0x0000000755580000, 0x0000000755d80000, 0x0000000800000000)
  eden space 6144K, 100% used [0x0000000755580000,0x0000000755b80000,0x0000000755b80000)
  from space 512K, 70% used [0x0000000755b80000,0x0000000755bda970,0x0000000755c00000)
  to   space 512K, 0% used [0x0000000755d00000,0x0000000755d00000,0x0000000755d80000)
 ParOldGen       total 450048K, used 211795K [0x0000000600000000, 0x000000061b780000, 0x0000000755580000)
  object space 450048K, 47% used [0x0000000600000000,0x000000060ced4d50,0x000000061b780000)
 Metaspace       used 69927K, committed 71360K, reserved 1114112K
  class space    used 8395K, committed 9024K, reserved 1048576K
}
Event: 112.475 GC heap after
{Heap after GC invocations=707 (full 3):
 PSYoungGen      total 7168K, used 502K [0x0000000755580000, 0x0000000755f00000, 0x0000000800000000)
  eden space 6656K, 0% used [0x0000000755580000,0x0000000755580000,0x0000000755c00000)
  from space 512K, 98% used [0x0000000755d00000,0x0000000755d7daa8,0x0000000755d80000)
  to   space 1024K, 0% used [0x0000000755c00000,0x0000000755c00000,0x0000000755d00000)
 ParOldGen       total 450048K, used 211970K [0x0000000600000000, 0x000000061b780000, 0x0000000755580000)
  object space 450048K, 47% used [0x0000000600000000,0x000000060cf00810,0x000000061b780000)
 Metaspace       used 69927K, committed 71360K, reserved 1114112K
  class space    used 8395K, committed 9024K, reserved 1048576K
}
Event: 112.510 GC heap before
{Heap before GC invocations=708 (full 3):
 PSYoungGen      total 7168K, used 7153K [0x0000000755580000, 0x0000000755f00000, 0x0000000800000000)
  eden space 6656K, 99% used [0x0000000755580000,0x0000000755bfea70,0x0000000755c00000)
  from space 512K, 98% used [0x0000000755d00000,0x0000000755d7daa8,0x0000000755d80000)
  to   space 1024K, 0% used [0x0000000755c00000,0x0000000755c00000,0x0000000755d00000)
 ParOldGen       total 450048K, used 211970K [0x0000000600000000, 0x000000061b780000, 0x0000000755580000)
  object space 450048K, 47% used [0x0000000600000000,0x000000060cf00810,0x000000061b780000)
 Metaspace       used 69927K, committed 71360K, reserved 1114112K
  class space    used 8395K, committed 9024K, reserved 1048576K
}
Event: 112.618 GC heap after
{Heap after GC invocations=708 (full 3):
 PSYoungGen      total 7680K, used 655K [0x0000000755580000, 0x0000000755f80000, 0x0000000800000000)
  eden space 6656K, 0% used [0x0000000755580000,0x0000000755580000,0x0000000755c00000)
  from space 1024K, 64% used [0x0000000755c00000,0x0000000755ca3eb0,0x0000000755d00000)
  to   space 1024K, 0% used [0x0000000755e80000,0x0000000755e80000,0x0000000755f80000)
 ParOldGen       total 450048K, used 212663K [0x0000000600000000, 0x000000061b780000, 0x0000000755580000)
  object space 450048K, 47% used [0x0000000600000000,0x000000060cfadcb8,0x000000061b780000)
 Metaspace       used 69927K, committed 71360K, reserved 1114112K
  class space    used 8395K, committed 9024K, reserved 1048576K
}
Event: 112.693 GC heap before
{Heap before GC invocations=709 (full 3):
 PSYoungGen      total 7680K, used 7311K [0x0000000755580000, 0x0000000755f80000, 0x0000000800000000)
  eden space 6656K, 100% used [0x0000000755580000,0x0000000755c00000,0x0000000755c00000)
  from space 1024K, 64% used [0x0000000755c00000,0x0000000755ca3eb0,0x0000000755d00000)
  to   space 1024K, 0% used [0x0000000755e80000,0x0000000755e80000,0x0000000755f80000)
 ParOldGen       total 450048K, used 212663K [0x0000000600000000, 0x000000061b780000, 0x0000000755580000)
  object space 450048K, 47% used [0x0000000600000000,0x000000060cfadcb8,0x000000061b780000)
 Metaspace       used 69927K, committed 71360K, reserved 1114112K
  class space    used 8395K, committed 9024K, reserved 1048576K
}
Event: 112.702 GC heap after
{Heap after GC invocations=709 (full 3):
 PSYoungGen      total 8704K, used 256K [0x0000000755580000, 0x0000000755f00000, 0x0000000800000000)
  eden space 8192K, 0% used [0x0000000755580000,0x0000000755580000,0x0000000755d80000)
  from space 512K, 50% used [0x0000000755e80000,0x0000000755ec0000,0x0000000755f00000)
  to   space 512K, 0% used [0x0000000755e00000,0x0000000755e00000,0x0000000755e80000)
 ParOldGen       total 450048K, used 212727K [0x0000000600000000, 0x000000061b780000, 0x0000000755580000)
  object space 450048K, 47% used [0x0000000600000000,0x000000060cfbdcb8,0x000000061b780000)
 Metaspace       used 69927K, committed 71360K, reserved 1114112K
  class space    used 8395K, committed 9024K, reserved 1048576K
}
Event: 112.765 GC heap before
{Heap before GC invocations=710 (full 3):
 PSYoungGen      total 8704K, used 8448K [0x0000000755580000, 0x0000000755f00000, 0x0000000800000000)
  eden space 8192K, 100% used [0x0000000755580000,0x0000000755d80000,0x0000000755d80000)
  from space 512K, 50% used [0x0000000755e80000,0x0000000755ec0000,0x0000000755f00000)
  to   space 512K, 0% used [0x0000000755e00000,0x0000000755e00000,0x0000000755e80000)
 ParOldGen       total 450048K, used 212727K [0x0000000600000000, 0x000000061b780000, 0x0000000755580000)
  object space 450048K, 47% used [0x0000000600000000,0x000000060cfbdcb8,0x000000061b780000)
 Metaspace       used 69927K, committed 71360K, reserved 1114112K
  class space    used 8395K, committed 9024K, reserved 1048576K
}
Event: 112.785 GC heap after
{Heap after GC invocations=710 (full 3):
 PSYoungGen      total 9216K, used 431K [0x0000000755580000, 0x0000000756080000, 0x0000000800000000)
  eden space 8704K, 0% used [0x0000000755580000,0x0000000755580000,0x0000000755e00000)
  from space 512K, 84% used [0x0000000755e00000,0x0000000755e6bcd8,0x0000000755e80000)
  to   space 512K, 0% used [0x0000000756000000,0x0000000756000000,0x0000000756080000)
 ParOldGen       total 450048K, used 212807K [0x0000000600000000, 0x000000061b780000, 0x0000000755580000)
  object space 450048K, 47% used [0x0000000600000000,0x000000060cfd1cc8,0x000000061b780000)
 Metaspace       used 69927K, committed 71360K, reserved 1114112K
  class space    used 8395K, committed 9024K, reserved 1048576K
}
Event: 112.868 GC heap before
{Heap before GC invocations=711 (full 3):
 PSYoungGen      total 9216K, used 9135K [0x0000000755580000, 0x0000000756080000, 0x0000000800000000)
  eden space 8704K, 100% used [0x0000000755580000,0x0000000755e00000,0x0000000755e00000)
  from space 512K, 84% used [0x0000000755e00000,0x0000000755e6bcd8,0x0000000755e80000)
  to   space 512K, 0% used [0x0000000756000000,0x0000000756000000,0x0000000756080000)
 ParOldGen       total 450048K, used 212807K [0x0000000600000000, 0x000000061b780000, 0x0000000755580000)
  object space 450048K, 47% used [0x0000000600000000,0x000000060cfd1cc8,0x000000061b780000)
 Metaspace       used 69927K, committed 71360K, reserved 1114112K
  class space    used 8395K, committed 9024K, reserved 1048576K
}
Event: 112.960 GC heap after
{Heap after GC invocations=711 (full 3):
 PSYoungGen      total 9728K, used 492K [0x0000000755580000, 0x0000000756300000, 0x0000000800000000)
  eden space 9216K, 0% used [0x0000000755580000,0x0000000755580000,0x0000000755e80000)
  from space 512K, 96% used [0x0000000756000000,0x000000075607b010,0x0000000756080000)
  to   space 1536K, 0% used [0x0000000755e80000,0x0000000755e80000,0x0000000756000000)
 ParOldGen       total 450048K, used 213527K [0x0000000600000000, 0x000000061b780000, 0x0000000755580000)
  object space 450048K, 47% used [0x0000000600000000,0x000000060d085d48,0x000000061b780000)
 Metaspace       used 69927K, committed 71360K, reserved 1114112K
  class space    used 8395K, committed 9024K, reserved 1048576K
}
Event: 113.023 GC heap before
{Heap before GC invocations=712 (full 3):
 PSYoungGen      total 9728K, used 9708K [0x0000000755580000, 0x0000000756300000, 0x0000000800000000)
  eden space 9216K, 100% used [0x0000000755580000,0x0000000755e80000,0x0000000755e80000)
  from space 512K, 96% used [0x0000000756000000,0x000000075607b010,0x0000000756080000)
  to   space 1536K, 0% used [0x0000000755e80000,0x0000000755e80000,0x0000000756000000)
 ParOldGen       total 450048K, used 213527K [0x0000000600000000, 0x000000061b780000, 0x0000000755580000)
  object space 450048K, 47% used [0x0000000600000000,0x000000060d085d48,0x000000061b780000)
 Metaspace       used 69927K, committed 71360K, reserved 1114112K
  class space    used 8395K, committed 9024K, reserved 1048576K
}
Event: 113.033 GC heap after
{Heap after GC invocations=712 (full 3):
 PSYoungGen      total 10752K, used 273K [0x0000000755580000, 0x0000000756280000, 0x0000000800000000)
  eden space 9216K, 0% used [0x0000000755580000,0x0000000755580000,0x0000000755e80000)
  from space 1536K, 17% used [0x0000000755e80000,0x0000000755ec4640,0x0000000756000000)
  to   space 1024K, 0% used [0x0000000756180000,0x0000000756180000,0x0000000756280000)
 ParOldGen       total 450048K, used 213591K [0x0000000600000000, 0x000000061b780000, 0x0000000755580000)
  object space 450048K, 47% used [0x0000000600000000,0x000000060d095d48,0x000000061b780000)
 Metaspace       used 69927K, committed 71360K, reserved 1114112K
  class space    used 8395K, committed 9024K, reserved 1048576K
}
Event: 113.077 GC heap before
{Heap before GC invocations=713 (full 3):
 PSYoungGen      total 10752K, used 9489K [0x0000000755580000, 0x0000000756280000, 0x0000000800000000)
  eden space 9216K, 100% used [0x0000000755580000,0x0000000755e80000,0x0000000755e80000)
  from space 1536K, 17% used [0x0000000755e80000,0x0000000755ec4640,0x0000000756000000)
  to   space 1024K, 0% used [0x0000000756180000,0x0000000756180000,0x0000000756280000)
 ParOldGen       total 450048K, used 213591K [0x0000000600000000, 0x000000061b780000, 0x0000000755580000)
  object space 450048K, 47% used [0x0000000600000000,0x000000060d095d48,0x000000061b780000)
 Metaspace       used 69927K, committed 71360K, reserved 1114112K
  class space    used 8395K, committed 9024K, reserved 1048576K
}
Event: 113.095 GC heap after
{Heap after GC invocations=713 (full 3):
 PSYoungGen      total 12288K, used 780K [0x0000000755580000, 0x0000000756280000, 0x0000000800000000)
  eden space 11264K, 0% used [0x0000000755580000,0x0000000755580000,0x0000000756080000)
  from space 1024K, 76% used [0x0000000756180000,0x0000000756243160,0x0000000756280000)
  to   space 1024K, 0% used [0x0000000756080000,0x0000000756080000,0x0000000756180000)
 ParOldGen       total 450048K, used 213679K [0x0000000600000000, 0x000000061b780000, 0x0000000755580000)
  object space 450048K, 47% used [0x0000000600000000,0x000000060d0abd58,0x000000061b780000)
 Metaspace       used 69927K, committed 71360K, reserved 1114112K
  class space    used 8395K, committed 9024K, reserved 1048576K
}
Event: 113.140 GC heap before
{Heap before GC invocations=714 (full 3):
 PSYoungGen      total 12288K, used 12044K [0x0000000755580000, 0x0000000756280000, 0x0000000800000000)
  eden space 11264K, 100% used [0x0000000755580000,0x0000000756080000,0x0000000756080000)
  from space 1024K, 76% used [0x0000000756180000,0x0000000756243160,0x0000000756280000)
  to   space 1024K, 0% used [0x0000000756080000,0x0000000756080000,0x0000000756180000)
 ParOldGen       total 450048K, used 213679K [0x0000000600000000, 0x000000061b780000, 0x0000000755580000)
  object space 450048K, 47% used [0x0000000600000000,0x000000060d0abd58,0x000000061b780000)
 Metaspace       used 69927K, committed 71360K, reserved 1114112K
  class space    used 8395K, committed 9024K, reserved 1048576K
}
Event: 113.196 GC heap after
{Heap after GC invocations=714 (full 3):
 PSYoungGen      total 12288K, used 224K [0x0000000755580000, 0x0000000756400000, 0x0000000800000000)
  eden space 11264K, 0% used [0x0000000755580000,0x0000000755580000,0x0000000756080000)
  from space 1024K, 21% used [0x0000000756080000,0x00000007560b8000,0x0000000756180000)
  to   space 512K, 0% used [0x0000000756380000,0x0000000756380000,0x0000000756400000)
 ParOldGen       total 450048K, used 214345K [0x0000000600000000, 0x000000061b780000, 0x0000000755580000)
  object space 450048K, 47% used [0x0000000600000000,0x000000060d152728,0x000000061b780000)
 Metaspace       used 69927K, committed 71360K, reserved 1114112K
  class space    used 8395K, committed 9024K, reserved 1048576K
}

