# JRE version: OpenJDK Runtime Environment Temurin-21.0.12+8 (21.0.12+8) (build 21.0.12+8-LTS)
# Java VM: OpenJDK 64-Bit Server VM Temurin-21.0.12+8 (21.0.12+8-LTS, mixed mode, sharing, tiered, compressed oops, compressed class ptrs, g1 gc, windows-amd64)
GC Precious Log:
 CardTable entry size: 512
 Card Set container configuration: InlinePtr #cards 5 size 8 Array Of Cards #cards 12 size 40 Howl #buckets 4 coarsen threshold 1843 Howl Bitmap #cards 512 size 80 coarsen threshold 460 Card regions per heap region 1 cards per card region 2048
 CPUs: 8 total, 8 available
 Memory: 3982M
 Large Page Support: Disabled
 NUMA Support: Disabled
 Compressed Oops: Enabled (32-bit)
 Heap Region Size: 1M
 Heap Min Capacity: 256M
 Heap Initial Capacity: 256M
 Heap Max Capacity: 512M
 Pre-touch: Disabled
 Parallel Workers: 8
 Concurrent Workers: 2
 Concurrent Refinement Workers: 8
 Periodic GC: Disabled
Heap:
 garbage-first heap   total 262144K, used 139700K [0x00000000e0000000, 0x0000000100000000)
  region size 1024K, 115 young (117760K), 8 survivors (8192K)
 Metaspace       used 47712K, committed 49664K, reserved 393216K
  class space    used 7159K, committed 8128K, reserved 327680K
GC Heap History (14 events):
Event: 1.568 GC heap before
{Heap before GC invocations=0 (full 0):
 garbage-first heap   total 262144K, used 26624K [0x00000000e0000000, 0x0000000100000000)
  region size 1024K, 23 young (23552K), 0 survivors (0K)
 Metaspace       used 3059K, committed 3264K, reserved 393216K
  class space    used 360K, committed 448K, reserved 327680K
}
Event: 1.575 GC heap after
{Heap after GC invocations=1 (full 0):
 garbage-first heap   total 262144K, used 11413K [0x00000000e0000000, 0x0000000100000000)
  region size 1024K, 3 young (3072K), 3 survivors (3072K)
 Metaspace       used 3059K, committed 3264K, reserved 393216K
  class space    used 360K, committed 448K, reserved 327680K
}
Event: 2.347 GC heap before
{Heap before GC invocations=1 (full 0):
 garbage-first heap   total 262144K, used 42133K [0x00000000e0000000, 0x0000000100000000)
  region size 1024K, 31 young (31744K), 3 survivors (3072K)
 Metaspace       used 4715K, committed 4928K, reserved 393216K
  class space    used 593K, committed 704K, reserved 327680K
}
Event: 2.351 GC heap after
{Heap after GC invocations=2 (full 0):
 garbage-first heap   total 262144K, used 15167K [0x00000000e0000000, 0x0000000100000000)
  region size 1024K, 3 young (3072K), 3 survivors (3072K)
 Metaspace       used 4715K, committed 4928K, reserved 393216K
  class space    used 593K, committed 704K, reserved 327680K
}
Event: 6.245 GC heap before
{Heap before GC invocations=2 (full 0):
 garbage-first heap   total 262144K, used 118591K [0x00000000e0000000, 0x0000000100000000)
  region size 1024K, 104 young (106496K), 3 survivors (3072K)
 Metaspace       used 20334K, committed 20992K, reserved 393216K
  class space    used 2869K, committed 3200K, reserved 327680K
}
Event: 6.256 GC heap after
{Heap after GC invocations=3 (full 0):
 garbage-first heap   total 262144K, used 24071K [0x00000000e0000000, 0x0000000100000000)
  region size 1024K, 12 young (12288K), 12 survivors (12288K)
 Metaspace       used 20334K, committed 20992K, reserved 393216K
  class space    used 2869K, committed 3200K, reserved 327680K
}
Event: 6.315 GC heap before
{Heap before GC invocations=3 (full 0):
 garbage-first heap   total 262144K, used 28167K [0x00000000e0000000, 0x0000000100000000)
  region size 1024K, 17 young (17408K), 12 survivors (12288K)
 Metaspace       used 20883K, committed 21504K, reserved 393216K
  class space    used 2949K, committed 3264K, reserved 327680K
}
Event: 6.323 GC heap after
{Heap after GC invocations=4 (full 0):
 garbage-first heap   total 262144K, used 25454K [0x00000000e0000000, 0x0000000100000000)
  region size 1024K, 2 young (2048K), 2 survivors (2048K)
 Metaspace       used 20883K, committed 21504K, reserved 393216K
  class space    used 2949K, committed 3264K, reserved 327680K
}
Event: 8.355 GC heap before
{Heap before GC invocations=5 (full 0):
 garbage-first heap   total 262144K, used 125806K [0x00000000e0000000, 0x0000000100000000)
  region size 1024K, 102 young (104448K), 2 survivors (2048K)
 Metaspace       used 34839K, committed 36096K, reserved 393216K
  class space    used 5057K, committed 5696K, reserved 327680K
}
Event: 8.361 GC heap after
{Heap after GC invocations=6 (full 0):
 garbage-first heap   total 262144K, used 31058K [0x00000000e0000000, 0x0000000100000000)
  region size 1024K, 7 young (7168K), 7 survivors (7168K)
 Metaspace       used 34839K, committed 36096K, reserved 393216K
  class space    used 5057K, committed 5696K, reserved 327680K
}
Event: 8.373 GC heap before
{Heap before GC invocations=6 (full 0):
 garbage-first heap   total 262144K, used 32082K [0x00000000e0000000, 0x0000000100000000)
  region size 1024K, 9 young (9216K), 7 survivors (7168K)
 Metaspace       used 35072K, committed 36480K, reserved 393216K
  class space    used 5095K, committed 5760K, reserved 327680K
}
Event: 8.378 GC heap after
{Heap after GC invocations=7 (full 0):
 garbage-first heap   total 262144K, used 31247K [0x00000000e0000000, 0x0000000100000000)
  region size 1024K, 8 young (8192K), 8 survivors (8192K)
 Metaspace       used 35072K, committed 36480K, reserved 393216K
  class space    used 5095K, committed 5760K, reserved 327680K
}
Event: 8.414 GC heap before
{Heap before GC invocations=7 (full 0):
 garbage-first heap   total 262144K, used 33295K [0x00000000e0000000, 0x0000000100000000)
  region size 1024K, 11 young (11264K), 8 survivors (8192K)
 Metaspace       used 35419K, committed 36736K, reserved 393216K
  class space    used 5160K, committed 5824K, reserved 327680K
}
Event: 8.420 GC heap after
{Heap after GC invocations=8 (full 0):
 garbage-first heap   total 262144K, used 31156K [0x00000000e0000000, 0x0000000100000000)
  region size 1024K, 8 young (8192K), 8 survivors (8192K)
 Metaspace       used 35419K, committed 36736K, reserved 393216K
  class space    used 5160K, committed 5824K, reserved 327680K
}

