# JRE version: OpenJDK Runtime Environment Temurin-21.0.11+10 (21.0.11+10) (build 21.0.11+10-LTS)
# Java VM: OpenJDK 64-Bit Server VM Temurin-21.0.11+10 (21.0.11+10-LTS, mixed mode, sharing, tiered, compressed oops, compressed class ptrs, parallel gc, windows-amd64)
GC Precious Log:
 CardTable entry size: 512
 CPUs: 8 total, 8 available
 Memory: 3982M
 Large Page Support: Disabled
 NUMA Support: Disabled
 Compressed Oops: Enabled (32-bit)
 Alignments: Space 512K, Generation 512K, Heap 2M
 Heap Min Capacity: 100M
 Heap Initial Capacity: 100M
 Heap Max Capacity: 2G
 Pre-touch: Disabled
 Parallel Workers: 8
Heap:
 PSYoungGen      total 44032K, used 40118K [0x00000000d5580000, 0x00000000da880000, 0x0000000100000000)
  eden space 43520K, 91% used [0x00000000d5580000,0x00000000d7c60950,0x00000000d8000000)
  from space 512K, 60% used [0x00000000da600000,0x00000000da64d200,0x00000000da680000)
  to   space 1024K, 0% used [0x00000000da780000,0x00000000da780000,0x00000000da880000)
 ParOldGen       total 907264K, used 661339K [0x0000000080000000, 0x00000000b7600000, 0x00000000d5580000)
  object space 907264K, 72% used [0x0000000080000000,0x00000000a85d6cd8,0x00000000b7600000)
 Metaspace       used 95259K, committed 97088K, reserved 1179648K
  class space    used 9858K, committed 10688K, reserved 1048576K
GC Heap History (20 events):
Event: 3861.701 GC heap before
{Heap before GC invocations=2009 (full 5):
 PSYoungGen      total 58368K, used 57531K [0x00000000d5580000, 0x00000000dab80000, 0x0000000100000000)
  eden space 57344K, 99% used [0x00000000d5580000,0x00000000d8cfa410,0x00000000d8d80000)
  from space 1024K, 70% used [0x00000000daa00000,0x00000000daab4a10,0x00000000dab00000)
  to   space 512K, 0% used [0x00000000dab00000,0x00000000dab00000,0x00000000dab80000)
 ParOldGen       total 907264K, used 645474K [0x0000000080000000, 0x00000000b7600000, 0x00000000d5580000)
  object space 907264K, 71% used [0x0000000080000000,0x00000000a7658b40,0x00000000b7600000)
 Metaspace       used 94245K, committed 96128K, reserved 1179648K
  class space    used 9795K, committed 10624K, reserved 1048576K
}
Event: 3861.703 GC heap after
{Heap after GC invocations=2009 (full 5):
 PSYoungGen      total 56320K, used 404K [0x00000000d5580000, 0x00000000dab80000, 0x0000000100000000)
  eden space 55808K, 0% used [0x00000000d5580000,0x00000000d5580000,0x00000000d8c00000)
  from space 512K, 79% used [0x00000000dab00000,0x00000000dab65200,0x00000000dab80000)
  to   space 1024K, 0% used [0x00000000da980000,0x00000000da980000,0x00000000daa80000)
 ParOldGen       total 907264K, used 645504K [0x0000000080000000, 0x00000000b7600000, 0x00000000d5580000)
  object space 907264K, 71% used [0x0000000080000000,0x00000000a7660350,0x00000000b7600000)
 Metaspace       used 94245K, committed 96128K, reserved 1179648K
  class space    used 9795K, committed 10624K, reserved 1048576K
}
Event: 3861.839 GC heap before
{Heap before GC invocations=2010 (full 5):
 PSYoungGen      total 56320K, used 55562K [0x00000000d5580000, 0x00000000dab80000, 0x0000000100000000)
  eden space 55808K, 98% used [0x00000000d5580000,0x00000000d8b5d6c8,0x00000000d8c00000)
  from space 512K, 79% used [0x00000000dab00000,0x00000000dab65200,0x00000000dab80000)
  to   space 1024K, 0% used [0x00000000da980000,0x00000000da980000,0x00000000daa80000)
 ParOldGen       total 907264K, used 645504K [0x0000000080000000, 0x00000000b7600000, 0x00000000d5580000)
  object space 907264K, 71% used [0x0000000080000000,0x00000000a7660350,0x00000000b7600000)
 Metaspace       used 94248K, committed 96128K, reserved 1179648K
  class space    used 9795K, committed 10624K, reserved 1048576K
}
Event: 3861.842 GC heap after
{Heap after GC invocations=2010 (full 5):
 PSYoungGen      total 55296K, used 250K [0x00000000d5580000, 0x00000000dab80000, 0x0000000100000000)
  eden space 54272K, 0% used [0x00000000d5580000,0x00000000d5580000,0x00000000d8a80000)
  from space 1024K, 24% used [0x00000000da980000,0x00000000da9be900,0x00000000daa80000)
  to   space 512K, 0% used [0x00000000dab00000,0x00000000dab00000,0x00000000dab80000)
 ParOldGen       total 907264K, used 645520K [0x0000000080000000, 0x00000000b7600000, 0x00000000d5580000)
  object space 907264K, 71% used [0x0000000080000000,0x00000000a7664350,0x00000000b7600000)
 Metaspace       used 94248K, committed 96128K, reserved 1179648K
  class space    used 9795K, committed 10624K, reserved 1048576K
}
Event: 3861.989 GC heap before
{Heap before GC invocations=2011 (full 5):
 PSYoungGen      total 55296K, used 54366K [0x00000000d5580000, 0x00000000dab80000, 0x0000000100000000)
  eden space 54272K, 99% used [0x00000000d5580000,0x00000000d8a58f88,0x00000000d8a80000)
  from space 1024K, 24% used [0x00000000da980000,0x00000000da9be900,0x00000000daa80000)
  to   space 512K, 0% used [0x00000000dab00000,0x00000000dab00000,0x00000000dab80000)
 ParOldGen       total 907264K, used 645520K [0x0000000080000000, 0x00000000b7600000, 0x00000000d5580000)
  object space 907264K, 71% used [0x0000000080000000,0x00000000a7664350,0x00000000b7600000)
 Metaspace       used 94248K, committed 96128K, reserved 1179648K
  class space    used 9795K, committed 10624K, reserved 1048576K
}
Event: 3861.992 GC heap after
{Heap after GC invocations=2011 (full 5):
 PSYoungGen      total 53248K, used 212K [0x00000000d5580000, 0x00000000dab80000, 0x0000000100000000)
  eden space 52736K, 0% used [0x00000000d5580000,0x00000000d5580000,0x00000000d8900000)
  from space 512K, 41% used [0x00000000dab00000,0x00000000dab35200,0x00000000dab80000)
  to   space 512K, 0% used [0x00000000daa80000,0x00000000daa80000,0x00000000dab00000)
 ParOldGen       total 907264K, used 645552K [0x0000000080000000, 0x00000000b7600000, 0x00000000d5580000)
  object space 907264K, 71% used [0x0000000080000000,0x00000000a766c350,0x00000000b7600000)
 Metaspace       used 94248K, committed 96128K, reserved 1179648K
  class space    used 9795K, committed 10624K, reserved 1048576K
}
Event: 3862.121 GC heap before
{Heap before GC invocations=2012 (full 5):
 PSYoungGen      total 53248K, used 51407K [0x00000000d5580000, 0x00000000dab80000, 0x0000000100000000)
  eden space 52736K, 97% used [0x00000000d5580000,0x00000000d877edc8,0x00000000d8900000)
  from space 512K, 41% used [0x00000000dab00000,0x00000000dab35200,0x00000000dab80000)
  to   space 512K, 0% used [0x00000000daa80000,0x00000000daa80000,0x00000000dab00000)
 ParOldGen       total 907264K, used 645552K [0x0000000080000000, 0x00000000b7600000, 0x00000000d5580000)
  object space 907264K, 71% used [0x0000000080000000,0x00000000a766c350,0x00000000b7600000)
 Metaspace       used 94248K, committed 96128K, reserved 1179648K
  class space    used 9795K, committed 10624K, reserved 1048576K
}
Event: 3862.125 GC heap after
{Heap after GC invocations=2012 (full 5):
 PSYoungGen      total 51712K, used 378K [0x00000000d5580000, 0x00000000dab80000, 0x0000000100000000)
  eden space 51200K, 0% used [0x00000000d5580000,0x00000000d5580000,0x00000000d8780000)
  from space 512K, 73% used [0x00000000daa80000,0x00000000daade900,0x00000000dab00000)
  to   space 512K, 0% used [0x00000000dab00000,0x00000000dab00000,0x00000000dab80000)
 ParOldGen       total 907264K, used 645552K [0x0000000080000000, 0x00000000b7600000, 0x00000000d5580000)
  object space 907264K, 71% used [0x0000000080000000,0x00000000a766c350,0x00000000b7600000)
 Metaspace       used 94248K, committed 96128K, reserved 1179648K
  class space    used 9795K, committed 10624K, reserved 1048576K
}
Event: 3866.517 GC heap before
{Heap before GC invocations=2013 (full 5):
 PSYoungGen      total 51712K, used 51578K [0x00000000d5580000, 0x00000000dab80000, 0x0000000100000000)
  eden space 51200K, 100% used [0x00000000d5580000,0x00000000d8780000,0x00000000d8780000)
  from space 512K, 73% used [0x00000000daa80000,0x00000000daade900,0x00000000dab00000)
  to   space 512K, 0% used [0x00000000dab00000,0x00000000dab00000,0x00000000dab80000)
 ParOldGen       total 907264K, used 645552K [0x0000000080000000, 0x00000000b7600000, 0x00000000d5580000)
  object space 907264K, 71% used [0x0000000080000000,0x00000000a766c350,0x00000000b7600000)
 Metaspace       used 94309K, committed 96192K, reserved 1179648K
  class space    used 9795K, committed 10624K, reserved 1048576K
}
Event: 3866.535 GC heap after
{Heap after GC invocations=2013 (full 5):
 PSYoungGen      total 50176K, used 496K [0x00000000d5580000, 0x00000000dab80000, 0x0000000100000000)
  eden space 49664K, 0% used [0x00000000d5580000,0x00000000d5580000,0x00000000d8600000)
  from space 512K, 97% used [0x00000000dab00000,0x00000000dab7c380,0x00000000dab80000)
  to   space 1024K, 0% used [0x00000000da980000,0x00000000da980000,0x00000000daa80000)
 ParOldGen       total 907264K, used 645560K [0x0000000080000000, 0x00000000b7600000, 0x00000000d5580000)
  object space 907264K, 71% used [0x0000000080000000,0x00000000a766e350,0x00000000b7600000)
 Metaspace       used 94309K, committed 96192K, reserved 1179648K
  class space    used 9795K, committed 10624K, reserved 1048576K
}
Event: 3880.908 GC heap before
{Heap before GC invocations=2014 (full 5):
 PSYoungGen      total 50176K, used 50160K [0x00000000d5580000, 0x00000000dab80000, 0x0000000100000000)
  eden space 49664K, 100% used [0x00000000d5580000,0x00000000d8600000,0x00000000d8600000)
  from space 512K, 97% used [0x00000000dab00000,0x00000000dab7c380,0x00000000dab80000)
  to   space 1024K, 0% used [0x00000000da980000,0x00000000da980000,0x00000000daa80000)
 ParOldGen       total 907264K, used 645560K [0x0000000080000000, 0x00000000b7600000, 0x00000000d5580000)
  object space 907264K, 71% used [0x0000000080000000,0x00000000a766e350,0x00000000b7600000)
 Metaspace       used 94318K, committed 96192K, reserved 1179648K
  class space    used 9795K, committed 10624K, reserved 1048576K
}
Event: 3880.987 GC heap after
{Heap after GC invocations=2014 (full 5):
 PSYoungGen      total 49152K, used 1011K [0x00000000d5580000, 0x00000000dab80000, 0x0000000100000000)
  eden space 48128K, 0% used [0x00000000d5580000,0x00000000d5580000,0x00000000d8480000)
  from space 1024K, 98% used [0x00000000da980000,0x00000000daa7cfb0,0x00000000daa80000)
  to   space 1024K, 0% used [0x00000000daa80000,0x00000000daa80000,0x00000000dab80000)
 ParOldGen       total 907264K, used 656664K [0x0000000080000000, 0x00000000b7600000, 0x00000000d5580000)
  object space 907264K, 72% used [0x0000000080000000,0x00000000a81461a8,0x00000000b7600000)
 Metaspace       used 94318K, committed 96192K, reserved 1179648K
  class space    used 9795K, committed 10624K, reserved 1048576K
}
Event: 3885.990 GC heap before
{Heap before GC invocations=2015 (full 5):
 PSYoungGen      total 49152K, used 49139K [0x00000000d5580000, 0x00000000dab80000, 0x0000000100000000)
  eden space 48128K, 100% used [0x00000000d5580000,0x00000000d8480000,0x00000000d8480000)
  from space 1024K, 98% used [0x00000000da980000,0x00000000daa7cfb0,0x00000000daa80000)
  to   space 1024K, 0% used [0x00000000daa80000,0x00000000daa80000,0x00000000dab80000)
 ParOldGen       total 907264K, used 656664K [0x0000000080000000, 0x00000000b7600000, 0x00000000d5580000)
  object space 907264K, 72% used [0x0000000080000000,0x00000000a81461a8,0x00000000b7600000)
 Metaspace       used 94693K, committed 96512K, reserved 1179648K
  class space    used 9819K, committed 10624K, reserved 1048576K
}
Event: 3886.011 GC heap after
{Heap after GC invocations=2015 (full 5):
 PSYoungGen      total 47616K, used 1024K [0x00000000d5580000, 0x00000000dab80000, 0x0000000100000000)
  eden space 46592K, 0% used [0x00000000d5580000,0x00000000d5580000,0x00000000d8300000)
  from space 1024K, 100% used [0x00000000daa80000,0x00000000dab80000,0x00000000dab80000)
  to   space 6144K, 0% used [0x00000000d9f80000,0x00000000d9f80000,0x00000000da580000)
 ParOldGen       total 907264K, used 658116K [0x0000000080000000, 0x00000000b7600000, 0x00000000d5580000)
  object space 907264K, 72% used [0x0000000080000000,0x00000000a82b1168,0x00000000b7600000)
 Metaspace       used 94693K, committed 96512K, reserved 1179648K
  class space    used 9819K, committed 10624K, reserved 1048576K
}
Event: 3906.093 GC heap before
{Heap before GC invocations=2016 (full 5):
 PSYoungGen      total 47616K, used 47616K [0x00000000d5580000, 0x00000000dab80000, 0x0000000100000000)
  eden space 46592K, 100% used [0x00000000d5580000,0x00000000d8300000,0x00000000d8300000)
  from space 1024K, 100% used [0x00000000daa80000,0x00000000dab80000,0x00000000dab80000)
  to   space 6144K, 0% used [0x00000000d9f80000,0x00000000d9f80000,0x00000000da580000)
 ParOldGen       total 907264K, used 658116K [0x0000000080000000, 0x00000000b7600000, 0x00000000d5580000)
  object space 907264K, 72% used [0x0000000080000000,0x00000000a82b1168,0x00000000b7600000)
 Metaspace       used 95192K, committed 97088K, reserved 1179648K
  class space    used 9856K, committed 10688K, reserved 1048576K
}
Event: 3906.390 GC heap after
{Heap after GC invocations=2016 (full 5):
 PSYoungGen      total 51712K, used 2254K [0x00000000d5580000, 0x00000000dab00000, 0x0000000100000000)
  eden space 45568K, 0% used [0x00000000d5580000,0x00000000d5580000,0x00000000d8200000)
  from space 6144K, 36% used [0x00000000d9f80000,0x00000000da1b3b30,0x00000000da580000)
  to   space 3072K, 0% used [0x00000000da800000,0x00000000da800000,0x00000000dab00000)
 ParOldGen       total 907264K, used 659172K [0x0000000080000000, 0x00000000b7600000, 0x00000000d5580000)
  object space 907264K, 72% used [0x0000000080000000,0x00000000a83b9178,0x00000000b7600000)
 Metaspace       used 95192K, committed 97088K, reserved 1179648K
  class space    used 9856K, committed 10688K, reserved 1048576K
}
Event: 3943.387 GC heap before
{Heap before GC invocations=2017 (full 5):
 PSYoungGen      total 51712K, used 47822K [0x00000000d5580000, 0x00000000dab00000, 0x0000000100000000)
  eden space 45568K, 100% used [0x00000000d5580000,0x00000000d8200000,0x00000000d8200000)
  from space 6144K, 36% used [0x00000000d9f80000,0x00000000da1b3b30,0x00000000da580000)
  to   space 3072K, 0% used [0x00000000da800000,0x00000000da800000,0x00000000dab00000)
 ParOldGen       total 907264K, used 659172K [0x0000000080000000, 0x00000000b7600000, 0x00000000d5580000)
  object space 907264K, 72% used [0x0000000080000000,0x00000000a83b9178,0x00000000b7600000)
 Metaspace       used 95213K, committed 97088K, reserved 1179648K
  class space    used 9858K, committed 10688K, reserved 1048576K
}
Event: 3943.632 GC heap after
{Heap after GC invocations=2017 (full 5):
 PSYoungGen      total 46592K, used 1774K [0x00000000d5580000, 0x00000000daa00000, 0x0000000100000000)
  eden space 44544K, 0% used [0x00000000d5580000,0x00000000d5580000,0x00000000d8100000)
  from space 2048K, 86% used [0x00000000da800000,0x00000000da9bba50,0x00000000daa00000)
  to   space 2048K, 0% used [0x00000000da600000,0x00000000da600000,0x00000000da800000)
 ParOldGen       total 907264K, used 660236K [0x0000000080000000, 0x00000000b7600000, 0x00000000d5580000)
  object space 907264K, 72% used [0x0000000080000000,0x00000000a84c3208,0x00000000b7600000)
 Metaspace       used 95213K, committed 97088K, reserved 1179648K
  class space    used 9858K, committed 10688K, reserved 1048576K
}
Event: 4000.265 GC heap before
{Heap before GC invocations=2018 (full 5):
 PSYoungGen      total 46592K, used 46318K [0x00000000d5580000, 0x00000000daa00000, 0x0000000100000000)
  eden space 44544K, 100% used [0x00000000d5580000,0x00000000d8100000,0x00000000d8100000)
  from space 2048K, 86% used [0x00000000da800000,0x00000000da9bba50,0x00000000daa00000)
  to   space 2048K, 0% used [0x00000000da600000,0x00000000da600000,0x00000000da800000)
 ParOldGen       total 907264K, used 660236K [0x0000000080000000, 0x00000000b7600000, 0x00000000d5580000)
  object space 907264K, 72% used [0x0000000080000000,0x00000000a84c3208,0x00000000b7600000)
 Metaspace       used 95255K, committed 97088K, reserved 1179648K
  class space    used 9858K, committed 10688K, reserved 1048576K
}
Event: 4000.567 GC heap after
{Heap after GC invocations=2018 (full 5):
 PSYoungGen      total 44032K, used 308K [0x00000000d5580000, 0x00000000da880000, 0x0000000100000000)
  eden space 43520K, 0% used [0x00000000d5580000,0x00000000d5580000,0x00000000d8000000)
  from space 512K, 60% used [0x00000000da600000,0x00000000da64d200,0x00000000da680000)
  to   space 1024K, 0% used [0x00000000da780000,0x00000000da780000,0x00000000da880000)
 ParOldGen       total 907264K, used 661339K [0x0000000080000000, 0x00000000b7600000, 0x00000000d5580000)
  object space 907264K, 72% used [0x0000000080000000,0x00000000a85d6cd8,0x00000000b7600000)
 Metaspace       used 95255K, committed 97088K, reserved 1179648K
  class space    used 9858K, committed 10688K, reserved 1048576K
}

