# JRE version: OpenJDK Runtime Environment Temurin-21.0.12.1+1 (21.0.12.1+1) (build 21.0.12.1+1-LTS)
# Java VM: OpenJDK 64-Bit Server VM Temurin-21.0.12.1+1 (21.0.12.1+1-LTS, mixed mode, sharing, tiered, compressed oops, compressed class ptrs, parallel gc, windows-amd64)
GC Precious Log:
 CardTable entry size: 512
 CPUs: 8 total, 8 available
 Memory: 3982M
 Large Page Support: Disabled
 NUMA Support: Disabled
 Compressed Oops: Enabled (Zero based)
 Alignments: Space 512K, Generation 512K, Heap 2M
 Heap Min Capacity: 100M
 Heap Initial Capacity: 100M
 Heap Max Capacity: 8G
 Pre-touch: Disabled
 Parallel Workers: 8
Heap:
 PSYoungGen      total 4096K, used 1236K [0x0000000755580000, 0x0000000755b80000, 0x0000000800000000)
  eden space 3584K, 28% used [0x0000000755580000,0x000000075567d050,0x0000000755900000)
  from space 512K, 43% used [0x0000000755b00000,0x0000000755b38000,0x0000000755b80000)
  to   space 1024K, 0% used [0x0000000755980000,0x0000000755980000,0x0000000755a80000)
 ParOldGen       total 467456K, used 467117K [0x0000000600000000, 0x000000061c880000, 0x0000000755580000)
  object space 467456K, 99% used [0x0000000600000000,0x000000061c82b7b0,0x000000061c880000)
 Metaspace       used 61553K, committed 62848K, reserved 1114112K
  class space    used 6290K, committed 6912K, reserved 1048576K
GC Heap History (20 events):
Event: 40.802 GC heap before
{Heap before GC invocations=735 (full 3):
 PSYoungGen      total 3072K, used 3046K [0x0000000755580000, 0x0000000755c00000, 0x0000000800000000)
  eden space 2560K, 100% used [0x0000000755580000,0x0000000755800000,0x0000000755800000)
  from space 512K, 94% used [0x0000000755880000,0x00000007558f9800,0x0000000755900000)
  to   space 2048K, 0% used [0x0000000755a00000,0x0000000755a00000,0x0000000755c00000)
 ParOldGen       total 449536K, used 449051K [0x0000000600000000, 0x000000061b700000, 0x0000000755580000)
  object space 449536K, 99% used [0x0000000600000000,0x000000061b686d70,0x000000061b700000)
 Metaspace       used 60949K, committed 62272K, reserved 1114112K
  class space    used 6235K, committed 6848K, reserved 1048576K
}
Event: 40.805 GC heap after
{Heap after GC invocations=735 (full 3):
 PSYoungGen      total 3584K, used 768K [0x0000000755580000, 0x0000000755b00000, 0x0000000800000000)
  eden space 2560K, 0% used [0x0000000755580000,0x0000000755580000,0x0000000755800000)
  from space 1024K, 75% used [0x0000000755a00000,0x0000000755ac0000,0x0000000755b00000)
  to   space 1024K, 0% used [0x0000000755900000,0x0000000755900000,0x0000000755a00000)
 ParOldGen       total 449536K, used 449195K [0x0000000600000000, 0x000000061b700000, 0x0000000755580000)
  object space 449536K, 99% used [0x0000000600000000,0x000000061b6aad70,0x000000061b700000)
 Metaspace       used 60949K, committed 62272K, reserved 1114112K
  class space    used 6235K, committed 6848K, reserved 1048576K
}
Event: 40.855 GC heap before
{Heap before GC invocations=736 (full 3):
 PSYoungGen      total 3584K, used 3328K [0x0000000755580000, 0x0000000755b00000, 0x0000000800000000)
  eden space 2560K, 100% used [0x0000000755580000,0x0000000755800000,0x0000000755800000)
  from space 1024K, 75% used [0x0000000755a00000,0x0000000755ac0000,0x0000000755b00000)
  to   space 1024K, 0% used [0x0000000755900000,0x0000000755900000,0x0000000755a00000)
 ParOldGen       total 449536K, used 449195K [0x0000000600000000, 0x000000061b700000, 0x0000000755580000)
  object space 449536K, 99% used [0x0000000600000000,0x000000061b6aad70,0x000000061b700000)
 Metaspace       used 60965K, committed 62272K, reserved 1114112K
  class space    used 6236K, committed 6848K, reserved 1048576K
}
Event: 40.858 GC heap after
{Heap after GC invocations=736 (full 3):
 PSYoungGen      total 3072K, used 480K [0x0000000755580000, 0x0000000755a80000, 0x0000000800000000)
  eden space 2560K, 0% used [0x0000000755580000,0x0000000755580000,0x0000000755800000)
  from space 512K, 93% used [0x0000000755900000,0x0000000755978000,0x0000000755980000)
  to   space 1024K, 0% used [0x0000000755980000,0x0000000755980000,0x0000000755a80000)
 ParOldGen       total 450048K, used 449847K [0x0000000600000000, 0x000000061b780000, 0x0000000755580000)
  object space 450048K, 99% used [0x0000000600000000,0x000000061b74de40,0x000000061b780000)
 Metaspace       used 60965K, committed 62272K, reserved 1114112K
  class space    used 6236K, committed 6848K, reserved 1048576K
}
Event: 40.919 GC heap before
{Heap before GC invocations=737 (full 3):
 PSYoungGen      total 3072K, used 3033K [0x0000000755580000, 0x0000000755a80000, 0x0000000800000000)
  eden space 2560K, 99% used [0x0000000755580000,0x00000007557fe700,0x0000000755800000)
  from space 512K, 93% used [0x0000000755900000,0x0000000755978000,0x0000000755980000)
  to   space 1024K, 0% used [0x0000000755980000,0x0000000755980000,0x0000000755a80000)
 ParOldGen       total 450048K, used 449847K [0x0000000600000000, 0x000000061b780000, 0x0000000755580000)
  object space 450048K, 99% used [0x0000000600000000,0x000000061b74de40,0x000000061b780000)
 Metaspace       used 60989K, committed 62272K, reserved 1114112K
  class space    used 6238K, committed 6848K, reserved 1048576K
}
Event: 40.922 GC heap after
{Heap after GC invocations=737 (full 3):
 PSYoungGen      total 3072K, used 416K [0x0000000755580000, 0x0000000755a00000, 0x0000000800000000)
  eden space 2560K, 0% used [0x0000000755580000,0x0000000755580000,0x0000000755800000)
  from space 512K, 81% used [0x0000000755980000,0x00000007559e8010,0x0000000755a00000)
  to   space 512K, 0% used [0x0000000755900000,0x0000000755900000,0x0000000755980000)
 ParOldGen       total 450560K, used 450100K [0x0000000600000000, 0x000000061b800000, 0x0000000755580000)
  object space 450560K, 99% used [0x0000000600000000,0x000000061b78d1c0,0x000000061b800000)
 Metaspace       used 60989K, committed 62272K, reserved 1114112K
  class space    used 6238K, committed 6848K, reserved 1048576K
}
Event: 40.933 GC heap before
{Heap before GC invocations=738 (full 3):
 PSYoungGen      total 3072K, used 2976K [0x0000000755580000, 0x0000000755a00000, 0x0000000800000000)
  eden space 2560K, 100% used [0x0000000755580000,0x0000000755800000,0x0000000755800000)
  from space 512K, 81% used [0x0000000755980000,0x00000007559e8010,0x0000000755a00000)
  to   space 512K, 0% used [0x0000000755900000,0x0000000755900000,0x0000000755980000)
 ParOldGen       total 450560K, used 450100K [0x0000000600000000, 0x000000061b800000, 0x0000000755580000)
  object space 450560K, 99% used [0x0000000600000000,0x000000061b78d1c0,0x000000061b800000)
 Metaspace       used 61002K, committed 62336K, reserved 1114112K
  class space    used 6240K, committed 6848K, reserved 1048576K
}
Event: 40.936 GC heap after
{Heap after GC invocations=738 (full 3):
 PSYoungGen      total 3072K, used 504K [0x0000000755580000, 0x0000000755b00000, 0x0000000800000000)
  eden space 2560K, 0% used [0x0000000755580000,0x0000000755580000,0x0000000755800000)
  from space 512K, 98% used [0x0000000755900000,0x000000075597e178,0x0000000755980000)
  to   space 1536K, 0% used [0x0000000755980000,0x0000000755980000,0x0000000755b00000)
 ParOldGen       total 451072K, used 450820K [0x0000000600000000, 0x000000061b880000, 0x0000000755580000)
  object space 451072K, 99% used [0x0000000600000000,0x000000061b8411d0,0x000000061b880000)
 Metaspace       used 61002K, committed 62336K, reserved 1114112K
  class space    used 6240K, committed 6848K, reserved 1048576K
}
Event: 40.948 GC heap before
{Heap before GC invocations=739 (full 3):
 PSYoungGen      total 3072K, used 3064K [0x0000000755580000, 0x0000000755b00000, 0x0000000800000000)
  eden space 2560K, 100% used [0x0000000755580000,0x0000000755800000,0x0000000755800000)
  from space 512K, 98% used [0x0000000755900000,0x000000075597e178,0x0000000755980000)
  to   space 1536K, 0% used [0x0000000755980000,0x0000000755980000,0x0000000755b00000)
 ParOldGen       total 451072K, used 450820K [0x0000000600000000, 0x000000061b880000, 0x0000000755580000)
  object space 451072K, 99% used [0x0000000600000000,0x000000061b8411d0,0x000000061b880000)
 Metaspace       used 61019K, committed 62336K, reserved 1114112K
  class space    used 6241K, committed 6848K, reserved 1048576K
}
Event: 40.951 GC heap after
{Heap after GC invocations=739 (full 3):
 PSYoungGen      total 3584K, used 896K [0x0000000755580000, 0x0000000755a80000, 0x0000000800000000)
  eden space 2560K, 0% used [0x0000000755580000,0x0000000755580000,0x0000000755800000)
  from space 1024K, 87% used [0x0000000755980000,0x0000000755a60000,0x0000000755a80000)
  to   space 1024K, 0% used [0x0000000755880000,0x0000000755880000,0x0000000755980000)
 ParOldGen       total 451584K, used 451304K [0x0000000600000000, 0x000000061b900000, 0x0000000755580000)
  object space 451584K, 99% used [0x0000000600000000,0x000000061b8ba2b0,0x000000061b900000)
 Metaspace       used 61019K, committed 62336K, reserved 1114112K
  class space    used 6241K, committed 6848K, reserved 1048576K
}
Event: 40.979 GC heap before
{Heap before GC invocations=740 (full 3):
 PSYoungGen      total 3584K, used 3456K [0x0000000755580000, 0x0000000755a80000, 0x0000000800000000)
  eden space 2560K, 100% used [0x0000000755580000,0x0000000755800000,0x0000000755800000)
  from space 1024K, 87% used [0x0000000755980000,0x0000000755a60000,0x0000000755a80000)
  to   space 1024K, 0% used [0x0000000755880000,0x0000000755880000,0x0000000755980000)
 ParOldGen       total 451584K, used 451304K [0x0000000600000000, 0x000000061b900000, 0x0000000755580000)
  object space 451584K, 99% used [0x0000000600000000,0x000000061b8ba2b0,0x000000061b900000)
 Metaspace       used 61027K, committed 62336K, reserved 1114112K
  class space    used 6242K, committed 6848K, reserved 1048576K
}
Event: 40.985 GC heap after
{Heap after GC invocations=740 (full 3):
 PSYoungGen      total 3584K, used 960K [0x0000000755580000, 0x0000000755a00000, 0x0000000800000000)
  eden space 2560K, 0% used [0x0000000755580000,0x0000000755580000,0x0000000755800000)
  from space 1024K, 93% used [0x0000000755880000,0x0000000755970000,0x0000000755980000)
  to   space 512K, 0% used [0x0000000755980000,0x0000000755980000,0x0000000755a00000)
 ParOldGen       total 452608K, used 452112K [0x0000000600000000, 0x000000061ba00000, 0x0000000755580000)
  object space 452608K, 99% used [0x0000000600000000,0x000000061b9842b0,0x000000061ba00000)
 Metaspace       used 61027K, committed 62336K, reserved 1114112K
  class space    used 6242K, committed 6848K, reserved 1048576K
}
Event: 41.002 GC heap before
{Heap before GC invocations=741 (full 3):
 PSYoungGen      total 3584K, used 3480K [0x0000000755580000, 0x0000000755a00000, 0x0000000800000000)
  eden space 2560K, 98% used [0x0000000755580000,0x00000007557f6318,0x0000000755800000)
  from space 1024K, 93% used [0x0000000755880000,0x0000000755970000,0x0000000755980000)
  to   space 512K, 0% used [0x0000000755980000,0x0000000755980000,0x0000000755a00000)
 ParOldGen       total 452608K, used 452112K [0x0000000600000000, 0x000000061ba00000, 0x0000000755580000)
  object space 452608K, 99% used [0x0000000600000000,0x000000061b9842b0,0x000000061ba00000)
 Metaspace       used 61030K, committed 62336K, reserved 1114112K
  class space    used 6242K, committed 6848K, reserved 1048576K
}
Event: 41.008 GC heap after
{Heap after GC invocations=741 (full 3):
 PSYoungGen      total 2048K, used 501K [0x0000000755580000, 0x0000000755d00000, 0x0000000800000000)
  eden space 1536K, 0% used [0x0000000755580000,0x0000000755580000,0x0000000755700000)
  from space 512K, 97% used [0x0000000755980000,0x00000007559fd560,0x0000000755a00000)
  to   space 2560K, 0% used [0x0000000755700000,0x0000000755700000,0x0000000755980000)
 ParOldGen       total 453632K, used 453552K [0x0000000600000000, 0x000000061bb00000, 0x0000000755580000)
  object space 453632K, 99% used [0x0000000600000000,0x000000061baec2b0,0x000000061bb00000)
 Metaspace       used 61030K, committed 62336K, reserved 1114112K
  class space    used 6242K, committed 6848K, reserved 1048576K
}
Event: 41.022 GC heap before
{Heap before GC invocations=742 (full 3):
 PSYoungGen      total 2048K, used 2037K [0x0000000755580000, 0x0000000755d00000, 0x0000000800000000)
  eden space 1536K, 100% used [0x0000000755580000,0x0000000755700000,0x0000000755700000)
  from space 512K, 97% used [0x0000000755980000,0x00000007559fd560,0x0000000755a00000)
  to   space 2560K, 0% used [0x0000000755700000,0x0000000755700000,0x0000000755980000)
 ParOldGen       total 453632K, used 453552K [0x0000000600000000, 0x000000061bb00000, 0x0000000755580000)
  object space 453632K, 99% used [0x0000000600000000,0x000000061baec2b0,0x000000061bb00000)
 Metaspace       used 61035K, committed 62336K, reserved 1114112K
  class space    used 6243K, committed 6848K, reserved 1048576K
}
Event: 41.031 GC heap after
{Heap after GC invocations=742 (full 3):
 PSYoungGen      total 4096K, used 1601K [0x0000000755580000, 0x0000000755b80000, 0x0000000800000000)
  eden space 1536K, 0% used [0x0000000755580000,0x0000000755580000,0x0000000755700000)
  from space 2560K, 62% used [0x0000000755700000,0x0000000755890630,0x0000000755980000)
  to   space 2048K, 0% used [0x0000000755980000,0x0000000755980000,0x0000000755b80000)
 ParOldGen       total 454144K, used 453998K [0x0000000600000000, 0x000000061bb80000, 0x0000000755580000)
  object space 454144K, 99% used [0x0000000600000000,0x000000061bb5b810,0x000000061bb80000)
 Metaspace       used 61035K, committed 62336K, reserved 1114112K
  class space    used 6243K, committed 6848K, reserved 1048576K
}
Event: 41.046 GC heap before
{Heap before GC invocations=743 (full 3):
 PSYoungGen      total 4096K, used 3137K [0x0000000755580000, 0x0000000755b80000, 0x0000000800000000)
  eden space 1536K, 100% used [0x0000000755580000,0x0000000755700000,0x0000000755700000)
  from space 2560K, 62% used [0x0000000755700000,0x0000000755890630,0x0000000755980000)
  to   space 2048K, 0% used [0x0000000755980000,0x0000000755980000,0x0000000755b80000)
 ParOldGen       total 454144K, used 453998K [0x0000000600000000, 0x000000061bb80000, 0x0000000755580000)
  object space 454144K, 99% used [0x0000000600000000,0x000000061bb5b810,0x000000061bb80000)
 Metaspace       used 61051K, committed 62336K, reserved 1114112K
  class space    used 6246K, committed 6848K, reserved 1048576K
}
Event: 41.051 GC heap after
{Heap after GC invocations=743 (full 3):
 PSYoungGen      total 4096K, used 1485K [0x0000000755580000, 0x0000000755b80000, 0x0000000800000000)
  eden space 2048K, 0% used [0x0000000755580000,0x0000000755580000,0x0000000755780000)
  from space 2048K, 72% used [0x0000000755980000,0x0000000755af3500,0x0000000755b80000)
  to   space 2048K, 0% used [0x0000000755780000,0x0000000755780000,0x0000000755980000)
 ParOldGen       total 455680K, used 455527K [0x0000000600000000, 0x000000061bd00000, 0x0000000755580000)
  object space 455680K, 99% used [0x0000000600000000,0x000000061bcd9e40,0x000000061bd00000)
 Metaspace       used 61051K, committed 62336K, reserved 1114112K
  class space    used 6246K, committed 6848K, reserved 1048576K
}
Event: 41.068 GC heap before
{Heap before GC invocations=744 (full 3):
 PSYoungGen      total 4096K, used 3533K [0x0000000755580000, 0x0000000755b80000, 0x0000000800000000)
  eden space 2048K, 100% used [0x0000000755580000,0x0000000755780000,0x0000000755780000)
  from space 2048K, 72% used [0x0000000755980000,0x0000000755af3500,0x0000000755b80000)
  to   space 2048K, 0% used [0x0000000755780000,0x0000000755780000,0x0000000755980000)
 ParOldGen       total 455680K, used 455527K [0x0000000600000000, 0x000000061bd00000, 0x0000000755580000)
  object space 455680K, 99% used [0x0000000600000000,0x000000061bcd9e40,0x000000061bd00000)
 Metaspace       used 61118K, committed 62400K, reserved 1114112K
  class space    used 6249K, committed 6848K, reserved 1048576K
}
Event: 42.137 GC heap after
{Heap after GC invocations=744 (full 3):
 PSYoungGen      total 4096K, used 1856K [0x0000000755580000, 0x0000000755c00000, 0x0000000800000000)
  eden space 2048K, 0% used [0x0000000755580000,0x0000000755580000,0x0000000755780000)
  from space 2048K, 90% used [0x0000000755780000,0x0000000755950000,0x0000000755980000)
  to   space 2048K, 0% used [0x0000000755a00000,0x0000000755a00000,0x0000000755c00000)
 ParOldGen       total 457216K, used 456831K [0x0000000600000000, 0x000000061be80000, 0x0000000755580000)
  object space 457216K, 99% used [0x0000000600000000,0x000000061be1fe40,0x000000061be80000)
 Metaspace       used 61118K, committed 62400K, reserved 1114112K
  class space    used 6249K, committed 6848K, reserved 1048576K
}

