# JRE version: OpenJDK Runtime Environment Temurin-21.0.12.1+1 (21.0.12.1+1) (build 21.0.12.1+1-LTS)
# Java VM: OpenJDK 64-Bit Server VM Temurin-21.0.12.1+1 (21.0.12.1+1-LTS, mixed mode, sharing, tiered, compressed oops, compressed class ptrs, parallel gc, windows-amd64)
GC Precious Log:
 CardTable entry size: 512
 CPUs: 8 total, 8 available
 Memory: 3982M
 Large Page Support: Disabled
 NUMA Support: Disabled
 Compressed Oops: Enabled (32-bit)
 Alignments: Space 512K, Generation 512K, Heap 2M
 Heap Min Capacity: 100M
 Heap Initial Capacity: 100M
 Heap Max Capacity: 2G
 Pre-touch: Disabled
 Parallel Workers: 8
Heap:
 PSYoungGen      total 14336K, used 14239K [0x00000000d5580000, 0x00000000d6a00000, 0x0000000100000000)
  eden space 11264K, 99% used [0x00000000d5580000,0x00000000d606eb18,0x00000000d6080000)
  from space 3072K, 99% used [0x00000000d6700000,0x00000000d69f9250,0x00000000d6a00000)
  to   space 4608K, 0% used [0x00000000d6100000,0x00000000d6100000,0x00000000d6580000)
 ParOldGen       total 820224K, used 778669K [0x0000000080000000, 0x00000000b2100000, 0x00000000d5580000)
  object space 820224K, 94% used [0x0000000080000000,0x00000000af86b6c0,0x00000000b2100000)
 Metaspace       used 83188K, committed 85056K, reserved 1179648K
  class space    used 9113K, committed 9920K, reserved 1048576K
GC Heap History (20 events):
Event: 3281.624 GC heap before
{Heap before GC invocations=192 (full 3):
 PSYoungGen      total 11776K, used 6810K [0x00000000d5580000, 0x00000000d6680000, 0x0000000100000000)
  eden space 9728K, 51% used [0x00000000d5580000,0x00000000d5a5d898,0x00000000d5f00000)
  from space 2048K, 89% used [0x00000000d6480000,0x00000000d6649210,0x00000000d6680000)
  to   space 2048K, 0% used [0x00000000d6280000,0x00000000d6280000,0x00000000d6480000)
 ParOldGen       total 887296K, used 887290K [0x0000000080000000, 0x00000000b6280000, 0x00000000d5580000)
  object space 887296K, 99% used [0x0000000080000000,0x00000000b627eae8,0x00000000b6280000)
 Metaspace       used 83428K, committed 84992K, reserved 1179648K
  class space    used 9219K, committed 9920K, reserved 1048576K
}
Event: 3281.892 GC heap after
{Heap after GC invocations=192 (full 3):
 PSYoungGen      total 10752K, used 576K [0x00000000d5580000, 0x00000000d6500000, 0x0000000100000000)
  eden space 9728K, 0% used [0x00000000d5580000,0x00000000d5580000,0x00000000d5f00000)
  from space 1024K, 56% used [0x00000000d6280000,0x00000000d6310000,0x00000000d6380000)
  to   space 1536K, 0% used [0x00000000d6380000,0x00000000d6380000,0x00000000d6500000)
 ParOldGen       total 889344K, used 888951K [0x0000000080000000, 0x00000000b6480000, 0x00000000d5580000)
  object space 889344K, 99% used [0x0000000080000000,0x00000000b641df50,0x00000000b6480000)
 Metaspace       used 83428K, committed 84992K, reserved 1179648K
  class space    used 9219K, committed 9920K, reserved 1048576K
}
Event: 3281.892 GC heap before
{Heap before GC invocations=193 (full 3):
 PSYoungGen      total 10752K, used 576K [0x00000000d5580000, 0x00000000d6500000, 0x0000000100000000)
  eden space 9728K, 0% used [0x00000000d5580000,0x00000000d5580000,0x00000000d5f00000)
  from space 1024K, 56% used [0x00000000d6280000,0x00000000d6310000,0x00000000d6380000)
  to   space 1536K, 0% used [0x00000000d6380000,0x00000000d6380000,0x00000000d6500000)
 ParOldGen       total 889344K, used 888951K [0x0000000080000000, 0x00000000b6480000, 0x00000000d5580000)
  object space 889344K, 99% used [0x0000000080000000,0x00000000b641df50,0x00000000b6480000)
 Metaspace       used 83428K, committed 84992K, reserved 1179648K
  class space    used 9219K, committed 9920K, reserved 1048576K
}
Event: 3281.896 GC heap after
{Heap after GC invocations=193 (full 3):
 PSYoungGen      total 12288K, used 0K [0x00000000d5580000, 0x00000000d6400000, 0x0000000100000000)
  eden space 11776K, 0% used [0x00000000d5580000,0x00000000d5580000,0x00000000d6100000)
  from space 512K, 0% used [0x00000000d6380000,0x00000000d6380000,0x00000000d6400000)
  to   space 512K, 0% used [0x00000000d6300000,0x00000000d6300000,0x00000000d6380000)
 ParOldGen       total 889856K, used 889490K [0x0000000080000000, 0x00000000b6500000, 0x00000000d5580000)
  object space 889856K, 99% used [0x0000000080000000,0x00000000b64a49d0,0x00000000b6500000)
 Metaspace       used 83428K, committed 84992K, reserved 1179648K
  class space    used 9219K, committed 9920K, reserved 1048576K
}
Event: 3281.896 GC heap before
{Heap before GC invocations=194 (full 4):
 PSYoungGen      total 12288K, used 0K [0x00000000d5580000, 0x00000000d6400000, 0x0000000100000000)
  eden space 11776K, 0% used [0x00000000d5580000,0x00000000d5580000,0x00000000d6100000)
  from space 512K, 0% used [0x00000000d6380000,0x00000000d6380000,0x00000000d6400000)
  to   space 512K, 0% used [0x00000000d6300000,0x00000000d6300000,0x00000000d6380000)
 ParOldGen       total 889856K, used 889490K [0x0000000080000000, 0x00000000b6500000, 0x00000000d5580000)
  object space 889856K, 99% used [0x0000000080000000,0x00000000b64a49d0,0x00000000b6500000)
 Metaspace       used 83428K, committed 84992K, reserved 1179648K
  class space    used 9219K, committed 9920K, reserved 1048576K
}
Event: 3298.741 GC heap after
{Heap after GC invocations=194 (full 4):
 PSYoungGen      total 14336K, used 0K [0x00000000d5580000, 0x00000000d6480000, 0x0000000100000000)
  eden space 13824K, 0% used [0x00000000d5580000,0x00000000d5580000,0x00000000d6300000)
  from space 512K, 0% used [0x00000000d6300000,0x00000000d6300000,0x00000000d6380000)
  to   space 512K, 0% used [0x00000000d6400000,0x00000000d6400000,0x00000000d6480000)
 ParOldGen       total 802304K, used 774600K [0x0000000080000000, 0x00000000b0f80000, 0x00000000d5580000)
  object space 802304K, 96% used [0x0000000080000000,0x00000000af4722a0,0x00000000b0f80000)
 Metaspace       used 82989K, committed 84992K, reserved 1179648K
  class space    used 9108K, committed 9920K, reserved 1048576K
}
Event: 3300.758 GC heap before
{Heap before GC invocations=195 (full 4):
 PSYoungGen      total 14336K, used 0K [0x00000000d5580000, 0x00000000d6480000, 0x0000000100000000)
  eden space 13824K, 0% used [0x00000000d5580000,0x00000000d5580000,0x00000000d6300000)
  from space 512K, 0% used [0x00000000d6300000,0x00000000d6300000,0x00000000d6380000)
  to   space 512K, 0% used [0x00000000d6400000,0x00000000d6400000,0x00000000d6480000)
 ParOldGen       total 802304K, used 774600K [0x0000000080000000, 0x00000000b0f80000, 0x00000000d5580000)
  object space 802304K, 96% used [0x0000000080000000,0x00000000af4722a0,0x00000000b0f80000)
 Metaspace       used 82989K, committed 84992K, reserved 1179648K
  class space    used 9108K, committed 9920K, reserved 1048576K
}
Event: 3300.805 GC heap after
{Heap after GC invocations=195 (full 4):
 PSYoungGen      total 14336K, used 0K [0x00000000d5580000, 0x00000000d6480000, 0x0000000100000000)
  eden space 13824K, 0% used [0x00000000d5580000,0x00000000d5580000,0x00000000d6300000)
  from space 512K, 0% used [0x00000000d6400000,0x00000000d6400000,0x00000000d6480000)
  to   space 512K, 0% used [0x00000000d6300000,0x00000000d6300000,0x00000000d6380000)
 ParOldGen       total 802304K, used 774600K [0x0000000080000000, 0x00000000b0f80000, 0x00000000d5580000)
  object space 802304K, 96% used [0x0000000080000000,0x00000000af4722a0,0x00000000b0f80000)
 Metaspace       used 82989K, committed 84992K, reserved 1179648K
  class space    used 9108K, committed 9920K, reserved 1048576K
}
Event: 3300.805 GC heap before
{Heap before GC invocations=196 (full 5):
 PSYoungGen      total 14336K, used 0K [0x00000000d5580000, 0x00000000d6480000, 0x0000000100000000)
  eden space 13824K, 0% used [0x00000000d5580000,0x00000000d5580000,0x00000000d6300000)
  from space 512K, 0% used [0x00000000d6400000,0x00000000d6400000,0x00000000d6480000)
  to   space 512K, 0% used [0x00000000d6300000,0x00000000d6300000,0x00000000d6380000)
 ParOldGen       total 802304K, used 774600K [0x0000000080000000, 0x00000000b0f80000, 0x00000000d5580000)
  object space 802304K, 96% used [0x0000000080000000,0x00000000af4722a0,0x00000000b0f80000)
 Metaspace       used 82989K, committed 84992K, reserved 1179648K
  class space    used 9108K, committed 9920K, reserved 1048576K
}
Event: 3317.635 GC heap after
{Heap after GC invocations=196 (full 5):
 PSYoungGen      total 14336K, used 0K [0x00000000d5580000, 0x00000000d6500000, 0x0000000100000000)
  eden space 13824K, 0% used [0x00000000d5580000,0x00000000d5580000,0x00000000d6300000)
  from space 512K, 0% used [0x00000000d6300000,0x00000000d6300000,0x00000000d6380000)
  to   space 512K, 0% used [0x00000000d6480000,0x00000000d6480000,0x00000000d6500000)
 ParOldGen       total 820224K, used 772955K [0x0000000080000000, 0x00000000b2100000, 0x00000000d5580000)
  object space 820224K, 94% used [0x0000000080000000,0x00000000af2d6ef0,0x00000000b2100000)
 Metaspace       used 82897K, committed 84992K, reserved 1179648K
  class space    used 9084K, committed 9920K, reserved 1048576K
}
Event: 3358.700 GC heap before
{Heap before GC invocations=197 (full 5):
 PSYoungGen      total 14336K, used 13105K [0x00000000d5580000, 0x00000000d6500000, 0x0000000100000000)
  eden space 13824K, 94% used [0x00000000d5580000,0x00000000d624c6e8,0x00000000d6300000)
  from space 512K, 0% used [0x00000000d6300000,0x00000000d6300000,0x00000000d6380000)
  to   space 512K, 0% used [0x00000000d6480000,0x00000000d6480000,0x00000000d6500000)
 ParOldGen       total 820224K, used 772955K [0x0000000080000000, 0x00000000b2100000, 0x00000000d5580000)
  object space 820224K, 94% used [0x0000000080000000,0x00000000af2d6ef0,0x00000000b2100000)
 Metaspace       used 83017K, committed 84992K, reserved 1179648K
  class space    used 9101K, committed 9920K, reserved 1048576K
}
Event: 3358.768 GC heap after
{Heap after GC invocations=197 (full 5):
 PSYoungGen      total 11264K, used 489K [0x00000000d5580000, 0x00000000d6d00000, 0x0000000100000000)
  eden space 10752K, 0% used [0x00000000d5580000,0x00000000d5580000,0x00000000d6000000)
  from space 512K, 95% used [0x00000000d6480000,0x00000000d64fa700,0x00000000d6500000)
  to   space 4608K, 0% used [0x00000000d6000000,0x00000000d6000000,0x00000000d6480000)
 ParOldGen       total 820224K, used 776144K [0x0000000080000000, 0x00000000b2100000, 0x00000000d5580000)
  object space 820224K, 94% used [0x0000000080000000,0x00000000af5f41e0,0x00000000b2100000)
 Metaspace       used 83017K, committed 84992K, reserved 1179648K
  class space    used 9101K, committed 9920K, reserved 1048576K
}
Event: 3360.949 GC heap before
{Heap before GC invocations=198 (full 5):
 PSYoungGen      total 11264K, used 11235K [0x00000000d5580000, 0x00000000d6d00000, 0x0000000100000000)
  eden space 10752K, 99% used [0x00000000d5580000,0x00000000d5ffe548,0x00000000d6000000)
  from space 512K, 95% used [0x00000000d6480000,0x00000000d64fa700,0x00000000d6500000)
  to   space 4608K, 0% used [0x00000000d6000000,0x00000000d6000000,0x00000000d6480000)
 ParOldGen       total 820224K, used 776144K [0x0000000080000000, 0x00000000b2100000, 0x00000000d5580000)
  object space 820224K, 94% used [0x0000000080000000,0x00000000af5f41e0,0x00000000b2100000)
 Metaspace       used 83067K, committed 84992K, reserved 1179648K
  class space    used 9110K, committed 9920K, reserved 1048576K
}
Event: 3361.040 GC heap after
{Heap after GC invocations=198 (full 5):
 PSYoungGen      total 15360K, used 4366K [0x00000000d5580000, 0x00000000d6a80000, 0x0000000100000000)
  eden space 10752K, 0% used [0x00000000d5580000,0x00000000d5580000,0x00000000d6000000)
  from space 4608K, 94% used [0x00000000d6000000,0x00000000d64439d8,0x00000000d6480000)
  to   space 5120K, 0% used [0x00000000d6580000,0x00000000d6580000,0x00000000d6a80000)
 ParOldGen       total 820224K, used 776643K [0x0000000080000000, 0x00000000b2100000, 0x00000000d5580000)
  object space 820224K, 94% used [0x0000000080000000,0x00000000af670c40,0x00000000b2100000)
 Metaspace       used 83067K, committed 84992K, reserved 1179648K
  class space    used 9110K, committed 9920K, reserved 1048576K
}
Event: 3361.470 GC heap before
{Heap before GC invocations=199 (full 5):
 PSYoungGen      total 15360K, used 15118K [0x00000000d5580000, 0x00000000d6a80000, 0x0000000100000000)
  eden space 10752K, 100% used [0x00000000d5580000,0x00000000d6000000,0x00000000d6000000)
  from space 4608K, 94% used [0x00000000d6000000,0x00000000d64439d8,0x00000000d6480000)
  to   space 5120K, 0% used [0x00000000d6580000,0x00000000d6580000,0x00000000d6a80000)
 ParOldGen       total 820224K, used 776643K [0x0000000080000000, 0x00000000b2100000, 0x00000000d5580000)
  object space 820224K, 94% used [0x0000000080000000,0x00000000af670c40,0x00000000b2100000)
 Metaspace       used 83100K, committed 84992K, reserved 1179648K
  class space    used 9111K, committed 9920K, reserved 1048576K
}
Event: 3361.487 GC heap after
{Heap after GC invocations=199 (full 5):
 PSYoungGen      total 15872K, used 5030K [0x00000000d5580000, 0x00000000d6b80000, 0x0000000100000000)
  eden space 10752K, 0% used [0x00000000d5580000,0x00000000d5580000,0x00000000d6000000)
  from space 5120K, 98% used [0x00000000d6580000,0x00000000d6a69850,0x00000000d6a80000)
  to   space 5632K, 0% used [0x00000000d6000000,0x00000000d6000000,0x00000000d6580000)
 ParOldGen       total 820224K, used 776643K [0x0000000080000000, 0x00000000b2100000, 0x00000000d5580000)
  object space 820224K, 94% used [0x0000000080000000,0x00000000af670c40,0x00000000b2100000)
 Metaspace       used 83100K, committed 84992K, reserved 1179648K
  class space    used 9111K, committed 9920K, reserved 1048576K
}
Event: 3361.638 GC heap before
{Heap before GC invocations=200 (full 5):
 PSYoungGen      total 15872K, used 15782K [0x00000000d5580000, 0x00000000d6b80000, 0x0000000100000000)
  eden space 10752K, 99% used [0x00000000d5580000,0x00000000d5ffffb0,0x00000000d6000000)
  from space 5120K, 98% used [0x00000000d6580000,0x00000000d6a69850,0x00000000d6a80000)
  to   space 5632K, 0% used [0x00000000d6000000,0x00000000d6000000,0x00000000d6580000)
 ParOldGen       total 820224K, used 776643K [0x0000000080000000, 0x00000000b2100000, 0x00000000d5580000)
  object space 820224K, 94% used [0x0000000080000000,0x00000000af670c40,0x00000000b2100000)
 Metaspace       used 83149K, committed 84992K, reserved 1179648K
  class space    used 9112K, committed 9920K, reserved 1048576K
}
Event: 3361.645 GC heap after
{Heap after GC invocations=200 (full 5):
 PSYoungGen      total 16384K, used 5629K [0x00000000d5580000, 0x00000000d6d80000, 0x0000000100000000)
  eden space 10752K, 0% used [0x00000000d5580000,0x00000000d5580000,0x00000000d6000000)
  from space 5632K, 99% used [0x00000000d6000000,0x00000000d657f7d0,0x00000000d6580000)
  to   space 6656K, 0% used [0x00000000d6700000,0x00000000d6700000,0x00000000d6d80000)
 ParOldGen       total 820224K, used 777147K [0x0000000080000000, 0x00000000b2100000, 0x00000000d5580000)
  object space 820224K, 94% used [0x0000000080000000,0x00000000af6eec40,0x00000000b2100000)
 Metaspace       used 83149K, committed 84992K, reserved 1179648K
  class space    used 9112K, committed 9920K, reserved 1048576K
}
Event: 3399.646 GC heap before
{Heap before GC invocations=201 (full 5):
 PSYoungGen      total 16384K, used 16381K [0x00000000d5580000, 0x00000000d6d80000, 0x0000000100000000)
  eden space 10752K, 100% used [0x00000000d5580000,0x00000000d6000000,0x00000000d6000000)
  from space 5632K, 99% used [0x00000000d6000000,0x00000000d657f7d0,0x00000000d6580000)
  to   space 6656K, 0% used [0x00000000d6700000,0x00000000d6700000,0x00000000d6d80000)
 ParOldGen       total 820224K, used 777147K [0x0000000080000000, 0x00000000b2100000, 0x00000000d5580000)
  object space 820224K, 94% used [0x0000000080000000,0x00000000af6eec40,0x00000000b2100000)
 Metaspace       used 83169K, committed 84992K, reserved 1179648K
  class space    used 9113K, committed 9920K, reserved 1048576K
}
Event: 3399.828 GC heap after
{Heap after GC invocations=201 (full 5):
 PSYoungGen      total 14336K, used 3044K [0x00000000d5580000, 0x00000000d6a00000, 0x0000000100000000)
  eden space 11264K, 0% used [0x00000000d5580000,0x00000000d5580000,0x00000000d6080000)
  from space 3072K, 99% used [0x00000000d6700000,0x00000000d69f9250,0x00000000d6a00000)
  to   space 4608K, 0% used [0x00000000d6100000,0x00000000d6100000,0x00000000d6580000)
 ParOldGen       total 820224K, used 778669K [0x0000000080000000, 0x00000000b2100000, 0x00000000d5580000)
  object space 820224K, 94% used [0x0000000080000000,0x00000000af86b6c0,0x00000000b2100000)
 Metaspace       used 83169K, committed 84992K, reserved 1179648K
  class space    used 9113K, committed 9920K, reserved 1048576K
}

